<?xml version="1.0" encoding="UTF-8" ?>
<testsuite errors="0" failures="0" hostname="ISS204646" name="com.burritopos.service.test.BCryptTestCase" skipped="0" tests="6" time="18.107" timestamp="2013-07-25T14:03:20">
  <properties>
    <property name="java.vendor" value="Oracle Corporation" />
    <property name="lib.dir" value="C:\Users\james.bloom\workspace\BurritoPOS\lib" />
    <property name="sun.java.launcher" value="SUN_STANDARD" />
    <property name="sun.management.compiler" value="HotSpot 64-Bit Tiered Compilers" />
    <property name="os.name" value="Windows 7" />
    <property name="sun.boot.class.path" value="C:\Program Files\Java\jdk1.7.0_11\jre\lib\resources.jar;C:\Program Files\Java\jdk1.7.0_11\jre\lib\rt.jar;C:\Program Files\Java\jdk1.7.0_11\jre\lib\sunrsasign.jar;C:\Program Files\Java\jdk1.7.0_11\jre\lib\jsse.jar;C:\Program Files\Java\jdk1.7.0_11\jre\lib\jce.jar;C:\Program Files\Java\jdk1.7.0_11\jre\lib\charsets.jar;C:\Program Files\Java\jdk1.7.0_11\jre\lib\jfr.jar;C:\Program Files\Java\jdk1.7.0_11\jre\classes" />
    <property name="sun.desktop" value="windows" />
    <property name="java.vm.specification.vendor" value="Oracle Corporation" />
    <property name="ant.home" value="C:\Program Files (x86)\ant\bin\.." />
    <property name="java.runtime.version" value="1.7.0_11-b21" />
    <property name="user.name" value="james.bloom" />
    <property name="build.dir" value="C:\Users\james.bloom\workspace\BurritoPOS\build" />
    <property name="user.language" value="en" />
    <property name="sun.boot.library.path" value="C:\Program Files\Java\jdk1.7.0_11\jre\bin" />
    <property name="ant.project.default-target" value="runjar" />
    <property name="ant.project.name" value="BurritoPOSClient" />
    <property name="java.version" value="1.7.0_11" />
    <property name="user.timezone" value="" />
    <property name="sun.arch.data.model" value="64" />
    <property name="java.endorsed.dirs" value="C:\Program Files\Java\jdk1.7.0_11\jre\lib\endorsed" />
    <property name="sun.cpu.isalist" value="amd64" />
    <property name="sun.jnu.encoding" value="Cp1252" />
    <property name="file.encoding.pkg" value="sun.io" />
    <property name="ant.file.BurritoPOSClient" value="C:\Users\james.bloom\workspace\BurritoPOS\build.xml" />
    <property name="file.separator" value="\" />
    <property name="java.specification.name" value="Java Platform API Specification" />
    <property name="java.class.version" value="51.0" />
    <property name="user.country" value="US" />
    <property name="java.home" value="C:\Program Files\Java\jdk1.7.0_11\jre" />
    <property name="java.vm.info" value="mixed mode" />
    <property name="ant.file" value="C:\Users\james.bloom\workspace\BurritoPOS\build.xml" />
    <property name="os.version" value="6.1" />
    <property name="path.separator" value=";" />
    <property name="java.vm.version" value="23.6-b04" />
    <property name="report.dir" value="C:\Users\james.bloom\workspace\BurritoPOS\build\report" />
    <property name="user.variant" value="" />
    <property name="ant.library.dir" value="C:\Program Files (x86)\ant\lib" />
    <property name="java.awt.printerjob" value="sun.awt.windows.WPrinterJob" />
    <property name="sun.io.unicode.encoding" value="UnicodeLittle" />
    <property name="awt.toolkit" value="sun.awt.windows.WToolkit" />
    <property name="user.script" value="" />
    <property name="user.home" value="C:\Users\james.bloom" />
    <property name="java.specification.vendor" value="Oracle Corporation" />
    <property name="java.library.path" value="C:\Program Files\Java\jdk1.7.0_11\bin;C:\Windows\Sun\Java\bin;C:\Windows\system32;C:\Windows;C:\Ruby193\bin;C:\Program Files (x86)\SemanticDesigns\DMS\Executables;C:\Windows\system32;C:\Windows;C:\Windows\System32\Wbem;C:\Windows\System32\WindowsPowerShell\v1.0\;C:\Program Files\WIDCOMM\Bluetooth Software\;C:\Program Files\WIDCOMM\Bluetooth Software\syswow64;C:\Program Files\Intel\WiFi\bin\;C:\Program Files\Common Files\Intel\WirelessCommon\;C:\Program Files (x86)\Common Files\Roxio Shared\DLLShared\;C:\Program Files (x86)\Common Files\Roxio Shared\10.0\DLLShared\;C:\Program Files\Windows Imaging\;C:\Program Files\TortoiseSVN\bin;C:\Program Files (x86)\Microsoft SQL Server\100\Tools\Binn\;C:\Program Files\Microsoft SQL Server\100\Tools\Binn\;C:\Program Files\Microsoft SQL Server\100\DTS\Binn\;C:\Program Files (x86)\Calibre2\;C:\Program Files (x86)\Git\cmd;c:\program files\java\jdk1.7.0_11\bin;c:\cep\mule\bin;c:\cep\hornetq\bin;c:\cep\tomcat\bin;c:\cep\maven\bin;c:\cep\mongodb\bin;C:\Program Files (x86)\GNU\GnuPG\pub;C:\Program Files (x86)\ant\bin;C:\Program Files\TortoiseGit\bin;C:\Program Files\Calibre2\;C:\Program Files (x86)\SemanticDesigns\DMS\Executables;C:\Windows\system32;C:\Windows;C:\Windows\System32\Wbem;C:\Windows\System32\WindowsPowerShell\v1.0\;C:\Program Files\WIDCOMM\Bluetooth Software\;C:\Program Files\WIDCOMM\Bluetooth Software\syswow64;C:\Program Files\Intel\WiFi\bin\;C:\Program Files\Common Files\Intel\WirelessCommon\;C:\Program Files (x86)\Common Files\Roxio Shared\DLLShared\;C:\Program Files (x86)\Common Files\Roxio Shared\10.0\DLLShared\;C:\Program Files\Windows Imaging\;C:\Program Files\TortoiseSVN\bin;C:\Program Files (x86)\Microsoft SQL Server\100\Tools\Binn\;C:\Program Files\Microsoft SQL Server\100\Tools\Binn\;C:\Program Files\Microsoft SQL Server\100\DTS\Binn\;C:\Program Files (x86)\Calibre2\;C:\Program Files (x86)\Git\cmd;C:\Program Files\TortoiseGit\bin;C:\Program Files\Java\jdk1.7.0_11\bin;C:\cep\mule\bin;%HORNET_HOME%\bin;C:/cep/tomcat\bin;C:\cep\maven\bin;C:\cep\mongodb\bin;C:\Program Files (x86)\ant\bin;." />
    <property name="java.vendor.url" value="http://java.oracle.com/" />
    <property name="bin.dir" value="C:\Users\james.bloom\workspace\BurritoPOS\bin" />
    <property name="java.vm.vendor" value="Oracle Corporation" />
    <property name="java.runtime.name" value="Java(TM) SE Runtime Environment" />
    <property name="sun.java.command" value="org.apache.tools.ant.launch.Launcher -d -v" />
    <property name="java.class.path" value="C:\Program Files (x86)\ant\bin\..\lib\ant-launcher.jar;C:\Program Files (x86)\ant\lib\ant-antlr.jar;C:\Program Files (x86)\ant\lib\ant-apache-bcel.jar;C:\Program Files (x86)\ant\lib\ant-apache-bsf.jar;C:\Program Files (x86)\ant\lib\ant-apache-log4j.jar;C:\Program Files (x86)\ant\lib\ant-apache-oro.jar;C:\Program Files (x86)\ant\lib\ant-apache-regexp.jar;C:\Program Files (x86)\ant\lib\ant-apache-resolver.jar;C:\Program Files (x86)\ant\lib\ant-apache-xalan2.jar;C:\Program Files (x86)\ant\lib\ant-commons-logging.jar;C:\Program Files (x86)\ant\lib\ant-commons-net.jar;C:\Program Files (x86)\ant\lib\ant-jai.jar;C:\Program Files (x86)\ant\lib\ant-javamail.jar;C:\Program Files (x86)\ant\lib\ant-jdepend.jar;C:\Program Files (x86)\ant\lib\ant-jmf.jar;C:\Program Files (x86)\ant\lib\ant-jsch.jar;C:\Program Files (x86)\ant\lib\ant-junit.jar;C:\Program Files (x86)\ant\lib\ant-junit4.jar;C:\Program Files (x86)\ant\lib\ant-launcher.jar;C:\Program Files (x86)\ant\lib\ant-netrexx.jar;C:\Program Files (x86)\ant\lib\ant-swing.jar;C:\Program Files (x86)\ant\lib\ant-testutil.jar;C:\Program Files (x86)\ant\lib\ant.jar;C:\Program Files (x86)\ant\lib\hamcrest.jar;C:\Program Files (x86)\ant\lib\junit.jar;C:\Program Files\Java\jdk1.7.0_11\lib\tools.jar" />
    <property name="ant.version" value="Apache Ant(TM) version 1.9.2 compiled on July 8 2013" />
    <property name="java.vm.specification.name" value="Java Virtual Machine Specification" />
    <property name="ant.file.type" value="file" />
    <property name="ant.file.type.BurritoPOSClient" value="file" />
    <property name="java.vm.specification.version" value="1.7" />
    <property name="sun.cpu.endian" value="little" />
    <property name="sun.os.patch.level" value="Service Pack 1" />
    <property name="java.io.tmpdir" value="C:\Users\JAMES~1.BLO\AppData\Local\Temp\" />
    <property name="java.vendor.url.bug" value="http://bugreport.sun.com/bugreport/" />
    <property name="os.arch" value="amd64" />
    <property name="java.awt.graphicsenv" value="sun.awt.Win32GraphicsEnvironment" />
    <property name="java.ext.dirs" value="C:\Program Files\Java\jdk1.7.0_11\jre\lib\ext;C:\Windows\Sun\Java\lib\ext" />
    <property name="user.dir" value="C:\Users\james.bloom\workspace\BurritoPOS" />
    <property name="line.separator" value="&#xd;&#xa;" />
    <property name="java.vm.name" value="Java HotSpot(TM) 64-Bit Server VM" />
    <property name="basedir" value="C:\Users\james.bloom\workspace\BurritoPOS" />
    <property name="ant.java.version" value="1.7" />
    <property name="config.dir" value="C:\Users\james.bloom\workspace\BurritoPOS\config" />
    <property name="ant.core.lib" value="C:\Program Files (x86)\ant\lib\ant.jar" />
    <property name="file.encoding" value="Cp1252" />
    <property name="java.specification.version" value="1.7" />
    <property name="src.dir" value="C:\Users\james.bloom\workspace\BurritoPOS\src" />
    <property name="ant.project.invoked-targets" value="runjar" />
  </properties>
  <testcase classname="com.burritopos.service.test.BCryptTestCase" name="testGensaltInt" time="8.995" />
  <testcase classname="com.burritopos.service.test.BCryptTestCase" name="testCheckpw_success" time="2.578" />
  <testcase classname="com.burritopos.service.test.BCryptTestCase" name="testCheckpw_failure" time="2.581" />
  <testcase classname="com.burritopos.service.test.BCryptTestCase" name="testGensalt" time="0.974" />
  <testcase classname="com.burritopos.service.test.BCryptTestCase" name="testInternationalChars" time="0.39" />
  <testcase classname="com.burritopos.service.test.BCryptTestCase" name="testHashpw" time="2.582" />
  <system-out><![CDATA[2013-07-25 18:33:20,046 [main] TRACE org.springframework.test.context.TestContextManager- prepareTestInstance(): instance [com.burritopos.service.test.BCryptTestCase@4d33a040]
2013-07-25 18:33:20,046 [main] DEBUG org.springframework.test.context.support.DependencyInjectionTestExecutionListener- Performing dependency injection for test context [[TestContext@785df158 testClass = BCryptTestCase, testInstance = com.burritopos.service.test.BCryptTestCase@4d33a040, testMethod = [null], testException = [null], mergedContextConfiguration = [MergedContextConfiguration@5f900624 testClass = BCryptTestCase, locations = '{classpath:applicationContext.xml}', classes = '{}', contextInitializerClasses = '[]', activeProfiles = '{}', contextLoader = 'org.springframework.test.context.support.DelegatingSmartContextLoader', parent = [null]]]].
2013-07-25 18:33:20,046 [main] DEBUG org.springframework.test.context.support.AbstractDelegatingSmartContextLoader- Delegating to GenericXmlContextLoader to load context from [MergedContextConfiguration@5f900624 testClass = BCryptTestCase, locations = '{classpath:applicationContext.xml}', classes = '{}', contextInitializerClasses = '[]', activeProfiles = '{}', contextLoader = 'org.springframework.test.context.support.DelegatingSmartContextLoader', parent = [null]].
2013-07-25 18:33:20,046 [main] DEBUG org.springframework.test.context.support.AbstractGenericContextLoader- Loading ApplicationContext for merged context configuration [[MergedContextConfiguration@5f900624 testClass = BCryptTestCase, locations = '{classpath:applicationContext.xml}', classes = '{}', contextInitializerClasses = '[]', activeProfiles = '{}', contextLoader = 'org.springframework.test.context.support.DelegatingSmartContextLoader', parent = [null]]].
2013-07-25 18:33:20,111 [main] DEBUG org.springframework.core.env.StandardEnvironment- Initializing new StandardEnvironment
2013-07-25 18:33:20,112 [main] DEBUG org.springframework.core.env.StandardEnvironment- Adding [systemProperties] PropertySource with lowest search precedence
2013-07-25 18:33:20,113 [main] DEBUG org.springframework.core.env.StandardEnvironment- Adding [systemEnvironment] PropertySource with lowest search precedence
2013-07-25 18:33:20,113 [main] DEBUG org.springframework.core.env.StandardEnvironment- Initialized StandardEnvironment with PropertySources [systemProperties,systemEnvironment]
2013-07-25 18:33:20,116 [main] DEBUG org.springframework.core.env.StandardEnvironment- Initializing new StandardEnvironment
2013-07-25 18:33:20,117 [main] DEBUG org.springframework.core.env.StandardEnvironment- Adding [systemProperties] PropertySource with lowest search precedence
2013-07-25 18:33:20,117 [main] DEBUG org.springframework.core.env.StandardEnvironment- Adding [systemEnvironment] PropertySource with lowest search precedence
2013-07-25 18:33:20,117 [main] DEBUG org.springframework.core.env.StandardEnvironment- Initialized StandardEnvironment with PropertySources [systemProperties,systemEnvironment]
2013-07-25 18:33:20,123 [main] INFO  org.springframework.beans.factory.xml.XmlBeanDefinitionReader- Loading XML bean definitions from class path resource [applicationContext.xml]
2013-07-25 18:33:20,126 [main] DEBUG org.springframework.beans.factory.xml.DefaultDocumentLoader- Using JAXP provider [com.sun.org.apache.xerces.internal.jaxp.DocumentBuilderFactoryImpl]
2013-07-25 18:33:20,127 [main] TRACE org.springframework.beans.factory.xml.PluggableSchemaResolver- Trying to resolve XML entity with public id [null] and system id [http://www.springframework.org/schema/beans/spring-beans-3.1.xsd]
2013-07-25 18:33:20,127 [main] DEBUG org.springframework.beans.factory.xml.PluggableSchemaResolver- Loading schema mappings from [META-INF/spring.schemas]
2013-07-25 18:33:20,129 [main] DEBUG org.springframework.beans.factory.xml.PluggableSchemaResolver- Loaded schema mappings: {http://www.springframework.org/schema/util/spring-util.xsd=org/springframework/beans/factory/xml/spring-util-3.2.xsd, http://www.springframework.org/schema/jee/spring-jee-3.2.xsd=org/springframework/ejb/config/spring-jee-3.2.xsd, http://www.springframework.org/schema/task/spring-task.xsd=org/springframework/scheduling/config/spring-task-3.2.xsd, http://www.springframework.org/schema/beans/spring-beans-3.1.xsd=org/springframework/beans/factory/xml/spring-beans-3.1.xsd, http://www.springframework.org/schema/cache/spring-cache.xsd=org/springframework/cache/config/spring-cache-3.2.xsd, http://www.springframework.org/schema/aop/spring-aop-3.0.xsd=org/springframework/aop/config/spring-aop-3.0.xsd, http://www.springframework.org/schema/task/spring-task-3.1.xsd=org/springframework/scheduling/config/spring-task-3.1.xsd, http://www.springframework.org/schema/aop/spring-aop-2.0.xsd=org/springframework/aop/config/spring-aop-2.0.xsd, http://www.springframework.org/schema/tool/spring-tool-2.5.xsd=org/springframework/beans/factory/xml/spring-tool-2.5.xsd, http://www.springframework.org/schema/beans/spring-beans.xsd=org/springframework/beans/factory/xml/spring-beans-3.2.xsd, http://www.springframework.org/schema/jee/spring-jee-2.5.xsd=org/springframework/ejb/config/spring-jee-2.5.xsd, http://www.springframework.org/schema/jdbc/spring-jdbc-3.1.xsd=org/springframework/jdbc/config/spring-jdbc-3.1.xsd, http://www.springframework.org/schema/tool/spring-tool-3.1.xsd=org/springframework/beans/factory/xml/spring-tool-3.1.xsd, http://www.springframework.org/schema/jee/spring-jee-3.1.xsd=org/springframework/ejb/config/spring-jee-3.1.xsd, http://www.springframework.org/schema/aop/spring-aop.xsd=org/springframework/aop/config/spring-aop-3.2.xsd, http://www.springframework.org/schema/tx/spring-tx-3.2.xsd=org/springframework/transaction/config/spring-tx-3.2.xsd, http://www.springframework.org/schema/context/spring-context-3.2.xsd=org/springframework/context/config/spring-context-3.2.xsd, http://www.springframework.org/schema/beans/spring-beans-2.0.xsd=org/springframework/beans/factory/xml/spring-beans-2.0.xsd, http://www.springframework.org/schema/util/spring-util-3.2.xsd=org/springframework/beans/factory/xml/spring-util-3.2.xsd, http://www.springframework.org/schema/lang/spring-lang-3.2.xsd=org/springframework/scripting/config/spring-lang-3.2.xsd, http://www.springframework.org/schema/beans/spring-beans-3.0.xsd=org/springframework/beans/factory/xml/spring-beans-3.0.xsd, http://www.springframework.org/schema/cache/spring-cache-3.2.xsd=org/springframework/cache/config/spring-cache-3.2.xsd, http://www.springframework.org/schema/task/spring-task-3.0.xsd=org/springframework/scheduling/config/spring-task-3.0.xsd, http://www.springframework.org/schema/tx/spring-tx-2.5.xsd=org/springframework/transaction/config/spring-tx-2.5.xsd, http://www.springframework.org/schema/context/spring-context-2.5.xsd=org/springframework/context/config/spring-context-2.5.xsd, http://www.springframework.org/schema/jdbc/spring-jdbc-3.0.xsd=org/springframework/jdbc/config/spring-jdbc-3.0.xsd, http://www.springframework.org/schema/tool/spring-tool-3.0.xsd=org/springframework/beans/factory/xml/spring-tool-3.0.xsd, http://www.springframework.org/schema/tx/spring-tx.xsd=org/springframework/transaction/config/spring-tx-3.2.xsd, http://www.springframework.org/schema/lang/spring-lang.xsd=org/springframework/scripting/config/spring-lang-3.2.xsd, http://www.springframework.org/schema/tool/spring-tool-2.0.xsd=org/springframework/beans/factory/xml/spring-tool-2.0.xsd, http://www.springframework.org/schema/util/spring-util-2.5.xsd=org/springframework/beans/factory/xml/spring-util-2.5.xsd, http://www.springframework.org/schema/lang/spring-lang-2.5.xsd=org/springframework/scripting/config/spring-lang-2.5.xsd, http://www.springframework.org/schema/aop/spring-aop-3.2.xsd=org/springframework/aop/config/spring-aop-3.2.xsd, http://www.springframework.org/schema/jee/spring-jee-3.0.xsd=org/springframework/ejb/config/spring-jee-3.0.xsd, http://www.springframework.org/schema/tx/spring-tx-3.1.xsd=org/springframework/transaction/config/spring-tx-3.1.xsd, http://www.springframework.org/schema/jee/spring-jee-2.0.xsd=org/springframework/ejb/config/spring-jee-2.0.xsd, http://www.springframework.org/schema/context/spring-context-3.1.xsd=org/springframework/context/config/spring-context-3.1.xsd, http://www.springframework.org/schema/util/spring-util-3.1.xsd=org/springframework/beans/factory/xml/spring-util-3.1.xsd, http://www.springframework.org/schema/lang/spring-lang-3.1.xsd=org/springframework/scripting/config/spring-lang-3.1.xsd, http://www.springframework.org/schema/cache/spring-cache-3.1.xsd=org/springframework/cache/config/spring-cache-3.1.xsd, http://www.springframework.org/schema/context/spring-context.xsd=org/springframework/context/config/spring-context-3.2.xsd, http://www.springframework.org/schema/jee/spring-jee.xsd=org/springframework/ejb/config/spring-jee-3.2.xsd, http://www.springframework.org/schema/aop/spring-aop-2.5.xsd=org/springframework/aop/config/spring-aop-2.5.xsd, http://www.springframework.org/schema/jdbc/spring-jdbc.xsd=org/springframework/jdbc/config/spring-jdbc-3.2.xsd, http://www.springframework.org/schema/beans/spring-beans-3.2.xsd=org/springframework/beans/factory/xml/spring-beans-3.2.xsd, http://www.springframework.org/schema/tx/spring-tx-2.0.xsd=org/springframework/transaction/config/spring-tx-2.0.xsd, http://www.springframework.org/schema/aop/spring-aop-3.1.xsd=org/springframework/aop/config/spring-aop-3.1.xsd, http://www.springframework.org/schema/task/spring-task-3.2.xsd=org/springframework/scheduling/config/spring-task-3.2.xsd, http://www.springframework.org/schema/tx/spring-tx-3.0.xsd=org/springframework/transaction/config/spring-tx-3.0.xsd, http://www.springframework.org/schema/context/spring-context-3.0.xsd=org/springframework/context/config/spring-context-3.0.xsd, http://www.springframework.org/schema/tool/spring-tool.xsd=org/springframework/beans/factory/xml/spring-tool-3.2.xsd, http://www.springframework.org/schema/util/spring-util-3.0.xsd=org/springframework/beans/factory/xml/spring-util-3.0.xsd, http://www.springframework.org/schema/lang/spring-lang-3.0.xsd=org/springframework/scripting/config/spring-lang-3.0.xsd, http://www.springframework.org/schema/util/spring-util-2.0.xsd=org/springframework/beans/factory/xml/spring-util-2.0.xsd, http://www.springframework.org/schema/lang/spring-lang-2.0.xsd=org/springframework/scripting/config/spring-lang-2.0.xsd, http://www.springframework.org/schema/jdbc/spring-jdbc-3.2.xsd=org/springframework/jdbc/config/spring-jdbc-3.2.xsd, http://www.springframework.org/schema/tool/spring-tool-3.2.xsd=org/springframework/beans/factory/xml/spring-tool-3.2.xsd, http://www.springframework.org/schema/beans/spring-beans-2.5.xsd=org/springframework/beans/factory/xml/spring-beans-2.5.xsd}
2013-07-25 18:33:20,129 [main] DEBUG org.springframework.beans.factory.xml.PluggableSchemaResolver- Found XML schema [http://www.springframework.org/schema/beans/spring-beans-3.1.xsd] in classpath: org/springframework/beans/factory/xml/spring-beans-3.1.xsd
2013-07-25 18:33:20,136 [main] TRACE org.springframework.beans.factory.xml.PluggableSchemaResolver- Trying to resolve XML entity with public id [null] and system id [http://www.springframework.org/schema/context/spring-context-3.1.xsd]
2013-07-25 18:33:20,136 [main] DEBUG org.springframework.beans.factory.xml.PluggableSchemaResolver- Found XML schema [http://www.springframework.org/schema/context/spring-context-3.1.xsd] in classpath: org/springframework/context/config/spring-context-3.1.xsd
2013-07-25 18:33:20,137 [main] TRACE org.springframework.beans.factory.xml.PluggableSchemaResolver- Trying to resolve XML entity with public id [null] and system id [http://www.springframework.org/schema/tool/spring-tool-3.1.xsd]
2013-07-25 18:33:20,137 [main] DEBUG org.springframework.beans.factory.xml.PluggableSchemaResolver- Found XML schema [http://www.springframework.org/schema/tool/spring-tool-3.1.xsd] in classpath: org/springframework/beans/factory/xml/spring-tool-3.1.xsd
2013-07-25 18:33:20,145 [main] DEBUG org.springframework.beans.factory.xml.DefaultBeanDefinitionDocumentReader- Loading bean definitions
2013-07-25 18:33:20,153 [main] DEBUG org.springframework.beans.factory.xml.DefaultNamespaceHandlerResolver- Loaded NamespaceHandler mappings: {http://www.springframework.org/schema/p=org.springframework.beans.factory.xml.SimplePropertyNamespaceHandler, http://www.springframework.org/schema/util=org.springframework.beans.factory.xml.UtilNamespaceHandler, http://www.springframework.org/schema/jee=org.springframework.ejb.config.JeeNamespaceHandler, http://www.springframework.org/schema/aop=org.springframework.aop.config.AopNamespaceHandler, http://www.springframework.org/schema/jdbc=org.springframework.jdbc.config.JdbcNamespaceHandler, http://www.springframework.org/schema/cache=org.springframework.cache.config.CacheNamespaceHandler, http://www.springframework.org/schema/c=org.springframework.beans.factory.xml.SimpleConstructorNamespaceHandler, http://www.springframework.org/schema/tx=org.springframework.transaction.config.TxNamespaceHandler, http://www.springframework.org/schema/task=org.springframework.scheduling.config.TaskNamespaceHandler, http://www.springframework.org/schema/lang=org.springframework.scripting.config.LangNamespaceHandler, http://www.springframework.org/schema/context=org.springframework.context.config.ContextNamespaceHandler}
2013-07-25 18:33:20,184 [main] DEBUG org.springframework.beans.factory.xml.XmlBeanDefinitionReader- Loaded 26 bean definitions from location pattern [classpath:applicationContext.xml]
2013-07-25 18:33:20,184 [main] INFO  org.springframework.context.support.GenericApplicationContext- Refreshing org.springframework.context.support.GenericApplicationContext@719349c5: startup date [Thu Jul 25 18:33:20 AFT 2013]; root of context hierarchy
2013-07-25 18:33:20,185 [main] DEBUG org.springframework.context.support.GenericApplicationContext- Bean factory for org.springframework.context.support.GenericApplicationContext@719349c5: org.springframework.beans.factory.support.DefaultListableBeanFactory@7413dd90: defining beans [org.springframework.context.annotation.internalConfigurationAnnotationProcessor,org.springframework.context.annotation.internalAutowiredAnnotationProcessor,org.springframework.context.annotation.internalRequiredAnnotationProcessor,org.springframework.context.annotation.internalCommonAnnotationProcessor,org.springframework.context.support.PropertySourcesPlaceholderConfigurer#0,burritoposServerIP,burritoposServerPort,burritoManager,inventoryManager,orderManager,authSvc,burritoSvc,customerSvc,employeeSvc,inventorySvc,managerSvc,orderSvc,burritoManagerTestCase,inventoryManagerTestCase,orderManagerTestCase,burritoSvcTestCase,customerSvcTestCase,employeeSvcTestCase,inventorySvcTestCase,managerSvcTestCase,orderSvcTestCase]; root of factory hierarchy
2013-07-25 18:33:20,202 [main] DEBUG org.springframework.beans.factory.support.DefaultListableBeanFactory- Creating shared instance of singleton bean 'org.springframework.context.annotation.internalConfigurationAnnotationProcessor'
2013-07-25 18:33:20,202 [main] DEBUG org.springframework.beans.factory.support.DefaultListableBeanFactory- Creating instance of bean 'org.springframework.context.annotation.internalConfigurationAnnotationProcessor'
2013-07-25 18:33:20,220 [main] DEBUG org.springframework.beans.factory.support.DefaultListableBeanFactory- Eagerly caching bean 'org.springframework.context.annotation.internalConfigurationAnnotationProcessor' to allow for resolving potential circular references
2013-07-25 18:33:20,222 [main] DEBUG org.springframework.beans.factory.support.DefaultListableBeanFactory- Finished creating instance of bean 'org.springframework.context.annotation.internalConfigurationAnnotationProcessor'
2013-07-25 18:33:20,265 [main] DEBUG org.springframework.beans.factory.support.DefaultListableBeanFactory- Creating shared instance of singleton bean 'org.springframework.context.support.PropertySourcesPlaceholderConfigurer#0'
2013-07-25 18:33:20,265 [main] DEBUG org.springframework.beans.factory.support.DefaultListableBeanFactory- Creating instance of bean 'org.springframework.context.support.PropertySourcesPlaceholderConfigurer#0'
2013-07-25 18:33:20,266 [main] DEBUG org.springframework.beans.factory.support.DefaultListableBeanFactory- Eagerly caching bean 'org.springframework.context.support.PropertySourcesPlaceholderConfigurer#0' to allow for resolving potential circular references
2013-07-25 18:33:20,272 [main] TRACE org.springframework.core.io.support.SpringFactoriesLoader- Loaded [org.springframework.beans.BeanInfoFactory] names: [org.springframework.beans.ExtendedBeanInfoFactory]
2013-07-25 18:33:20,273 [main] TRACE org.springframework.beans.CachedIntrospectionResults- Getting BeanInfo for class [org.springframework.context.support.PropertySourcesPlaceholderConfigurer]
2013-07-25 18:33:20,277 [main] TRACE org.springframework.beans.CachedIntrospectionResults- Caching PropertyDescriptors for class [org.springframework.context.support.PropertySourcesPlaceholderConfigurer]
2013-07-25 18:33:20,278 [main] TRACE org.springframework.beans.CachedIntrospectionResults- Found bean property 'beanFactory' of type [org.springframework.beans.factory.BeanFactory]
2013-07-25 18:33:20,279 [main] TRACE org.springframework.beans.CachedIntrospectionResults- Found bean property 'beanName' of type [java.lang.String]
2013-07-25 18:33:20,279 [main] TRACE org.springframework.beans.CachedIntrospectionResults- Found bean property 'class' of type [java.lang.Class]
2013-07-25 18:33:20,279 [main] TRACE org.springframework.beans.CachedIntrospectionResults- Found bean property 'environment' of type [org.springframework.core.env.Environment]
2013-07-25 18:33:20,279 [main] TRACE org.springframework.beans.CachedIntrospectionResults- Found bean property 'fileEncoding' of type [java.lang.String]
2013-07-25 18:33:20,279 [main] TRACE org.springframework.beans.CachedIntrospectionResults- Found bean property 'ignoreResourceNotFound' of type [boolean]
2013-07-25 18:33:20,279 [main] TRACE org.springframework.beans.CachedIntrospectionResults- Found bean property 'ignoreUnresolvablePlaceholders' of type [boolean]
2013-07-25 18:33:20,279 [main] TRACE org.springframework.beans.CachedIntrospectionResults- Found bean property 'localOverride' of type [boolean]
2013-07-25 18:33:20,280 [main] TRACE org.springframework.beans.CachedIntrospectionResults- Found bean property 'location' of type [org.springframework.core.io.Resource]
2013-07-25 18:33:20,280 [main] TRACE org.springframework.beans.CachedIntrospectionResults- Found bean property 'locations' of type [[Lorg.springframework.core.io.Resource;]
2013-07-25 18:33:20,280 [main] TRACE org.springframework.beans.CachedIntrospectionResults- Found bean property 'nullValue' of type [java.lang.String]
2013-07-25 18:33:20,280 [main] TRACE org.springframework.beans.CachedIntrospectionResults- Found bean property 'order' of type [int]
2013-07-25 18:33:20,280 [main] TRACE org.springframework.beans.CachedIntrospectionResults- Found bean property 'placeholderPrefix' of type [java.lang.String]
2013-07-25 18:33:20,280 [main] TRACE org.springframework.beans.CachedIntrospectionResults- Found bean property 'placeholderSuffix' of type [java.lang.String]
2013-07-25 18:33:20,280 [main] TRACE org.springframework.beans.CachedIntrospectionResults- Found bean property 'properties' of type [java.util.Properties]
2013-07-25 18:33:20,280 [main] TRACE org.springframework.beans.CachedIntrospectionResults- Found bean property 'propertiesArray' of type [[Ljava.util.Properties;]
2013-07-25 18:33:20,280 [main] TRACE org.springframework.beans.CachedIntrospectionResults- Found bean property 'propertiesPersister' of type [org.springframework.util.PropertiesPersister]
2013-07-25 18:33:20,280 [main] TRACE org.springframework.beans.CachedIntrospectionResults- Found bean property 'propertySources' of type [org.springframework.core.env.PropertySources]
2013-07-25 18:33:20,280 [main] TRACE org.springframework.beans.CachedIntrospectionResults- Found bean property 'valueSeparator' of type [java.lang.String]
2013-07-25 18:33:20,289 [main] DEBUG org.springframework.beans.factory.support.DefaultListableBeanFactory- Finished creating instance of bean 'org.springframework.context.support.PropertySourcesPlaceholderConfigurer#0'
2013-07-25 18:33:20,289 [main] DEBUG org.springframework.core.env.MutablePropertySources- Adding [environmentProperties] PropertySource with lowest search precedence
2013-07-25 18:33:20,289 [main] INFO  org.springframework.context.support.PropertySourcesPlaceholderConfigurer- Loading properties file from class path resource [burritopos.properties]
2013-07-25 18:33:20,290 [main] DEBUG org.springframework.core.env.MutablePropertySources- Adding [localProperties] PropertySource with lowest search precedence
2013-07-25 18:33:20,291 [main] TRACE org.springframework.core.env.PropertySourcesPropertyResolver- getProperty("burritopos.server.ip") (implicit targetType [String])
2013-07-25 18:33:20,292 [main] TRACE org.springframework.core.env.PropertySourcesPropertyResolver- getProperty("burritopos.server.ip", String)
2013-07-25 18:33:20,292 [main] DEBUG org.springframework.core.env.PropertySourcesPropertyResolver- Searching for key 'burritopos.server.ip' in [environmentProperties]
2013-07-25 18:33:20,292 [main] TRACE org.springframework.core.env.PropertySourcesPropertyResolver- getProperty("burritopos.server.ip") (implicit targetType [String])
2013-07-25 18:33:20,292 [main] TRACE org.springframework.core.env.PropertySourcesPropertyResolver- getProperty("burritopos.server.ip", String)
2013-07-25 18:33:20,292 [main] DEBUG org.springframework.core.env.PropertySourcesPropertyResolver- Searching for key 'burritopos.server.ip' in [systemProperties]
2013-07-25 18:33:20,292 [main] DEBUG org.springframework.core.env.PropertySourcesPropertyResolver- Searching for key 'burritopos.server.ip' in [systemEnvironment]
2013-07-25 18:33:20,292 [main] TRACE org.springframework.core.env.SystemEnvironmentPropertySource- PropertySource [systemEnvironment] does not contain 'burritopos.server.ip'
2013-07-25 18:33:20,292 [main] TRACE org.springframework.core.env.SystemEnvironmentPropertySource- PropertySource [systemEnvironment] does not contain 'burritopos_server_ip'
2013-07-25 18:33:20,292 [main] TRACE org.springframework.core.env.SystemEnvironmentPropertySource- PropertySource [systemEnvironment] does not contain 'BURRITOPOS.SERVER.IP'
2013-07-25 18:33:20,292 [main] TRACE org.springframework.core.env.SystemEnvironmentPropertySource- PropertySource [systemEnvironment] does not contain 'BURRITOPOS_SERVER_IP'
2013-07-25 18:33:20,293 [main] DEBUG org.springframework.core.env.PropertySourcesPropertyResolver- Could not find key 'burritopos.server.ip' in any property source. Returning [null]
2013-07-25 18:33:20,293 [main] DEBUG org.springframework.core.env.PropertySourcesPropertyResolver- Searching for key 'burritopos.server.ip' in [localProperties]
2013-07-25 18:33:20,293 [main] DEBUG org.springframework.core.env.PropertySourcesPropertyResolver- Found key 'burritopos.server.ip' in [localProperties] with type [String] and value '127.0.0.1'
2013-07-25 18:33:20,294 [main] TRACE org.springframework.util.PropertyPlaceholderHelper- Resolved placeholder 'burritopos.server.ip'
2013-07-25 18:33:20,294 [main] TRACE org.springframework.core.env.PropertySourcesPropertyResolver- getProperty("burritopos.server.port") (implicit targetType [String])
2013-07-25 18:33:20,294 [main] TRACE org.springframework.core.env.PropertySourcesPropertyResolver- getProperty("burritopos.server.port", String)
2013-07-25 18:33:20,295 [main] DEBUG org.springframework.core.env.PropertySourcesPropertyResolver- Searching for key 'burritopos.server.port' in [environmentProperties]
2013-07-25 18:33:20,295 [main] TRACE org.springframework.core.env.PropertySourcesPropertyResolver- getProperty("burritopos.server.port") (implicit targetType [String])
2013-07-25 18:33:20,295 [main] TRACE org.springframework.core.env.PropertySourcesPropertyResolver- getProperty("burritopos.server.port", String)
2013-07-25 18:33:20,295 [main] DEBUG org.springframework.core.env.PropertySourcesPropertyResolver- Searching for key 'burritopos.server.port' in [systemProperties]
2013-07-25 18:33:20,295 [main] DEBUG org.springframework.core.env.PropertySourcesPropertyResolver- Searching for key 'burritopos.server.port' in [systemEnvironment]
2013-07-25 18:33:20,295 [main] TRACE org.springframework.core.env.SystemEnvironmentPropertySource- PropertySource [systemEnvironment] does not contain 'burritopos.server.port'
2013-07-25 18:33:20,295 [main] TRACE org.springframework.core.env.SystemEnvironmentPropertySource- PropertySource [systemEnvironment] does not contain 'burritopos_server_port'
2013-07-25 18:33:20,295 [main] TRACE org.springframework.core.env.SystemEnvironmentPropertySource- PropertySource [systemEnvironment] does not contain 'BURRITOPOS.SERVER.PORT'
2013-07-25 18:33:20,295 [main] TRACE org.springframework.core.env.SystemEnvironmentPropertySource- PropertySource [systemEnvironment] does not contain 'BURRITOPOS_SERVER_PORT'
2013-07-25 18:33:20,295 [main] DEBUG org.springframework.core.env.PropertySourcesPropertyResolver- Could not find key 'burritopos.server.port' in any property source. Returning [null]
2013-07-25 18:33:20,295 [main] DEBUG org.springframework.core.env.PropertySourcesPropertyResolver- Searching for key 'burritopos.server.port' in [localProperties]
2013-07-25 18:33:20,295 [main] DEBUG org.springframework.core.env.PropertySourcesPropertyResolver- Found key 'burritopos.server.port' in [localProperties] with type [String] and value '8000'
2013-07-25 18:33:20,295 [main] TRACE org.springframework.util.PropertyPlaceholderHelper- Resolved placeholder 'burritopos.server.port'
2013-07-25 18:33:20,297 [main] DEBUG org.springframework.beans.factory.support.DefaultListableBeanFactory- Creating shared instance of singleton bean 'org.springframework.context.annotation.internalAutowiredAnnotationProcessor'
2013-07-25 18:33:20,297 [main] DEBUG org.springframework.beans.factory.support.DefaultListableBeanFactory- Creating instance of bean 'org.springframework.context.annotation.internalAutowiredAnnotationProcessor'
2013-07-25 18:33:20,298 [main] DEBUG org.springframework.beans.factory.support.DefaultListableBeanFactory- Eagerly caching bean 'org.springframework.context.annotation.internalAutowiredAnnotationProcessor' to allow for resolving potential circular references
2013-07-25 18:33:20,298 [main] DEBUG org.springframework.beans.factory.support.DefaultListableBeanFactory- Finished creating instance of bean 'org.springframework.context.annotation.internalAutowiredAnnotationProcessor'
2013-07-25 18:33:20,298 [main] DEBUG org.springframework.beans.factory.support.DefaultListableBeanFactory- Creating shared instance of singleton bean 'org.springframework.context.annotation.internalRequiredAnnotationProcessor'
2013-07-25 18:33:20,298 [main] DEBUG org.springframework.beans.factory.support.DefaultListableBeanFactory- Creating instance of bean 'org.springframework.context.annotation.internalRequiredAnnotationProcessor'
2013-07-25 18:33:20,299 [main] DEBUG org.springframework.beans.factory.support.DefaultListableBeanFactory- Eagerly caching bean 'org.springframework.context.annotation.internalRequiredAnnotationProcessor' to allow for resolving potential circular references
2013-07-25 18:33:20,299 [main] DEBUG org.springframework.beans.factory.support.DefaultListableBeanFactory- Finished creating instance of bean 'org.springframework.context.annotation.internalRequiredAnnotationProcessor'
2013-07-25 18:33:20,299 [main] DEBUG org.springframework.beans.factory.support.DefaultListableBeanFactory- Creating shared instance of singleton bean 'org.springframework.context.annotation.internalCommonAnnotationProcessor'
2013-07-25 18:33:20,299 [main] DEBUG org.springframework.beans.factory.support.DefaultListableBeanFactory- Creating instance of bean 'org.springframework.context.annotation.internalCommonAnnotationProcessor'
2013-07-25 18:33:20,303 [main] DEBUG org.springframework.beans.factory.support.DefaultListableBeanFactory- Eagerly caching bean 'org.springframework.context.annotation.internalCommonAnnotationProcessor' to allow for resolving potential circular references
2013-07-25 18:33:20,303 [main] DEBUG org.springframework.beans.factory.support.DefaultListableBeanFactory- Finished creating instance of bean 'org.springframework.context.annotation.internalCommonAnnotationProcessor'
2013-07-25 18:33:20,303 [main] DEBUG org.springframework.beans.factory.support.DefaultListableBeanFactory- Creating shared instance of singleton bean 'org.springframework.context.annotation.ConfigurationClassPostProcessor.importAwareProcessor'
2013-07-25 18:33:20,303 [main] DEBUG org.springframework.beans.factory.support.DefaultListableBeanFactory- Creating instance of bean 'org.springframework.context.annotation.ConfigurationClassPostProcessor.importAwareProcessor'
2013-07-25 18:33:20,303 [main] DEBUG org.springframework.beans.factory.support.DefaultListableBeanFactory- Eagerly caching bean 'org.springframework.context.annotation.ConfigurationClassPostProcessor.importAwareProcessor' to allow for resolving potential circular references
2013-07-25 18:33:20,303 [main] DEBUG org.springframework.beans.factory.support.DefaultListableBeanFactory- Finished creating instance of bean 'org.springframework.context.annotation.ConfigurationClassPostProcessor.importAwareProcessor'
2013-07-25 18:33:20,306 [main] DEBUG org.springframework.context.support.GenericApplicationContext- Unable to locate MessageSource with name 'messageSource': using default [org.springframework.context.support.DelegatingMessageSource@5a44adf8]
2013-07-25 18:33:20,308 [main] DEBUG org.springframework.context.support.GenericApplicationContext- Unable to locate ApplicationEventMulticaster with name 'applicationEventMulticaster': using default [org.springframework.context.event.SimpleApplicationEventMulticaster@31d533d2]
2013-07-25 18:33:20,312 [main] INFO  org.springframework.beans.factory.support.DefaultListableBeanFactory- Pre-instantiating singletons in org.springframework.beans.factory.support.DefaultListableBeanFactory@7413dd90: defining beans [org.springframework.context.annotation.internalConfigurationAnnotationProcessor,org.springframework.context.annotation.internalAutowiredAnnotationProcessor,org.springframework.context.annotation.internalRequiredAnnotationProcessor,org.springframework.context.annotation.internalCommonAnnotationProcessor,org.springframework.context.support.PropertySourcesPlaceholderConfigurer#0,burritoposServerIP,burritoposServerPort,burritoManager,inventoryManager,orderManager,authSvc,burritoSvc,customerSvc,employeeSvc,inventorySvc,managerSvc,orderSvc,burritoManagerTestCase,inventoryManagerTestCase,orderManagerTestCase,burritoSvcTestCase,customerSvcTestCase,employeeSvcTestCase,inventorySvcTestCase,managerSvcTestCase,orderSvcTestCase,org.springframework.context.annotation.ConfigurationClassPostProcessor.importAwareProcessor]; root of factory hierarchy
2013-07-25 18:33:20,312 [main] DEBUG org.springframework.beans.factory.support.DefaultListableBeanFactory- Returning cached instance of singleton bean 'org.springframework.context.annotation.internalConfigurationAnnotationProcessor'
2013-07-25 18:33:20,312 [main] DEBUG org.springframework.beans.factory.support.DefaultListableBeanFactory- Returning cached instance of singleton bean 'org.springframework.context.annotation.internalAutowiredAnnotationProcessor'
2013-07-25 18:33:20,312 [main] DEBUG org.springframework.beans.factory.support.DefaultListableBeanFactory- Returning cached instance of singleton bean 'org.springframework.context.annotation.internalRequiredAnnotationProcessor'
2013-07-25 18:33:20,312 [main] DEBUG org.springframework.beans.factory.support.DefaultListableBeanFactory- Returning cached instance of singleton bean 'org.springframework.context.annotation.internalCommonAnnotationProcessor'
2013-07-25 18:33:20,312 [main] DEBUG org.springframework.beans.factory.support.DefaultListableBeanFactory- Returning cached instance of singleton bean 'org.springframework.context.support.PropertySourcesPlaceholderConfigurer#0'
2013-07-25 18:33:20,312 [main] DEBUG org.springframework.beans.factory.support.DefaultListableBeanFactory- Creating shared instance of singleton bean 'burritoposServerIP'
2013-07-25 18:33:20,312 [main] DEBUG org.springframework.beans.factory.support.DefaultListableBeanFactory- Creating instance of bean 'burritoposServerIP'
2013-07-25 18:33:20,328 [main] TRACE org.springframework.beans.factory.support.DefaultListableBeanFactory- Ignoring constructor [public java.lang.String(byte[],int,int,java.nio.charset.Charset)] of bean 'burritoposServerIP': org.springframework.beans.factory.UnsatisfiedDependencyException: Error creating bean with name 'burritoposServerIP' defined in class path resource [applicationContext.xml]: Unsatisfied dependency expressed through constructor argument with index 0 of type [byte[]]: Ambiguous constructor argument types - did you specify the correct bean references as constructor arguments?
2013-07-25 18:33:20,328 [main] TRACE org.springframework.beans.factory.support.DefaultListableBeanFactory- Ignoring constructor [public java.lang.String(byte[],int,int,java.lang.String) throws java.io.UnsupportedEncodingException] of bean 'burritoposServerIP': org.springframework.beans.factory.UnsatisfiedDependencyException: Error creating bean with name 'burritoposServerIP' defined in class path resource [applicationContext.xml]: Unsatisfied dependency expressed through constructor argument with index 0 of type [byte[]]: Ambiguous constructor argument types - did you specify the correct bean references as constructor arguments?
2013-07-25 18:33:20,328 [main] TRACE org.springframework.beans.factory.support.DefaultListableBeanFactory- Ignoring constructor [public java.lang.String(byte[],int,int,int)] of bean 'burritoposServerIP': org.springframework.beans.factory.UnsatisfiedDependencyException: Error creating bean with name 'burritoposServerIP' defined in class path resource [applicationContext.xml]: Unsatisfied dependency expressed through constructor argument with index 0 of type [byte[]]: Ambiguous constructor argument types - did you specify the correct bean references as constructor arguments?
2013-07-25 18:33:20,328 [main] TRACE org.springframework.beans.factory.support.DefaultListableBeanFactory- Ignoring constructor [public java.lang.String(byte[],int,int)] of bean 'burritoposServerIP': org.springframework.beans.factory.UnsatisfiedDependencyException: Error creating bean with name 'burritoposServerIP' defined in class path resource [applicationContext.xml]: Unsatisfied dependency expressed through constructor argument with index 0 of type [byte[]]: Ambiguous constructor argument types - did you specify the correct bean references as constructor arguments?
2013-07-25 18:33:20,329 [main] TRACE org.springframework.beans.factory.support.DefaultListableBeanFactory- Ignoring constructor [public java.lang.String(int[],int,int)] of bean 'burritoposServerIP': org.springframework.beans.factory.UnsatisfiedDependencyException: Error creating bean with name 'burritoposServerIP' defined in class path resource [applicationContext.xml]: Unsatisfied dependency expressed through constructor argument with index 0 of type [int[]]: Ambiguous constructor argument types - did you specify the correct bean references as constructor arguments?
2013-07-25 18:33:20,329 [main] TRACE org.springframework.beans.factory.support.DefaultListableBeanFactory- Ignoring constructor [public java.lang.String(char[],int,int)] of bean 'burritoposServerIP': org.springframework.beans.factory.UnsatisfiedDependencyException: Error creating bean with name 'burritoposServerIP' defined in class path resource [applicationContext.xml]: Unsatisfied dependency expressed through constructor argument with index 0 of type [char[]]: Ambiguous constructor argument types - did you specify the correct bean references as constructor arguments?
2013-07-25 18:33:20,329 [main] TRACE org.springframework.beans.factory.support.DefaultListableBeanFactory- Ignoring constructor [public java.lang.String(byte[],java.nio.charset.Charset)] of bean 'burritoposServerIP': org.springframework.beans.factory.UnsatisfiedDependencyException: Error creating bean with name 'burritoposServerIP' defined in class path resource [applicationContext.xml]: Unsatisfied dependency expressed through constructor argument with index 0 of type [byte[]]: Ambiguous constructor argument types - did you specify the correct bean references as constructor arguments?
2013-07-25 18:33:20,329 [main] TRACE org.springframework.beans.factory.support.DefaultListableBeanFactory- Ignoring constructor [public java.lang.String(byte[],java.lang.String) throws java.io.UnsupportedEncodingException] of bean 'burritoposServerIP': org.springframework.beans.factory.UnsatisfiedDependencyException: Error creating bean with name 'burritoposServerIP' defined in class path resource [applicationContext.xml]: Unsatisfied dependency expressed through constructor argument with index 0 of type [byte[]]: Ambiguous constructor argument types - did you specify the correct bean references as constructor arguments?
2013-07-25 18:33:20,329 [main] TRACE org.springframework.beans.factory.support.DefaultListableBeanFactory- Ignoring constructor [public java.lang.String(byte[],int)] of bean 'burritoposServerIP': org.springframework.beans.factory.UnsatisfiedDependencyException: Error creating bean with name 'burritoposServerIP' defined in class path resource [applicationContext.xml]: Unsatisfied dependency expressed through constructor argument with index 0 of type [byte[]]: Ambiguous constructor argument types - did you specify the correct bean references as constructor arguments?
2013-07-25 18:33:20,329 [main] TRACE org.springframework.beans.factory.support.DefaultListableBeanFactory- Ignoring constructor [public java.lang.String(byte[])] of bean 'burritoposServerIP': org.springframework.beans.factory.UnsatisfiedDependencyException: Error creating bean with name 'burritoposServerIP' defined in class path resource [applicationContext.xml]: Unsatisfied dependency expressed through constructor argument with index 0 of type [byte[]]: Ambiguous constructor argument types - did you specify the correct bean references as constructor arguments?
2013-07-25 18:33:20,329 [main] TRACE org.springframework.beans.factory.support.DefaultListableBeanFactory- Ignoring constructor [public java.lang.String(java.lang.StringBuilder)] of bean 'burritoposServerIP': org.springframework.beans.factory.UnsatisfiedDependencyException: Error creating bean with name 'burritoposServerIP' defined in class path resource [applicationContext.xml]: Unsatisfied dependency expressed through constructor argument with index 0 of type [java.lang.StringBuilder]: Ambiguous constructor argument types - did you specify the correct bean references as constructor arguments?
2013-07-25 18:33:20,329 [main] TRACE org.springframework.beans.factory.support.DefaultListableBeanFactory- Ignoring constructor [public java.lang.String(java.lang.StringBuffer)] of bean 'burritoposServerIP': org.springframework.beans.factory.UnsatisfiedDependencyException: Error creating bean with name 'burritoposServerIP' defined in class path resource [applicationContext.xml]: Unsatisfied dependency expressed through constructor argument with index 0 of type [java.lang.StringBuffer]: Ambiguous constructor argument types - did you specify the correct bean references as constructor arguments?
2013-07-25 18:33:20,329 [main] TRACE org.springframework.beans.factory.support.DefaultListableBeanFactory- Ignoring constructor [public java.lang.String(char[])] of bean 'burritoposServerIP': org.springframework.beans.factory.UnsatisfiedDependencyException: Error creating bean with name 'burritoposServerIP' defined in class path resource [applicationContext.xml]: Unsatisfied dependency expressed through constructor argument with index 0 of type [char[]]: Ambiguous constructor argument types - did you specify the correct bean references as constructor arguments?
2013-07-25 18:33:20,333 [main] DEBUG org.springframework.beans.factory.support.DefaultListableBeanFactory- Eagerly caching bean 'burritoposServerIP' to allow for resolving potential circular references
2013-07-25 18:33:20,333 [main] DEBUG org.springframework.beans.CachedIntrospectionResults- Not strongly caching class [java.lang.String] because it is not cache-safe
2013-07-25 18:33:20,333 [main] TRACE org.springframework.beans.CachedIntrospectionResults- Getting BeanInfo for class [java.lang.String]
2013-07-25 18:33:20,334 [main] TRACE org.springframework.beans.CachedIntrospectionResults- Caching PropertyDescriptors for class [java.lang.String]
2013-07-25 18:33:20,334 [main] TRACE org.springframework.beans.CachedIntrospectionResults- Found bean property 'bytes' of type [[B]
2013-07-25 18:33:20,334 [main] TRACE org.springframework.beans.CachedIntrospectionResults- Found bean property 'class' of type [java.lang.Class]
2013-07-25 18:33:20,334 [main] TRACE org.springframework.beans.CachedIntrospectionResults- Found bean property 'empty' of type [boolean]
2013-07-25 18:33:20,335 [main] DEBUG org.springframework.beans.factory.support.DefaultListableBeanFactory- Finished creating instance of bean 'burritoposServerIP'
2013-07-25 18:33:20,335 [main] DEBUG org.springframework.beans.factory.support.DefaultListableBeanFactory- Creating shared instance of singleton bean 'burritoposServerPort'
2013-07-25 18:33:20,335 [main] DEBUG org.springframework.beans.factory.support.DefaultListableBeanFactory- Creating instance of bean 'burritoposServerPort'
2013-07-25 18:33:20,335 [main] TRACE org.springframework.beans.factory.support.DefaultListableBeanFactory- Ignoring constructor [public java.lang.String(byte[],int,int,java.nio.charset.Charset)] of bean 'burritoposServerPort': org.springframework.beans.factory.UnsatisfiedDependencyException: Error creating bean with name 'burritoposServerPort' defined in class path resource [applicationContext.xml]: Unsatisfied dependency expressed through constructor argument with index 0 of type [byte[]]: Ambiguous constructor argument types - did you specify the correct bean references as constructor arguments?
2013-07-25 18:33:20,335 [main] TRACE org.springframework.beans.factory.support.DefaultListableBeanFactory- Ignoring constructor [public java.lang.String(byte[],int,int,java.lang.String) throws java.io.UnsupportedEncodingException] of bean 'burritoposServerPort': org.springframework.beans.factory.UnsatisfiedDependencyException: Error creating bean with name 'burritoposServerPort' defined in class path resource [applicationContext.xml]: Unsatisfied dependency expressed through constructor argument with index 0 of type [byte[]]: Ambiguous constructor argument types - did you specify the correct bean references as constructor arguments?
2013-07-25 18:33:20,336 [main] TRACE org.springframework.beans.factory.support.DefaultListableBeanFactory- Ignoring constructor [public java.lang.String(byte[],int,int,int)] of bean 'burritoposServerPort': org.springframework.beans.factory.UnsatisfiedDependencyException: Error creating bean with name 'burritoposServerPort' defined in class path resource [applicationContext.xml]: Unsatisfied dependency expressed through constructor argument with index 0 of type [byte[]]: Ambiguous constructor argument types - did you specify the correct bean references as constructor arguments?
2013-07-25 18:33:20,336 [main] TRACE org.springframework.beans.factory.support.DefaultListableBeanFactory- Ignoring constructor [public java.lang.String(byte[],int,int)] of bean 'burritoposServerPort': org.springframework.beans.factory.UnsatisfiedDependencyException: Error creating bean with name 'burritoposServerPort' defined in class path resource [applicationContext.xml]: Unsatisfied dependency expressed through constructor argument with index 0 of type [byte[]]: Ambiguous constructor argument types - did you specify the correct bean references as constructor arguments?
2013-07-25 18:33:20,336 [main] TRACE org.springframework.beans.factory.support.DefaultListableBeanFactory- Ignoring constructor [public java.lang.String(int[],int,int)] of bean 'burritoposServerPort': org.springframework.beans.factory.UnsatisfiedDependencyException: Error creating bean with name 'burritoposServerPort' defined in class path resource [applicationContext.xml]: Unsatisfied dependency expressed through constructor argument with index 0 of type [int[]]: Ambiguous constructor argument types - did you specify the correct bean references as constructor arguments?
2013-07-25 18:33:20,336 [main] TRACE org.springframework.beans.factory.support.DefaultListableBeanFactory- Ignoring constructor [public java.lang.String(char[],int,int)] of bean 'burritoposServerPort': org.springframework.beans.factory.UnsatisfiedDependencyException: Error creating bean with name 'burritoposServerPort' defined in class path resource [applicationContext.xml]: Unsatisfied dependency expressed through constructor argument with index 0 of type [char[]]: Ambiguous constructor argument types - did you specify the correct bean references as constructor arguments?
2013-07-25 18:33:20,336 [main] TRACE org.springframework.beans.factory.support.DefaultListableBeanFactory- Ignoring constructor [public java.lang.String(byte[],java.nio.charset.Charset)] of bean 'burritoposServerPort': org.springframework.beans.factory.UnsatisfiedDependencyException: Error creating bean with name 'burritoposServerPort' defined in class path resource [applicationContext.xml]: Unsatisfied dependency expressed through constructor argument with index 0 of type [byte[]]: Ambiguous constructor argument types - did you specify the correct bean references as constructor arguments?
2013-07-25 18:33:20,336 [main] TRACE org.springframework.beans.factory.support.DefaultListableBeanFactory- Ignoring constructor [public java.lang.String(byte[],java.lang.String) throws java.io.UnsupportedEncodingException] of bean 'burritoposServerPort': org.springframework.beans.factory.UnsatisfiedDependencyException: Error creating bean with name 'burritoposServerPort' defined in class path resource [applicationContext.xml]: Unsatisfied dependency expressed through constructor argument with index 0 of type [byte[]]: Ambiguous constructor argument types - did you specify the correct bean references as constructor arguments?
2013-07-25 18:33:20,336 [main] TRACE org.springframework.beans.factory.support.DefaultListableBeanFactory- Ignoring constructor [public java.lang.String(byte[],int)] of bean 'burritoposServerPort': org.springframework.beans.factory.UnsatisfiedDependencyException: Error creating bean with name 'burritoposServerPort' defined in class path resource [applicationContext.xml]: Unsatisfied dependency expressed through constructor argument with index 0 of type [byte[]]: Ambiguous constructor argument types - did you specify the correct bean references as constructor arguments?
2013-07-25 18:33:20,336 [main] TRACE org.springframework.beans.factory.support.DefaultListableBeanFactory- Ignoring constructor [public java.lang.String(byte[])] of bean 'burritoposServerPort': org.springframework.beans.factory.UnsatisfiedDependencyException: Error creating bean with name 'burritoposServerPort' defined in class path resource [applicationContext.xml]: Unsatisfied dependency expressed through constructor argument with index 0 of type [byte[]]: Ambiguous constructor argument types - did you specify the correct bean references as constructor arguments?
2013-07-25 18:33:20,336 [main] TRACE org.springframework.beans.factory.support.DefaultListableBeanFactory- Ignoring constructor [public java.lang.String(java.lang.StringBuilder)] of bean 'burritoposServerPort': org.springframework.beans.factory.UnsatisfiedDependencyException: Error creating bean with name 'burritoposServerPort' defined in class path resource [applicationContext.xml]: Unsatisfied dependency expressed through constructor argument with index 0 of type [java.lang.StringBuilder]: Ambiguous constructor argument types - did you specify the correct bean references as constructor arguments?
2013-07-25 18:33:20,336 [main] TRACE org.springframework.beans.factory.support.DefaultListableBeanFactory- Ignoring constructor [public java.lang.String(java.lang.StringBuffer)] of bean 'burritoposServerPort': org.springframework.beans.factory.UnsatisfiedDependencyException: Error creating bean with name 'burritoposServerPort' defined in class path resource [applicationContext.xml]: Unsatisfied dependency expressed through constructor argument with index 0 of type [java.lang.StringBuffer]: Ambiguous constructor argument types - did you specify the correct bean references as constructor arguments?
2013-07-25 18:33:20,337 [main] TRACE org.springframework.beans.factory.support.DefaultListableBeanFactory- Ignoring constructor [public java.lang.String(char[])] of bean 'burritoposServerPort': org.springframework.beans.factory.UnsatisfiedDependencyException: Error creating bean with name 'burritoposServerPort' defined in class path resource [applicationContext.xml]: Unsatisfied dependency expressed through constructor argument with index 0 of type [char[]]: Ambiguous constructor argument types - did you specify the correct bean references as constructor arguments?
2013-07-25 18:33:20,337 [main] DEBUG org.springframework.beans.factory.support.DefaultListableBeanFactory- Eagerly caching bean 'burritoposServerPort' to allow for resolving potential circular references
2013-07-25 18:33:20,337 [main] DEBUG org.springframework.beans.factory.support.DefaultListableBeanFactory- Finished creating instance of bean 'burritoposServerPort'
2013-07-25 18:33:20,337 [main] DEBUG org.springframework.beans.factory.support.DefaultListableBeanFactory- Creating shared instance of singleton bean 'burritoManager'
2013-07-25 18:33:20,337 [main] DEBUG org.springframework.beans.factory.support.DefaultListableBeanFactory- Creating instance of bean 'burritoManager'
2013-07-25 18:33:21,049 [main] TRACE com.burritopos.service.Factory- curKey: IBurritoSvc | value: com.burritopos.service.dao.mongo.BurritoSvcImpl | hashmap size: 0
2013-07-25 18:33:21,049 [main] TRACE com.burritopos.service.Factory- curKey: ICustomerSvc | value: com.burritopos.service.dao.mongo.CustomerSvcImpl | hashmap size: 1
2013-07-25 18:33:21,050 [main] TRACE com.burritopos.service.Factory- curKey: IEmployeeSvc | value: com.burritopos.service.dao.mongo.EmployeeSvcImpl | hashmap size: 2
2013-07-25 18:33:21,050 [main] TRACE com.burritopos.service.Factory- curKey: IInventorySvc | value: com.burritopos.service.dao.mongo.InventorySvcImpl | hashmap size: 3
2013-07-25 18:33:21,050 [main] TRACE com.burritopos.service.Factory- curKey: IManagerSvc | value: com.burritopos.service.dao.mongo.ManagerSvcImpl | hashmap size: 4
2013-07-25 18:33:21,050 [main] TRACE com.burritopos.service.Factory- curKey: IOrderSvc | value: com.burritopos.service.dao.mongo.OrderSvcImpl | hashmap size: 5
2013-07-25 18:33:21,051 [main] TRACE com.burritopos.service.Factory- curKey: IAuthenticationSvc | value: com.burritopos.service.net.AuthenticationSvcSocketImpl | hashmap size: 6
2013-07-25 18:33:21,060 [main] DEBUG org.springframework.beans.factory.annotation.InjectionMetadata- Registered injected element on class [com.burritopos.business.BurritoManager]: AutowiredFieldElement for private com.burritopos.service.dao.IBurritoSvc com.burritopos.business.BurritoManager.burritoSvc
2013-07-25 18:33:21,061 [main] DEBUG org.springframework.beans.factory.support.DefaultListableBeanFactory- Eagerly caching bean 'burritoManager' to allow for resolving potential circular references
2013-07-25 18:33:21,061 [main] TRACE org.springframework.beans.CachedIntrospectionResults- Getting BeanInfo for class [com.burritopos.business.BurritoManager]
2013-07-25 18:33:21,066 [main] TRACE org.springframework.beans.CachedIntrospectionResults- Caching PropertyDescriptors for class [com.burritopos.business.BurritoManager]
2013-07-25 18:33:21,067 [main] TRACE org.springframework.beans.CachedIntrospectionResults- Found bean property 'class' of type [java.lang.Class]
2013-07-25 18:33:21,067 [main] DEBUG org.springframework.beans.factory.annotation.InjectionMetadata- Processing injected method of bean 'burritoManager': AutowiredFieldElement for private com.burritopos.service.dao.IBurritoSvc com.burritopos.business.BurritoManager.burritoSvc
2013-07-25 18:33:21,071 [main] DEBUG org.springframework.beans.factory.support.DefaultListableBeanFactory- Creating shared instance of singleton bean 'burritoSvc'
2013-07-25 18:33:21,071 [main] DEBUG org.springframework.beans.factory.support.DefaultListableBeanFactory- Creating instance of bean 'burritoSvc'
2013-07-25 18:33:21,072 [main] DEBUG org.springframework.beans.factory.support.DefaultListableBeanFactory- Eagerly caching bean 'burritoSvc' to allow for resolving potential circular references
2013-07-25 18:33:21,072 [main] TRACE org.springframework.beans.CachedIntrospectionResults- Getting BeanInfo for class [com.burritopos.service.dao.mongo.BurritoSvcImpl]
2013-07-25 18:33:21,074 [main] TRACE org.springframework.beans.CachedIntrospectionResults- Caching PropertyDescriptors for class [com.burritopos.service.dao.mongo.BurritoSvcImpl]
2013-07-25 18:33:21,074 [main] TRACE org.springframework.beans.CachedIntrospectionResults- Found bean property 'class' of type [java.lang.Class]
2013-07-25 18:33:21,074 [main] DEBUG org.springframework.beans.factory.support.DefaultListableBeanFactory- Finished creating instance of bean 'burritoSvc'
2013-07-25 18:33:21,074 [main] DEBUG org.springframework.beans.factory.annotation.AutowiredAnnotationBeanPostProcessor- Autowiring by type from bean name 'burritoManager' to bean named 'burritoSvc'
2013-07-25 18:33:21,074 [main] DEBUG org.springframework.beans.factory.support.DefaultListableBeanFactory- Finished creating instance of bean 'burritoManager'
2013-07-25 18:33:21,074 [main] DEBUG org.springframework.beans.factory.support.DefaultListableBeanFactory- Creating shared instance of singleton bean 'inventoryManager'
2013-07-25 18:33:21,074 [main] DEBUG org.springframework.beans.factory.support.DefaultListableBeanFactory- Creating instance of bean 'inventoryManager'
2013-07-25 18:33:21,076 [main] DEBUG org.springframework.beans.factory.annotation.InjectionMetadata- Registered injected element on class [com.burritopos.business.InventoryManager]: AutowiredFieldElement for private com.burritopos.service.dao.IInventorySvc com.burritopos.business.InventoryManager.inventorySvc
2013-07-25 18:33:21,076 [main] DEBUG org.springframework.beans.factory.support.DefaultListableBeanFactory- Eagerly caching bean 'inventoryManager' to allow for resolving potential circular references
2013-07-25 18:33:21,076 [main] TRACE org.springframework.beans.CachedIntrospectionResults- Getting BeanInfo for class [com.burritopos.business.InventoryManager]
2013-07-25 18:33:21,078 [main] TRACE org.springframework.beans.CachedIntrospectionResults- Caching PropertyDescriptors for class [com.burritopos.business.InventoryManager]
2013-07-25 18:33:21,078 [main] TRACE org.springframework.beans.CachedIntrospectionResults- Found bean property 'class' of type [java.lang.Class]
2013-07-25 18:33:21,078 [main] DEBUG org.springframework.beans.factory.annotation.InjectionMetadata- Processing injected method of bean 'inventoryManager': AutowiredFieldElement for private com.burritopos.service.dao.IInventorySvc com.burritopos.business.InventoryManager.inventorySvc
2013-07-25 18:33:21,078 [main] DEBUG org.springframework.beans.factory.support.DefaultListableBeanFactory- Creating shared instance of singleton bean 'inventorySvc'
2013-07-25 18:33:21,078 [main] DEBUG org.springframework.beans.factory.support.DefaultListableBeanFactory- Creating instance of bean 'inventorySvc'
2013-07-25 18:33:21,079 [main] DEBUG org.springframework.beans.factory.support.DefaultListableBeanFactory- Eagerly caching bean 'inventorySvc' to allow for resolving potential circular references
2013-07-25 18:33:21,079 [main] TRACE org.springframework.beans.CachedIntrospectionResults- Getting BeanInfo for class [com.burritopos.service.dao.mongo.InventorySvcImpl]
2013-07-25 18:33:21,080 [main] TRACE org.springframework.beans.CachedIntrospectionResults- Caching PropertyDescriptors for class [com.burritopos.service.dao.mongo.InventorySvcImpl]
2013-07-25 18:33:21,080 [main] TRACE org.springframework.beans.CachedIntrospectionResults- Found bean property 'class' of type [java.lang.Class]
2013-07-25 18:33:21,080 [main] DEBUG org.springframework.beans.factory.support.DefaultListableBeanFactory- Finished creating instance of bean 'inventorySvc'
2013-07-25 18:33:21,080 [main] DEBUG org.springframework.beans.factory.annotation.AutowiredAnnotationBeanPostProcessor- Autowiring by type from bean name 'inventoryManager' to bean named 'inventorySvc'
2013-07-25 18:33:21,080 [main] DEBUG org.springframework.beans.factory.support.DefaultListableBeanFactory- Finished creating instance of bean 'inventoryManager'
2013-07-25 18:33:21,080 [main] DEBUG org.springframework.beans.factory.support.DefaultListableBeanFactory- Creating shared instance of singleton bean 'orderManager'
2013-07-25 18:33:21,080 [main] DEBUG org.springframework.beans.factory.support.DefaultListableBeanFactory- Creating instance of bean 'orderManager'
2013-07-25 18:33:21,081 [main] DEBUG org.springframework.beans.factory.annotation.InjectionMetadata- Registered injected element on class [com.burritopos.business.OrderManager]: AutowiredFieldElement for private com.burritopos.service.dao.IOrderSvc com.burritopos.business.OrderManager.orderSvc
2013-07-25 18:33:21,081 [main] DEBUG org.springframework.beans.factory.support.DefaultListableBeanFactory- Eagerly caching bean 'orderManager' to allow for resolving potential circular references
2013-07-25 18:33:21,081 [main] TRACE org.springframework.beans.CachedIntrospectionResults- Getting BeanInfo for class [com.burritopos.business.OrderManager]
2013-07-25 18:33:21,083 [main] TRACE org.springframework.beans.CachedIntrospectionResults- Caching PropertyDescriptors for class [com.burritopos.business.OrderManager]
2013-07-25 18:33:21,083 [main] TRACE org.springframework.beans.CachedIntrospectionResults- Found bean property 'class' of type [java.lang.Class]
2013-07-25 18:33:21,083 [main] TRACE org.springframework.beans.CachedIntrospectionResults- Found bean property 'orderHistories' of type [java.util.ArrayList]
2013-07-25 18:33:21,083 [main] DEBUG org.springframework.beans.factory.annotation.InjectionMetadata- Processing injected method of bean 'orderManager': AutowiredFieldElement for private com.burritopos.service.dao.IOrderSvc com.burritopos.business.OrderManager.orderSvc
2013-07-25 18:33:21,083 [main] DEBUG org.springframework.beans.factory.support.DefaultListableBeanFactory- Creating shared instance of singleton bean 'orderSvc'
2013-07-25 18:33:21,083 [main] DEBUG org.springframework.beans.factory.support.DefaultListableBeanFactory- Creating instance of bean 'orderSvc'
2013-07-25 18:33:21,084 [main] DEBUG org.springframework.beans.factory.support.DefaultListableBeanFactory- Eagerly caching bean 'orderSvc' to allow for resolving potential circular references
2013-07-25 18:33:21,084 [main] TRACE org.springframework.beans.CachedIntrospectionResults- Getting BeanInfo for class [com.burritopos.service.dao.mongo.OrderSvcImpl]
2013-07-25 18:33:21,085 [main] TRACE org.springframework.beans.CachedIntrospectionResults- Caching PropertyDescriptors for class [com.burritopos.service.dao.mongo.OrderSvcImpl]
2013-07-25 18:33:21,085 [main] TRACE org.springframework.beans.CachedIntrospectionResults- Found bean property 'allOrders' of type [java.util.ArrayList]
2013-07-25 18:33:21,085 [main] TRACE org.springframework.beans.CachedIntrospectionResults- Found bean property 'burritoSvc' of type [com.burritopos.service.dao.IBurritoSvc]
2013-07-25 18:33:21,085 [main] TRACE org.springframework.beans.CachedIntrospectionResults- Found bean property 'class' of type [java.lang.Class]
2013-07-25 18:33:21,086 [main] DEBUG org.springframework.beans.factory.support.DefaultListableBeanFactory- Returning cached instance of singleton bean 'burritoSvc'
2013-07-25 18:33:21,086 [main] DEBUG org.springframework.beans.factory.support.DefaultListableBeanFactory- Finished creating instance of bean 'orderSvc'
2013-07-25 18:33:21,086 [main] DEBUG org.springframework.beans.factory.annotation.AutowiredAnnotationBeanPostProcessor- Autowiring by type from bean name 'orderManager' to bean named 'orderSvc'
2013-07-25 18:33:21,086 [main] DEBUG org.springframework.beans.factory.support.DefaultListableBeanFactory- Finished creating instance of bean 'orderManager'
2013-07-25 18:33:21,086 [main] DEBUG org.springframework.beans.factory.support.DefaultListableBeanFactory- Creating shared instance of singleton bean 'authSvc'
2013-07-25 18:33:21,086 [main] DEBUG org.springframework.beans.factory.support.DefaultListableBeanFactory- Creating instance of bean 'authSvc'
2013-07-25 18:33:21,086 [main] DEBUG org.springframework.beans.factory.support.DefaultListableBeanFactory- Returning cached instance of singleton bean 'burritoposServerIP'
2013-07-25 18:33:21,086 [main] DEBUG org.springframework.beans.factory.support.DefaultListableBeanFactory- Returning cached instance of singleton bean 'burritoposServerPort'
2013-07-25 18:33:21,090 [main] DEBUG org.springframework.beans.factory.support.DefaultListableBeanFactory- Eagerly caching bean 'authSvc' to allow for resolving potential circular references
2013-07-25 18:33:21,090 [main] TRACE org.springframework.beans.CachedIntrospectionResults- Getting BeanInfo for class [com.burritopos.service.net.AuthenticationSvcSocketImpl]
2013-07-25 18:33:21,092 [main] TRACE org.springframework.beans.CachedIntrospectionResults- Caching PropertyDescriptors for class [com.burritopos.service.net.AuthenticationSvcSocketImpl]
2013-07-25 18:33:21,092 [main] TRACE org.springframework.beans.CachedIntrospectionResults- Found bean property 'class' of type [java.lang.Class]
2013-07-25 18:33:21,092 [main] DEBUG org.springframework.beans.factory.support.DefaultListableBeanFactory- Finished creating instance of bean 'authSvc'
2013-07-25 18:33:21,092 [main] DEBUG org.springframework.beans.factory.support.DefaultListableBeanFactory- Returning cached instance of singleton bean 'burritoSvc'
2013-07-25 18:33:21,092 [main] DEBUG org.springframework.beans.factory.support.DefaultListableBeanFactory- Creating shared instance of singleton bean 'customerSvc'
2013-07-25 18:33:21,092 [main] DEBUG org.springframework.beans.factory.support.DefaultListableBeanFactory- Creating instance of bean 'customerSvc'
2013-07-25 18:33:21,093 [main] DEBUG org.springframework.beans.factory.support.DefaultListableBeanFactory- Eagerly caching bean 'customerSvc' to allow for resolving potential circular references
2013-07-25 18:33:21,093 [main] TRACE org.springframework.beans.CachedIntrospectionResults- Getting BeanInfo for class [com.burritopos.service.dao.mongo.CustomerSvcImpl]
2013-07-25 18:33:21,094 [main] TRACE org.springframework.beans.CachedIntrospectionResults- Caching PropertyDescriptors for class [com.burritopos.service.dao.mongo.CustomerSvcImpl]
2013-07-25 18:33:21,094 [main] TRACE org.springframework.beans.CachedIntrospectionResults- Found bean property 'class' of type [java.lang.Class]
2013-07-25 18:33:21,094 [main] DEBUG org.springframework.beans.factory.support.DefaultListableBeanFactory- Finished creating instance of bean 'customerSvc'
2013-07-25 18:33:21,094 [main] DEBUG org.springframework.beans.factory.support.DefaultListableBeanFactory- Creating shared instance of singleton bean 'employeeSvc'
2013-07-25 18:33:21,094 [main] DEBUG org.springframework.beans.factory.support.DefaultListableBeanFactory- Creating instance of bean 'employeeSvc'
2013-07-25 18:33:21,095 [main] DEBUG org.springframework.beans.factory.support.DefaultListableBeanFactory- Eagerly caching bean 'employeeSvc' to allow for resolving potential circular references
2013-07-25 18:33:21,095 [main] TRACE org.springframework.beans.CachedIntrospectionResults- Getting BeanInfo for class [com.burritopos.service.dao.mongo.EmployeeSvcImpl]
2013-07-25 18:33:21,096 [main] TRACE org.springframework.beans.CachedIntrospectionResults- Caching PropertyDescriptors for class [com.burritopos.service.dao.mongo.EmployeeSvcImpl]
2013-07-25 18:33:21,096 [main] TRACE org.springframework.beans.CachedIntrospectionResults- Found bean property 'class' of type [java.lang.Class]
2013-07-25 18:33:21,096 [main] DEBUG org.springframework.beans.factory.support.DefaultListableBeanFactory- Finished creating instance of bean 'employeeSvc'
2013-07-25 18:33:21,096 [main] DEBUG org.springframework.beans.factory.support.DefaultListableBeanFactory- Returning cached instance of singleton bean 'inventorySvc'
2013-07-25 18:33:21,096 [main] DEBUG org.springframework.beans.factory.support.DefaultListableBeanFactory- Creating shared instance of singleton bean 'managerSvc'
2013-07-25 18:33:21,096 [main] DEBUG org.springframework.beans.factory.support.DefaultListableBeanFactory- Creating instance of bean 'managerSvc'
2013-07-25 18:33:21,097 [main] DEBUG org.springframework.beans.factory.support.DefaultListableBeanFactory- Eagerly caching bean 'managerSvc' to allow for resolving potential circular references
2013-07-25 18:33:21,097 [main] TRACE org.springframework.beans.CachedIntrospectionResults- Getting BeanInfo for class [com.burritopos.service.dao.mongo.ManagerSvcImpl]
2013-07-25 18:33:21,098 [main] TRACE org.springframework.beans.CachedIntrospectionResults- Caching PropertyDescriptors for class [com.burritopos.service.dao.mongo.ManagerSvcImpl]
2013-07-25 18:33:21,098 [main] TRACE org.springframework.beans.CachedIntrospectionResults- Found bean property 'class' of type [java.lang.Class]
2013-07-25 18:33:21,098 [main] DEBUG org.springframework.beans.factory.support.DefaultListableBeanFactory- Finished creating instance of bean 'managerSvc'
2013-07-25 18:33:21,098 [main] DEBUG org.springframework.beans.factory.support.DefaultListableBeanFactory- Returning cached instance of singleton bean 'orderSvc'
2013-07-25 18:33:21,098 [main] DEBUG org.springframework.beans.factory.support.DefaultListableBeanFactory- Creating shared instance of singleton bean 'burritoManagerTestCase'
2013-07-25 18:33:21,098 [main] DEBUG org.springframework.beans.factory.support.DefaultListableBeanFactory- Creating instance of bean 'burritoManagerTestCase'
2013-07-25 18:33:21,101 [main] DEBUG org.springframework.beans.factory.annotation.InjectionMetadata- Registered injected element on class [com.burritopos.business.test.BurritoManagerTestCase]: AutowiredFieldElement for private com.burritopos.business.BurritoManager com.burritopos.business.test.BurritoManagerTestCase.bManager
2013-07-25 18:33:21,101 [main] DEBUG org.springframework.beans.factory.support.DefaultListableBeanFactory- Eagerly caching bean 'burritoManagerTestCase' to allow for resolving potential circular references
2013-07-25 18:33:21,101 [main] TRACE org.springframework.beans.CachedIntrospectionResults- Getting BeanInfo for class [com.burritopos.business.test.BurritoManagerTestCase]
2013-07-25 18:33:21,103 [main] TRACE org.springframework.beans.CachedIntrospectionResults- Caching PropertyDescriptors for class [com.burritopos.business.test.BurritoManagerTestCase]
2013-07-25 18:33:21,103 [main] TRACE org.springframework.beans.CachedIntrospectionResults- Found bean property 'class' of type [java.lang.Class]
2013-07-25 18:33:21,103 [main] DEBUG org.springframework.beans.factory.annotation.InjectionMetadata- Processing injected method of bean 'burritoManagerTestCase': AutowiredFieldElement for private com.burritopos.business.BurritoManager com.burritopos.business.test.BurritoManagerTestCase.bManager
2013-07-25 18:33:21,104 [main] DEBUG org.springframework.beans.factory.support.DefaultListableBeanFactory- Returning cached instance of singleton bean 'burritoManager'
2013-07-25 18:33:21,104 [main] DEBUG org.springframework.beans.factory.annotation.AutowiredAnnotationBeanPostProcessor- Autowiring by type from bean name 'burritoManagerTestCase' to bean named 'burritoManager'
2013-07-25 18:33:21,104 [main] DEBUG org.springframework.beans.factory.support.DefaultListableBeanFactory- Finished creating instance of bean 'burritoManagerTestCase'
2013-07-25 18:33:21,104 [main] DEBUG org.springframework.beans.factory.support.DefaultListableBeanFactory- Creating shared instance of singleton bean 'inventoryManagerTestCase'
2013-07-25 18:33:21,104 [main] DEBUG org.springframework.beans.factory.support.DefaultListableBeanFactory- Creating instance of bean 'inventoryManagerTestCase'
2013-07-25 18:33:21,107 [main] DEBUG org.springframework.beans.factory.annotation.InjectionMetadata- Registered injected element on class [com.burritopos.business.test.InventoryManagerTestCase]: AutowiredFieldElement for private com.burritopos.business.InventoryManager com.burritopos.business.test.InventoryManagerTestCase.iManager
2013-07-25 18:33:21,108 [main] DEBUG org.springframework.beans.factory.annotation.InjectionMetadata- Registered injected element on class [com.burritopos.business.test.InventoryManagerTestCase]: AutowiredFieldElement for private com.burritopos.business.OrderManager com.burritopos.business.test.InventoryManagerTestCase.oManager
2013-07-25 18:33:21,108 [main] DEBUG org.springframework.beans.factory.support.DefaultListableBeanFactory- Eagerly caching bean 'inventoryManagerTestCase' to allow for resolving potential circular references
2013-07-25 18:33:21,108 [main] TRACE org.springframework.beans.CachedIntrospectionResults- Getting BeanInfo for class [com.burritopos.business.test.InventoryManagerTestCase]
2013-07-25 18:33:21,109 [main] TRACE org.springframework.beans.CachedIntrospectionResults- Caching PropertyDescriptors for class [com.burritopos.business.test.InventoryManagerTestCase]
2013-07-25 18:33:21,110 [main] TRACE org.springframework.beans.CachedIntrospectionResults- Found bean property 'class' of type [java.lang.Class]
2013-07-25 18:33:21,110 [main] DEBUG org.springframework.beans.factory.annotation.InjectionMetadata- Processing injected method of bean 'inventoryManagerTestCase': AutowiredFieldElement for private com.burritopos.business.InventoryManager com.burritopos.business.test.InventoryManagerTestCase.iManager
2013-07-25 18:33:21,110 [main] DEBUG org.springframework.beans.factory.support.DefaultListableBeanFactory- Returning cached instance of singleton bean 'inventoryManager'
2013-07-25 18:33:21,110 [main] DEBUG org.springframework.beans.factory.annotation.AutowiredAnnotationBeanPostProcessor- Autowiring by type from bean name 'inventoryManagerTestCase' to bean named 'inventoryManager'
2013-07-25 18:33:21,110 [main] DEBUG org.springframework.beans.factory.annotation.InjectionMetadata- Processing injected method of bean 'inventoryManagerTestCase': AutowiredFieldElement for private com.burritopos.business.OrderManager com.burritopos.business.test.InventoryManagerTestCase.oManager
2013-07-25 18:33:21,110 [main] DEBUG org.springframework.beans.factory.support.DefaultListableBeanFactory- Returning cached instance of singleton bean 'orderManager'
2013-07-25 18:33:21,113 [main] DEBUG org.springframework.beans.factory.annotation.AutowiredAnnotationBeanPostProcessor- Autowiring by type from bean name 'inventoryManagerTestCase' to bean named 'orderManager'
2013-07-25 18:33:21,113 [main] DEBUG org.springframework.beans.factory.support.DefaultListableBeanFactory- Finished creating instance of bean 'inventoryManagerTestCase'
2013-07-25 18:33:21,113 [main] DEBUG org.springframework.beans.factory.support.DefaultListableBeanFactory- Creating shared instance of singleton bean 'orderManagerTestCase'
2013-07-25 18:33:21,113 [main] DEBUG org.springframework.beans.factory.support.DefaultListableBeanFactory- Creating instance of bean 'orderManagerTestCase'
2013-07-25 18:33:21,117 [main] DEBUG org.springframework.beans.factory.annotation.InjectionMetadata- Registered injected element on class [com.burritopos.business.test.OrderManagerTestCase]: AutowiredFieldElement for private com.burritopos.business.OrderManager com.burritopos.business.test.OrderManagerTestCase.oManager
2013-07-25 18:33:21,117 [main] DEBUG org.springframework.beans.factory.support.DefaultListableBeanFactory- Eagerly caching bean 'orderManagerTestCase' to allow for resolving potential circular references
2013-07-25 18:33:21,117 [main] TRACE org.springframework.beans.CachedIntrospectionResults- Getting BeanInfo for class [com.burritopos.business.test.OrderManagerTestCase]
2013-07-25 18:33:21,119 [main] TRACE org.springframework.beans.CachedIntrospectionResults- Caching PropertyDescriptors for class [com.burritopos.business.test.OrderManagerTestCase]
2013-07-25 18:33:21,119 [main] TRACE org.springframework.beans.CachedIntrospectionResults- Found bean property 'class' of type [java.lang.Class]
2013-07-25 18:33:21,119 [main] DEBUG org.springframework.beans.factory.annotation.InjectionMetadata- Processing injected method of bean 'orderManagerTestCase': AutowiredFieldElement for private com.burritopos.business.OrderManager com.burritopos.business.test.OrderManagerTestCase.oManager
2013-07-25 18:33:21,119 [main] DEBUG org.springframework.beans.factory.support.DefaultListableBeanFactory- Returning cached instance of singleton bean 'orderManager'
2013-07-25 18:33:21,120 [main] DEBUG org.springframework.beans.factory.annotation.AutowiredAnnotationBeanPostProcessor- Autowiring by type from bean name 'orderManagerTestCase' to bean named 'orderManager'
2013-07-25 18:33:21,120 [main] DEBUG org.springframework.beans.factory.support.DefaultListableBeanFactory- Finished creating instance of bean 'orderManagerTestCase'
2013-07-25 18:33:21,120 [main] DEBUG org.springframework.beans.factory.support.DefaultListableBeanFactory- Creating shared instance of singleton bean 'burritoSvcTestCase'
2013-07-25 18:33:21,120 [main] DEBUG org.springframework.beans.factory.support.DefaultListableBeanFactory- Creating instance of bean 'burritoSvcTestCase'
2013-07-25 18:33:21,123 [main] DEBUG org.springframework.beans.factory.annotation.InjectionMetadata- Registered injected element on class [com.burritopos.service.test.BurritoSvcImplTestCase]: AutowiredFieldElement for private com.burritopos.service.dao.IBurritoSvc com.burritopos.service.test.BurritoSvcImplTestCase.ics
2013-07-25 18:33:21,123 [main] DEBUG org.springframework.beans.factory.support.DefaultListableBeanFactory- Eagerly caching bean 'burritoSvcTestCase' to allow for resolving potential circular references
2013-07-25 18:33:21,123 [main] TRACE org.springframework.beans.CachedIntrospectionResults- Getting BeanInfo for class [com.burritopos.service.test.BurritoSvcImplTestCase]
2013-07-25 18:33:21,125 [main] TRACE org.springframework.beans.CachedIntrospectionResults- Caching PropertyDescriptors for class [com.burritopos.service.test.BurritoSvcImplTestCase]
2013-07-25 18:33:21,125 [main] TRACE org.springframework.beans.CachedIntrospectionResults- Found bean property 'class' of type [java.lang.Class]
2013-07-25 18:33:21,125 [main] DEBUG org.springframework.beans.factory.annotation.InjectionMetadata- Processing injected method of bean 'burritoSvcTestCase': AutowiredFieldElement for private com.burritopos.service.dao.IBurritoSvc com.burritopos.service.test.BurritoSvcImplTestCase.ics
2013-07-25 18:33:21,126 [main] DEBUG org.springframework.beans.factory.support.DefaultListableBeanFactory- Returning cached instance of singleton bean 'burritoSvc'
2013-07-25 18:33:21,126 [main] DEBUG org.springframework.beans.factory.annotation.AutowiredAnnotationBeanPostProcessor- Autowiring by type from bean name 'burritoSvcTestCase' to bean named 'burritoSvc'
2013-07-25 18:33:21,126 [main] DEBUG org.springframework.beans.factory.support.DefaultListableBeanFactory- Finished creating instance of bean 'burritoSvcTestCase'
2013-07-25 18:33:21,126 [main] DEBUG org.springframework.beans.factory.support.DefaultListableBeanFactory- Creating shared instance of singleton bean 'customerSvcTestCase'
2013-07-25 18:33:21,126 [main] DEBUG org.springframework.beans.factory.support.DefaultListableBeanFactory- Creating instance of bean 'customerSvcTestCase'
2013-07-25 18:33:21,129 [main] DEBUG org.springframework.beans.factory.annotation.InjectionMetadata- Registered injected element on class [com.burritopos.service.test.CustomerSvcImplTestCase]: AutowiredFieldElement for private com.burritopos.service.dao.ICustomerSvc com.burritopos.service.test.CustomerSvcImplTestCase.ics
2013-07-25 18:33:21,129 [main] DEBUG org.springframework.beans.factory.support.DefaultListableBeanFactory- Eagerly caching bean 'customerSvcTestCase' to allow for resolving potential circular references
2013-07-25 18:33:21,129 [main] TRACE org.springframework.beans.CachedIntrospectionResults- Getting BeanInfo for class [com.burritopos.service.test.CustomerSvcImplTestCase]
2013-07-25 18:33:21,131 [main] TRACE org.springframework.beans.CachedIntrospectionResults- Caching PropertyDescriptors for class [com.burritopos.service.test.CustomerSvcImplTestCase]
2013-07-25 18:33:21,131 [main] TRACE org.springframework.beans.CachedIntrospectionResults- Found bean property 'class' of type [java.lang.Class]
2013-07-25 18:33:21,131 [main] DEBUG org.springframework.beans.factory.annotation.InjectionMetadata- Processing injected method of bean 'customerSvcTestCase': AutowiredFieldElement for private com.burritopos.service.dao.ICustomerSvc com.burritopos.service.test.CustomerSvcImplTestCase.ics
2013-07-25 18:33:21,132 [main] DEBUG org.springframework.beans.factory.support.DefaultListableBeanFactory- Returning cached instance of singleton bean 'customerSvc'
2013-07-25 18:33:21,132 [main] DEBUG org.springframework.beans.factory.annotation.AutowiredAnnotationBeanPostProcessor- Autowiring by type from bean name 'customerSvcTestCase' to bean named 'customerSvc'
2013-07-25 18:33:21,132 [main] DEBUG org.springframework.beans.factory.support.DefaultListableBeanFactory- Finished creating instance of bean 'customerSvcTestCase'
2013-07-25 18:33:21,132 [main] DEBUG org.springframework.beans.factory.support.DefaultListableBeanFactory- Creating shared instance of singleton bean 'employeeSvcTestCase'
2013-07-25 18:33:21,132 [main] DEBUG org.springframework.beans.factory.support.DefaultListableBeanFactory- Creating instance of bean 'employeeSvcTestCase'
2013-07-25 18:33:21,134 [main] DEBUG org.springframework.beans.factory.annotation.InjectionMetadata- Registered injected element on class [com.burritopos.service.test.EmployeeSvcImplTestCase]: AutowiredFieldElement for private com.burritopos.service.dao.IEmployeeSvc com.burritopos.service.test.EmployeeSvcImplTestCase.ics
2013-07-25 18:33:21,135 [main] DEBUG org.springframework.beans.factory.support.DefaultListableBeanFactory- Eagerly caching bean 'employeeSvcTestCase' to allow for resolving potential circular references
2013-07-25 18:33:21,135 [main] TRACE org.springframework.beans.CachedIntrospectionResults- Getting BeanInfo for class [com.burritopos.service.test.EmployeeSvcImplTestCase]
2013-07-25 18:33:21,137 [main] TRACE org.springframework.beans.CachedIntrospectionResults- Caching PropertyDescriptors for class [com.burritopos.service.test.EmployeeSvcImplTestCase]
2013-07-25 18:33:21,137 [main] TRACE org.springframework.beans.CachedIntrospectionResults- Found bean property 'class' of type [java.lang.Class]
2013-07-25 18:33:21,137 [main] DEBUG org.springframework.beans.factory.annotation.InjectionMetadata- Processing injected method of bean 'employeeSvcTestCase': AutowiredFieldElement for private com.burritopos.service.dao.IEmployeeSvc com.burritopos.service.test.EmployeeSvcImplTestCase.ics
2013-07-25 18:33:21,137 [main] DEBUG org.springframework.beans.factory.support.DefaultListableBeanFactory- Returning cached instance of singleton bean 'employeeSvc'
2013-07-25 18:33:21,137 [main] DEBUG org.springframework.beans.factory.annotation.AutowiredAnnotationBeanPostProcessor- Autowiring by type from bean name 'employeeSvcTestCase' to bean named 'employeeSvc'
2013-07-25 18:33:21,137 [main] DEBUG org.springframework.beans.factory.support.DefaultListableBeanFactory- Finished creating instance of bean 'employeeSvcTestCase'
2013-07-25 18:33:21,137 [main] DEBUG org.springframework.beans.factory.support.DefaultListableBeanFactory- Creating shared instance of singleton bean 'inventorySvcTestCase'
2013-07-25 18:33:21,137 [main] DEBUG org.springframework.beans.factory.support.DefaultListableBeanFactory- Creating instance of bean 'inventorySvcTestCase'
2013-07-25 18:33:21,141 [main] DEBUG org.springframework.beans.factory.annotation.InjectionMetadata- Registered injected element on class [com.burritopos.service.test.InventorySvcImplTestCase]: AutowiredFieldElement for private com.burritopos.service.dao.IInventorySvc com.burritopos.service.test.InventorySvcImplTestCase.ics
2013-07-25 18:33:21,141 [main] DEBUG org.springframework.beans.factory.support.DefaultListableBeanFactory- Eagerly caching bean 'inventorySvcTestCase' to allow for resolving potential circular references
2013-07-25 18:33:21,141 [main] TRACE org.springframework.beans.CachedIntrospectionResults- Getting BeanInfo for class [com.burritopos.service.test.InventorySvcImplTestCase]
2013-07-25 18:33:21,143 [main] TRACE org.springframework.beans.CachedIntrospectionResults- Caching PropertyDescriptors for class [com.burritopos.service.test.InventorySvcImplTestCase]
2013-07-25 18:33:21,143 [main] TRACE org.springframework.beans.CachedIntrospectionResults- Found bean property 'class' of type [java.lang.Class]
2013-07-25 18:33:21,143 [main] DEBUG org.springframework.beans.factory.annotation.InjectionMetadata- Processing injected method of bean 'inventorySvcTestCase': AutowiredFieldElement for private com.burritopos.service.dao.IInventorySvc com.burritopos.service.test.InventorySvcImplTestCase.ics
2013-07-25 18:33:21,143 [main] DEBUG org.springframework.beans.factory.support.DefaultListableBeanFactory- Returning cached instance of singleton bean 'inventorySvc'
2013-07-25 18:33:21,143 [main] DEBUG org.springframework.beans.factory.annotation.AutowiredAnnotationBeanPostProcessor- Autowiring by type from bean name 'inventorySvcTestCase' to bean named 'inventorySvc'
2013-07-25 18:33:21,143 [main] DEBUG org.springframework.beans.factory.support.DefaultListableBeanFactory- Finished creating instance of bean 'inventorySvcTestCase'
2013-07-25 18:33:21,144 [main] DEBUG org.springframework.beans.factory.support.DefaultListableBeanFactory- Creating shared instance of singleton bean 'managerSvcTestCase'
2013-07-25 18:33:21,144 [main] DEBUG org.springframework.beans.factory.support.DefaultListableBeanFactory- Creating instance of bean 'managerSvcTestCase'
2013-07-25 18:33:21,146 [main] DEBUG org.springframework.beans.factory.annotation.InjectionMetadata- Registered injected element on class [com.burritopos.service.test.ManagerSvcImplTestCase]: AutowiredFieldElement for private com.burritopos.service.dao.IManagerSvc com.burritopos.service.test.ManagerSvcImplTestCase.ics
2013-07-25 18:33:21,146 [main] DEBUG org.springframework.beans.factory.support.DefaultListableBeanFactory- Eagerly caching bean 'managerSvcTestCase' to allow for resolving potential circular references
2013-07-25 18:33:21,146 [main] TRACE org.springframework.beans.CachedIntrospectionResults- Getting BeanInfo for class [com.burritopos.service.test.ManagerSvcImplTestCase]
2013-07-25 18:33:21,148 [main] TRACE org.springframework.beans.CachedIntrospectionResults- Caching PropertyDescriptors for class [com.burritopos.service.test.ManagerSvcImplTestCase]
2013-07-25 18:33:21,148 [main] TRACE org.springframework.beans.CachedIntrospectionResults- Found bean property 'class' of type [java.lang.Class]
2013-07-25 18:33:21,149 [main] DEBUG org.springframework.beans.factory.annotation.InjectionMetadata- Processing injected method of bean 'managerSvcTestCase': AutowiredFieldElement for private com.burritopos.service.dao.IManagerSvc com.burritopos.service.test.ManagerSvcImplTestCase.ics
2013-07-25 18:33:21,149 [main] DEBUG org.springframework.beans.factory.support.DefaultListableBeanFactory- Returning cached instance of singleton bean 'managerSvc'
2013-07-25 18:33:21,149 [main] DEBUG org.springframework.beans.factory.annotation.AutowiredAnnotationBeanPostProcessor- Autowiring by type from bean name 'managerSvcTestCase' to bean named 'managerSvc'
2013-07-25 18:33:21,149 [main] DEBUG org.springframework.beans.factory.support.DefaultListableBeanFactory- Finished creating instance of bean 'managerSvcTestCase'
2013-07-25 18:33:21,149 [main] DEBUG org.springframework.beans.factory.support.DefaultListableBeanFactory- Creating shared instance of singleton bean 'orderSvcTestCase'
2013-07-25 18:33:21,149 [main] DEBUG org.springframework.beans.factory.support.DefaultListableBeanFactory- Creating instance of bean 'orderSvcTestCase'
2013-07-25 18:33:21,152 [main] DEBUG org.springframework.beans.factory.annotation.InjectionMetadata- Registered injected element on class [com.burritopos.service.test.OrderSvcImplTestCase]: AutowiredFieldElement for private com.burritopos.service.dao.IOrderSvc com.burritopos.service.test.OrderSvcImplTestCase.ics
2013-07-25 18:33:21,153 [main] DEBUG org.springframework.beans.factory.support.DefaultListableBeanFactory- Eagerly caching bean 'orderSvcTestCase' to allow for resolving potential circular references
2013-07-25 18:33:21,153 [main] TRACE org.springframework.beans.CachedIntrospectionResults- Getting BeanInfo for class [com.burritopos.service.test.OrderSvcImplTestCase]
2013-07-25 18:33:21,155 [main] TRACE org.springframework.beans.CachedIntrospectionResults- Caching PropertyDescriptors for class [com.burritopos.service.test.OrderSvcImplTestCase]
2013-07-25 18:33:21,155 [main] TRACE org.springframework.beans.CachedIntrospectionResults- Found bean property 'class' of type [java.lang.Class]
2013-07-25 18:33:21,155 [main] DEBUG org.springframework.beans.factory.annotation.InjectionMetadata- Processing injected method of bean 'orderSvcTestCase': AutowiredFieldElement for private com.burritopos.service.dao.IOrderSvc com.burritopos.service.test.OrderSvcImplTestCase.ics
2013-07-25 18:33:21,155 [main] DEBUG org.springframework.beans.factory.support.DefaultListableBeanFactory- Returning cached instance of singleton bean 'orderSvc'
2013-07-25 18:33:21,155 [main] DEBUG org.springframework.beans.factory.annotation.AutowiredAnnotationBeanPostProcessor- Autowiring by type from bean name 'orderSvcTestCase' to bean named 'orderSvc'
2013-07-25 18:33:21,155 [main] DEBUG org.springframework.beans.factory.support.DefaultListableBeanFactory- Finished creating instance of bean 'orderSvcTestCase'
2013-07-25 18:33:21,156 [main] DEBUG org.springframework.beans.factory.support.DefaultListableBeanFactory- Returning cached instance of singleton bean 'org.springframework.context.annotation.ConfigurationClassPostProcessor.importAwareProcessor'
2013-07-25 18:33:21,157 [main] DEBUG org.springframework.context.support.GenericApplicationContext- Unable to locate LifecycleProcessor with name 'lifecycleProcessor': using default [org.springframework.context.support.DefaultLifecycleProcessor@3cfc976e]
2013-07-25 18:33:21,158 [main] DEBUG org.springframework.beans.factory.support.DefaultListableBeanFactory- Returning cached instance of singleton bean 'lifecycleProcessor'
2013-07-25 18:33:21,158 [main] TRACE org.springframework.context.support.GenericApplicationContext- Publishing event in org.springframework.context.support.GenericApplicationContext@719349c5: org.springframework.context.event.ContextRefreshedEvent[source=org.springframework.context.support.GenericApplicationContext@719349c5: startup date [Thu Jul 25 18:33:20 AFT 2013]; root of context hierarchy]
2013-07-25 18:33:21,159 [main] TRACE org.springframework.core.env.PropertySourcesPropertyResolver- getProperty("spring.liveBeansView.mbeanDomain") (implicit targetType [String])
2013-07-25 18:33:21,159 [main] TRACE org.springframework.core.env.PropertySourcesPropertyResolver- getProperty("spring.liveBeansView.mbeanDomain", String)
2013-07-25 18:33:21,160 [main] DEBUG org.springframework.core.env.PropertySourcesPropertyResolver- Searching for key 'spring.liveBeansView.mbeanDomain' in [systemProperties]
2013-07-25 18:33:21,160 [main] DEBUG org.springframework.core.env.PropertySourcesPropertyResolver- Searching for key 'spring.liveBeansView.mbeanDomain' in [systemEnvironment]
2013-07-25 18:33:21,160 [main] TRACE org.springframework.core.env.SystemEnvironmentPropertySource- PropertySource [systemEnvironment] does not contain 'spring.liveBeansView.mbeanDomain'
2013-07-25 18:33:21,160 [main] TRACE org.springframework.core.env.SystemEnvironmentPropertySource- PropertySource [systemEnvironment] does not contain 'spring_liveBeansView_mbeanDomain'
2013-07-25 18:33:21,160 [main] TRACE org.springframework.core.env.SystemEnvironmentPropertySource- PropertySource [systemEnvironment] does not contain 'SPRING.LIVEBEANSVIEW.MBEANDOMAIN'
2013-07-25 18:33:21,160 [main] TRACE org.springframework.core.env.SystemEnvironmentPropertySource- PropertySource [systemEnvironment] does not contain 'SPRING_LIVEBEANSVIEW_MBEANDOMAIN'
2013-07-25 18:33:21,160 [main] DEBUG org.springframework.core.env.PropertySourcesPropertyResolver- Could not find key 'spring.liveBeansView.mbeanDomain' in any property source. Returning [null]
2013-07-25 18:33:21,160 [main] DEBUG org.springframework.test.context.CacheAwareContextLoaderDelegate- Storing ApplicationContext in cache under key [[MergedContextConfiguration@5f900624 testClass = BCryptTestCase, locations = '{classpath:applicationContext.xml}', classes = '{}', contextInitializerClasses = '[]', activeProfiles = '{}', contextLoader = 'org.springframework.test.context.support.DelegatingSmartContextLoader', parent = [null]]].
2013-07-25 18:33:21,160 [main] TRACE org.springframework.beans.CachedIntrospectionResults- Getting BeanInfo for class [com.burritopos.service.test.BCryptTestCase]
2013-07-25 18:33:21,162 [main] TRACE org.springframework.beans.CachedIntrospectionResults- Caching PropertyDescriptors for class [com.burritopos.service.test.BCryptTestCase]
2013-07-25 18:33:21,163 [main] TRACE org.springframework.beans.CachedIntrospectionResults- Found bean property 'class' of type [java.lang.Class]
2013-07-25 18:33:21,166 [main] INFO  com.burritopos.test.BurritoPOSTestCase- *** Starting test: testGensaltInt() ***
2013-07-25 18:33:21,167 [main] TRACE org.springframework.test.context.TestContextManager- beforeTestMethod(): instance [com.burritopos.service.test.BCryptTestCase@4d33a040], method [public void com.burritopos.service.test.BCryptTestCase.testGensaltInt()]
2013-07-25 18:33:21,168 [main] INFO  com.burritopos.test.BurritoPOSTestCase- *** Initializing common resources ***
2013-07-25 18:33:21,168 [main] INFO  com.burritopos.service.test.BCryptTestCase- BCrypt.gensalt(log_rounds):
2013-07-25 18:33:21,168 [main] INFO  com.burritopos.service.test.BCryptTestCase-  Round: 4:
2013-07-25 18:33:21,290 [main] INFO  com.burritopos.service.test.BCryptTestCase-  Round: 5:
2013-07-25 18:33:21,324 [main] INFO  com.burritopos.service.test.BCryptTestCase-  Round: 6:
2013-07-25 18:33:21,386 [main] INFO  com.burritopos.service.test.BCryptTestCase-  Round: 7:
2013-07-25 18:33:21,509 [main] INFO  com.burritopos.service.test.BCryptTestCase-  Round: 8:
2013-07-25 18:33:21,752 [main] INFO  com.burritopos.service.test.BCryptTestCase-  Round: 9:
2013-07-25 18:33:22,240 [main] INFO  com.burritopos.service.test.BCryptTestCase-  Round: 10:
2013-07-25 18:33:23,210 [main] INFO  com.burritopos.service.test.BCryptTestCase-  Round: 11:
2013-07-25 18:33:25,146 [main] INFO  com.burritopos.service.test.BCryptTestCase-  Round: 12:
2013-07-25 18:33:29,015 [main] INFO  com.burritopos.service.test.BCryptTestCase- 
2013-07-25 18:33:29,015 [main] INFO  com.burritopos.test.BurritoPOSTestCase- *** Cleaning up common resources ***
2013-07-25 18:33:29,015 [main] TRACE org.springframework.test.context.TestContextManager- afterTestMethod(): instance [com.burritopos.service.test.BCryptTestCase@4d33a040], method [public void com.burritopos.service.test.BCryptTestCase.testGensaltInt()], exception [null]
2013-07-25 18:33:29,016 [main] DEBUG org.springframework.test.context.support.DirtiesContextTestExecutionListener- After test method: context [[TestContext@785df158 testClass = BCryptTestCase, testInstance = com.burritopos.service.test.BCryptTestCase@4d33a040, testMethod = testGensaltInt@BCryptTestCase, testException = [null], mergedContextConfiguration = [MergedContextConfiguration@5f900624 testClass = BCryptTestCase, locations = '{classpath:applicationContext.xml}', classes = '{}', contextInitializerClasses = '[]', activeProfiles = '{}', contextLoader = 'org.springframework.test.context.support.DelegatingSmartContextLoader', parent = [null]]]], class dirties context [false], class mode [null], method dirties context [false].
2013-07-25 18:33:29,016 [main] DEBUG org.springframework.test.annotation.ProfileValueUtils- Retrieved @ProfileValueSourceConfiguration [null] for test class [com.burritopos.service.test.BCryptTestCase]
2013-07-25 18:33:29,016 [main] DEBUG org.springframework.test.annotation.ProfileValueUtils- Retrieved ProfileValueSource type [class org.springframework.test.annotation.SystemProfileValueSource] for class [com.burritopos.service.test.BCryptTestCase]
2013-07-25 18:33:29,017 [main] TRACE org.springframework.test.context.TestContextManager- prepareTestInstance(): instance [com.burritopos.service.test.BCryptTestCase@1ffcd3ae]
2013-07-25 18:33:29,018 [main] DEBUG org.springframework.test.context.support.DependencyInjectionTestExecutionListener- Performing dependency injection for test context [[TestContext@785df158 testClass = BCryptTestCase, testInstance = com.burritopos.service.test.BCryptTestCase@1ffcd3ae, testMethod = [null], testException = [null], mergedContextConfiguration = [MergedContextConfiguration@5f900624 testClass = BCryptTestCase, locations = '{classpath:applicationContext.xml}', classes = '{}', contextInitializerClasses = '[]', activeProfiles = '{}', contextLoader = 'org.springframework.test.context.support.DelegatingSmartContextLoader', parent = [null]]]].
2013-07-25 18:33:29,018 [main] DEBUG org.springframework.test.context.CacheAwareContextLoaderDelegate- Retrieved ApplicationContext from cache with key [[MergedContextConfiguration@5f900624 testClass = BCryptTestCase, locations = '{classpath:applicationContext.xml}', classes = '{}', contextInitializerClasses = '[]', activeProfiles = '{}', contextLoader = 'org.springframework.test.context.support.DelegatingSmartContextLoader', parent = [null]]].
2013-07-25 18:33:29,018 [main] INFO  com.burritopos.test.BurritoPOSTestCase- *** Starting test: testCheckpw_success() ***
2013-07-25 18:33:29,018 [main] TRACE org.springframework.test.context.TestContextManager- beforeTestMethod(): instance [com.burritopos.service.test.BCryptTestCase@1ffcd3ae], method [public void com.burritopos.service.test.BCryptTestCase.testCheckpw_success()]
2013-07-25 18:33:29,018 [main] INFO  com.burritopos.test.BurritoPOSTestCase- *** Initializing common resources ***
2013-07-25 18:33:29,018 [main] INFO  com.burritopos.service.test.BCryptTestCase- BCrypt.checkpw w/ good passwords: 
2013-07-25 18:33:31,593 [main] INFO  com.burritopos.service.test.BCryptTestCase- 
2013-07-25 18:33:31,594 [main] INFO  com.burritopos.test.BurritoPOSTestCase- *** Cleaning up common resources ***
2013-07-25 18:33:31,594 [main] TRACE org.springframework.test.context.TestContextManager- afterTestMethod(): instance [com.burritopos.service.test.BCryptTestCase@1ffcd3ae], method [public void com.burritopos.service.test.BCryptTestCase.testCheckpw_success()], exception [null]
2013-07-25 18:33:31,594 [main] DEBUG org.springframework.test.context.support.DirtiesContextTestExecutionListener- After test method: context [[TestContext@785df158 testClass = BCryptTestCase, testInstance = com.burritopos.service.test.BCryptTestCase@1ffcd3ae, testMethod = testCheckpw_success@BCryptTestCase, testException = [null], mergedContextConfiguration = [MergedContextConfiguration@5f900624 testClass = BCryptTestCase, locations = '{classpath:applicationContext.xml}', classes = '{}', contextInitializerClasses = '[]', activeProfiles = '{}', contextLoader = 'org.springframework.test.context.support.DelegatingSmartContextLoader', parent = [null]]]], class dirties context [false], class mode [null], method dirties context [false].
2013-07-25 18:33:31,594 [main] DEBUG org.springframework.test.annotation.ProfileValueUtils- Retrieved @ProfileValueSourceConfiguration [null] for test class [com.burritopos.service.test.BCryptTestCase]
2013-07-25 18:33:31,594 [main] DEBUG org.springframework.test.annotation.ProfileValueUtils- Retrieved ProfileValueSource type [class org.springframework.test.annotation.SystemProfileValueSource] for class [com.burritopos.service.test.BCryptTestCase]
2013-07-25 18:33:31,596 [main] TRACE org.springframework.test.context.TestContextManager- prepareTestInstance(): instance [com.burritopos.service.test.BCryptTestCase@3ca1d6b0]
2013-07-25 18:33:31,596 [main] DEBUG org.springframework.test.context.support.DependencyInjectionTestExecutionListener- Performing dependency injection for test context [[TestContext@785df158 testClass = BCryptTestCase, testInstance = com.burritopos.service.test.BCryptTestCase@3ca1d6b0, testMethod = [null], testException = [null], mergedContextConfiguration = [MergedContextConfiguration@5f900624 testClass = BCryptTestCase, locations = '{classpath:applicationContext.xml}', classes = '{}', contextInitializerClasses = '[]', activeProfiles = '{}', contextLoader = 'org.springframework.test.context.support.DelegatingSmartContextLoader', parent = [null]]]].
2013-07-25 18:33:31,596 [main] DEBUG org.springframework.test.context.CacheAwareContextLoaderDelegate- Retrieved ApplicationContext from cache with key [[MergedContextConfiguration@5f900624 testClass = BCryptTestCase, locations = '{classpath:applicationContext.xml}', classes = '{}', contextInitializerClasses = '[]', activeProfiles = '{}', contextLoader = 'org.springframework.test.context.support.DelegatingSmartContextLoader', parent = [null]]].
2013-07-25 18:33:31,596 [main] INFO  com.burritopos.test.BurritoPOSTestCase- *** Starting test: testCheckpw_failure() ***
2013-07-25 18:33:31,596 [main] TRACE org.springframework.test.context.TestContextManager- beforeTestMethod(): instance [com.burritopos.service.test.BCryptTestCase@3ca1d6b0], method [public void com.burritopos.service.test.BCryptTestCase.testCheckpw_failure()]
2013-07-25 18:33:31,596 [main] INFO  com.burritopos.test.BurritoPOSTestCase- *** Initializing common resources ***
2013-07-25 18:33:31,596 [main] INFO  com.burritopos.service.test.BCryptTestCase- BCrypt.checkpw w/ bad passwords: 
2013-07-25 18:33:34,174 [main] INFO  com.burritopos.service.test.BCryptTestCase- 
2013-07-25 18:33:34,175 [main] INFO  com.burritopos.test.BurritoPOSTestCase- *** Cleaning up common resources ***
2013-07-25 18:33:34,175 [main] TRACE org.springframework.test.context.TestContextManager- afterTestMethod(): instance [com.burritopos.service.test.BCryptTestCase@3ca1d6b0], method [public void com.burritopos.service.test.BCryptTestCase.testCheckpw_failure()], exception [null]
2013-07-25 18:33:34,175 [main] DEBUG org.springframework.test.context.support.DirtiesContextTestExecutionListener- After test method: context [[TestContext@785df158 testClass = BCryptTestCase, testInstance = com.burritopos.service.test.BCryptTestCase@3ca1d6b0, testMethod = testCheckpw_failure@BCryptTestCase, testException = [null], mergedContextConfiguration = [MergedContextConfiguration@5f900624 testClass = BCryptTestCase, locations = '{classpath:applicationContext.xml}', classes = '{}', contextInitializerClasses = '[]', activeProfiles = '{}', contextLoader = 'org.springframework.test.context.support.DelegatingSmartContextLoader', parent = [null]]]], class dirties context [false], class mode [null], method dirties context [false].
2013-07-25 18:33:34,175 [main] DEBUG org.springframework.test.annotation.ProfileValueUtils- Retrieved @ProfileValueSourceConfiguration [null] for test class [com.burritopos.service.test.BCryptTestCase]
2013-07-25 18:33:34,175 [main] DEBUG org.springframework.test.annotation.ProfileValueUtils- Retrieved ProfileValueSource type [class org.springframework.test.annotation.SystemProfileValueSource] for class [com.burritopos.service.test.BCryptTestCase]
2013-07-25 18:33:34,177 [main] TRACE org.springframework.test.context.TestContextManager- prepareTestInstance(): instance [com.burritopos.service.test.BCryptTestCase@3e18b104]
2013-07-25 18:33:34,177 [main] DEBUG org.springframework.test.context.support.DependencyInjectionTestExecutionListener- Performing dependency injection for test context [[TestContext@785df158 testClass = BCryptTestCase, testInstance = com.burritopos.service.test.BCryptTestCase@3e18b104, testMethod = [null], testException = [null], mergedContextConfiguration = [MergedContextConfiguration@5f900624 testClass = BCryptTestCase, locations = '{classpath:applicationContext.xml}', classes = '{}', contextInitializerClasses = '[]', activeProfiles = '{}', contextLoader = 'org.springframework.test.context.support.DelegatingSmartContextLoader', parent = [null]]]].
2013-07-25 18:33:34,177 [main] DEBUG org.springframework.test.context.CacheAwareContextLoaderDelegate- Retrieved ApplicationContext from cache with key [[MergedContextConfiguration@5f900624 testClass = BCryptTestCase, locations = '{classpath:applicationContext.xml}', classes = '{}', contextInitializerClasses = '[]', activeProfiles = '{}', contextLoader = 'org.springframework.test.context.support.DelegatingSmartContextLoader', parent = [null]]].
2013-07-25 18:33:34,177 [main] INFO  com.burritopos.test.BurritoPOSTestCase- *** Starting test: testGensalt() ***
2013-07-25 18:33:34,177 [main] TRACE org.springframework.test.context.TestContextManager- beforeTestMethod(): instance [com.burritopos.service.test.BCryptTestCase@3e18b104], method [public void com.burritopos.service.test.BCryptTestCase.testGensalt()]
2013-07-25 18:33:34,177 [main] INFO  com.burritopos.test.BurritoPOSTestCase- *** Initializing common resources ***
2013-07-25 18:33:34,177 [main] INFO  com.burritopos.service.test.BCryptTestCase- BCrypt.gensalt(): 
2013-07-25 18:33:35,149 [main] INFO  com.burritopos.service.test.BCryptTestCase- 
2013-07-25 18:33:35,149 [main] INFO  com.burritopos.test.BurritoPOSTestCase- *** Cleaning up common resources ***
2013-07-25 18:33:35,149 [main] TRACE org.springframework.test.context.TestContextManager- afterTestMethod(): instance [com.burritopos.service.test.BCryptTestCase@3e18b104], method [public void com.burritopos.service.test.BCryptTestCase.testGensalt()], exception [null]
2013-07-25 18:33:35,149 [main] DEBUG org.springframework.test.context.support.DirtiesContextTestExecutionListener- After test method: context [[TestContext@785df158 testClass = BCryptTestCase, testInstance = com.burritopos.service.test.BCryptTestCase@3e18b104, testMethod = testGensalt@BCryptTestCase, testException = [null], mergedContextConfiguration = [MergedContextConfiguration@5f900624 testClass = BCryptTestCase, locations = '{classpath:applicationContext.xml}', classes = '{}', contextInitializerClasses = '[]', activeProfiles = '{}', contextLoader = 'org.springframework.test.context.support.DelegatingSmartContextLoader', parent = [null]]]], class dirties context [false], class mode [null], method dirties context [false].
2013-07-25 18:33:35,150 [main] DEBUG org.springframework.test.annotation.ProfileValueUtils- Retrieved @ProfileValueSourceConfiguration [null] for test class [com.burritopos.service.test.BCryptTestCase]
2013-07-25 18:33:35,150 [main] DEBUG org.springframework.test.annotation.ProfileValueUtils- Retrieved ProfileValueSource type [class org.springframework.test.annotation.SystemProfileValueSource] for class [com.burritopos.service.test.BCryptTestCase]
2013-07-25 18:33:35,151 [main] TRACE org.springframework.test.context.TestContextManager- prepareTestInstance(): instance [com.burritopos.service.test.BCryptTestCase@4edc90c4]
2013-07-25 18:33:35,151 [main] DEBUG org.springframework.test.context.support.DependencyInjectionTestExecutionListener- Performing dependency injection for test context [[TestContext@785df158 testClass = BCryptTestCase, testInstance = com.burritopos.service.test.BCryptTestCase@4edc90c4, testMethod = [null], testException = [null], mergedContextConfiguration = [MergedContextConfiguration@5f900624 testClass = BCryptTestCase, locations = '{classpath:applicationContext.xml}', classes = '{}', contextInitializerClasses = '[]', activeProfiles = '{}', contextLoader = 'org.springframework.test.context.support.DelegatingSmartContextLoader', parent = [null]]]].
2013-07-25 18:33:35,151 [main] DEBUG org.springframework.test.context.CacheAwareContextLoaderDelegate- Retrieved ApplicationContext from cache with key [[MergedContextConfiguration@5f900624 testClass = BCryptTestCase, locations = '{classpath:applicationContext.xml}', classes = '{}', contextInitializerClasses = '[]', activeProfiles = '{}', contextLoader = 'org.springframework.test.context.support.DelegatingSmartContextLoader', parent = [null]]].
2013-07-25 18:33:35,152 [main] INFO  com.burritopos.test.BurritoPOSTestCase- *** Starting test: testInternationalChars() ***
2013-07-25 18:33:35,152 [main] TRACE org.springframework.test.context.TestContextManager- beforeTestMethod(): instance [com.burritopos.service.test.BCryptTestCase@4edc90c4], method [public void com.burritopos.service.test.BCryptTestCase.testInternationalChars()]
2013-07-25 18:33:35,152 [main] INFO  com.burritopos.test.BurritoPOSTestCase- *** Initializing common resources ***
2013-07-25 18:33:35,152 [main] INFO  com.burritopos.service.test.BCryptTestCase- BCrypt.hashpw w/ international chars: 
2013-07-25 18:33:35,346 [main] INFO  com.burritopos.service.test.BCryptTestCase- .
2013-07-25 18:33:35,540 [main] INFO  com.burritopos.service.test.BCryptTestCase- .
2013-07-25 18:33:35,540 [main] INFO  com.burritopos.service.test.BCryptTestCase- 
2013-07-25 18:33:35,540 [main] INFO  com.burritopos.test.BurritoPOSTestCase- *** Cleaning up common resources ***
2013-07-25 18:33:35,540 [main] TRACE org.springframework.test.context.TestContextManager- afterTestMethod(): instance [com.burritopos.service.test.BCryptTestCase@4edc90c4], method [public void com.burritopos.service.test.BCryptTestCase.testInternationalChars()], exception [null]
2013-07-25 18:33:35,540 [main] DEBUG org.springframework.test.context.support.DirtiesContextTestExecutionListener- After test method: context [[TestContext@785df158 testClass = BCryptTestCase, testInstance = com.burritopos.service.test.BCryptTestCase@4edc90c4, testMethod = testInternationalChars@BCryptTestCase, testException = [null], mergedContextConfiguration = [MergedContextConfiguration@5f900624 testClass = BCryptTestCase, locations = '{classpath:applicationContext.xml}', classes = '{}', contextInitializerClasses = '[]', activeProfiles = '{}', contextLoader = 'org.springframework.test.context.support.DelegatingSmartContextLoader', parent = [null]]]], class dirties context [false], class mode [null], method dirties context [false].
2013-07-25 18:33:35,540 [main] DEBUG org.springframework.test.annotation.ProfileValueUtils- Retrieved @ProfileValueSourceConfiguration [null] for test class [com.burritopos.service.test.BCryptTestCase]
2013-07-25 18:33:35,541 [main] DEBUG org.springframework.test.annotation.ProfileValueUtils- Retrieved ProfileValueSource type [class org.springframework.test.annotation.SystemProfileValueSource] for class [com.burritopos.service.test.BCryptTestCase]
2013-07-25 18:33:35,542 [main] TRACE org.springframework.test.context.TestContextManager- prepareTestInstance(): instance [com.burritopos.service.test.BCryptTestCase@4a83faf]
2013-07-25 18:33:35,542 [main] DEBUG org.springframework.test.context.support.DependencyInjectionTestExecutionListener- Performing dependency injection for test context [[TestContext@785df158 testClass = BCryptTestCase, testInstance = com.burritopos.service.test.BCryptTestCase@4a83faf, testMethod = [null], testException = [null], mergedContextConfiguration = [MergedContextConfiguration@5f900624 testClass = BCryptTestCase, locations = '{classpath:applicationContext.xml}', classes = '{}', contextInitializerClasses = '[]', activeProfiles = '{}', contextLoader = 'org.springframework.test.context.support.DelegatingSmartContextLoader', parent = [null]]]].
2013-07-25 18:33:35,542 [main] DEBUG org.springframework.test.context.CacheAwareContextLoaderDelegate- Retrieved ApplicationContext from cache with key [[MergedContextConfiguration@5f900624 testClass = BCryptTestCase, locations = '{classpath:applicationContext.xml}', classes = '{}', contextInitializerClasses = '[]', activeProfiles = '{}', contextLoader = 'org.springframework.test.context.support.DelegatingSmartContextLoader', parent = [null]]].
2013-07-25 18:33:35,542 [main] INFO  com.burritopos.test.BurritoPOSTestCase- *** Starting test: testHashpw() ***
2013-07-25 18:33:35,543 [main] TRACE org.springframework.test.context.TestContextManager- beforeTestMethod(): instance [com.burritopos.service.test.BCryptTestCase@4a83faf], method [public void com.burritopos.service.test.BCryptTestCase.testHashpw()]
2013-07-25 18:33:35,543 [main] INFO  com.burritopos.test.BurritoPOSTestCase- *** Initializing common resources ***
2013-07-25 18:33:35,543 [main] INFO  com.burritopos.service.test.BCryptTestCase- BCrypt.hashpw(): 
2013-07-25 18:33:38,123 [main] INFO  com.burritopos.service.test.BCryptTestCase- 
2013-07-25 18:33:38,123 [main] INFO  com.burritopos.test.BurritoPOSTestCase- *** Cleaning up common resources ***
2013-07-25 18:33:38,123 [main] TRACE org.springframework.test.context.TestContextManager- afterTestMethod(): instance [com.burritopos.service.test.BCryptTestCase@4a83faf], method [public void com.burritopos.service.test.BCryptTestCase.testHashpw()], exception [null]
2013-07-25 18:33:38,123 [main] DEBUG org.springframework.test.context.support.DirtiesContextTestExecutionListener- After test method: context [[TestContext@785df158 testClass = BCryptTestCase, testInstance = com.burritopos.service.test.BCryptTestCase@4a83faf, testMethod = testHashpw@BCryptTestCase, testException = [null], mergedContextConfiguration = [MergedContextConfiguration@5f900624 testClass = BCryptTestCase, locations = '{classpath:applicationContext.xml}', classes = '{}', contextInitializerClasses = '[]', activeProfiles = '{}', contextLoader = 'org.springframework.test.context.support.DelegatingSmartContextLoader', parent = [null]]]], class dirties context [false], class mode [null], method dirties context [false].
2013-07-25 18:33:38,123 [main] TRACE org.springframework.test.context.TestContextManager- afterTestClass(): class [class com.burritopos.service.test.BCryptTestCase]
2013-07-25 18:33:38,123 [main] DEBUG org.springframework.test.context.support.DirtiesContextTestExecutionListener- After test class: context [[TestContext@785df158 testClass = BCryptTestCase, testInstance = [null], testMethod = [null], testException = [null], mergedContextConfiguration = [MergedContextConfiguration@5f900624 testClass = BCryptTestCase, locations = '{classpath:applicationContext.xml}', classes = '{}', contextInitializerClasses = '[]', activeProfiles = '{}', contextLoader = 'org.springframework.test.context.support.DelegatingSmartContextLoader', parent = [null]]]], dirtiesContext [false].
]]></system-out>
  <system-err><![CDATA[log4j:WARN No appenders could be found for logger (org.springframework.test.context.junit4.SpringJUnit4ClassRunner).
log4j:WARN Please initialize the log4j system properly.
log4j:WARN See http://logging.apache.org/log4j/1.2/faq.html#noconfig for more info.
]]></system-err>
</testsuite>
