<?xml version="1.0" encoding="UTF-8" ?>
<testsuite errors="0" failures="0" hostname="ISS204646" name="com.burritopos.business.test.InventoryManagerTestCase" skipped="0" tests="6" time="3.606" timestamp="2013-07-24T06:54:32">
  <properties>
    <property name="java.vendor" value="Oracle Corporation" />
    <property name="lib.dir" value="C:\Users\james.bloom\workspace\BurritoPOS/lib" />
    <property name="sun.java.launcher" value="SUN_STANDARD" />
    <property name="sun.management.compiler" value="HotSpot 64-Bit Tiered Compilers" />
    <property name="os.name" value="Windows 7" />
    <property name="sun.boot.class.path" value="C:\Program Files\Java\jdk1.7.0_11\jre\lib\resources.jar;C:\Program Files\Java\jdk1.7.0_11\jre\lib\rt.jar;C:\Program Files\Java\jdk1.7.0_11\jre\lib\sunrsasign.jar;C:\Program Files\Java\jdk1.7.0_11\jre\lib\jsse.jar;C:\Program Files\Java\jdk1.7.0_11\jre\lib\jce.jar;C:\Program Files\Java\jdk1.7.0_11\jre\lib\charsets.jar;C:\Program Files\Java\jdk1.7.0_11\jre\lib\jfr.jar;C:\Program Files\Java\jdk1.7.0_11\jre\classes" />
    <property name="sun.desktop" value="windows" />
    <property name="java.vm.specification.vendor" value="Oracle Corporation" />
    <property name="ant.home" value="C:\Program Files (x86)\ant\bin\.." />
    <property name="java.runtime.version" value="1.7.0_11-b21" />
    <property name="user.name" value="james.bloom" />
    <property name="build.dir" value="C:\Users\james.bloom\workspace\BurritoPOS/build" />
    <property name="user.language" value="en" />
    <property name="sun.boot.library.path" value="C:\Program Files\Java\jdk1.7.0_11\jre\bin" />
    <property name="ant.project.default-target" value="runjar" />
    <property name="ant.project.name" value="BurritoPOSClient" />
    <property name="java.version" value="1.7.0_11" />
    <property name="user.timezone" value="" />
    <property name="sun.arch.data.model" value="64" />
    <property name="java.endorsed.dirs" value="C:\Program Files\Java\jdk1.7.0_11\jre\lib\endorsed" />
    <property name="sun.cpu.isalist" value="amd64" />
    <property name="sun.jnu.encoding" value="Cp1252" />
    <property name="file.encoding.pkg" value="sun.io" />
    <property name="ant.file.BurritoPOSClient" value="C:\Users\james.bloom\workspace\BurritoPOS\build.xml" />
    <property name="file.separator" value="\" />
    <property name="java.specification.name" value="Java Platform API Specification" />
    <property name="java.class.version" value="51.0" />
    <property name="user.country" value="US" />
    <property name="java.home" value="C:\Program Files\Java\jdk1.7.0_11\jre" />
    <property name="java.vm.info" value="mixed mode" />
    <property name="ant.file" value="C:\Users\james.bloom\workspace\BurritoPOS\build.xml" />
    <property name="os.version" value="6.1" />
    <property name="path.separator" value=";" />
    <property name="java.vm.version" value="23.6-b04" />
    <property name="report.dir" value="C:\Users\james.bloom\workspace\BurritoPOS/build/report" />
    <property name="user.variant" value="" />
    <property name="ant.library.dir" value="C:\Program Files (x86)\ant\lib" />
    <property name="java.awt.printerjob" value="sun.awt.windows.WPrinterJob" />
    <property name="sun.io.unicode.encoding" value="UnicodeLittle" />
    <property name="awt.toolkit" value="sun.awt.windows.WToolkit" />
    <property name="user.script" value="" />
    <property name="user.home" value="C:\Users\james.bloom" />
    <property name="java.specification.vendor" value="Oracle Corporation" />
    <property name="java.library.path" value="C:\Program Files\Java\jdk1.7.0_11\bin;C:\Windows\Sun\Java\bin;C:\Windows\system32;C:\Windows;C:\Ruby193\bin;C:\Program Files (x86)\SemanticDesigns\DMS\Executables;C:\Windows\system32;C:\Windows;C:\Windows\System32\Wbem;C:\Windows\System32\WindowsPowerShell\v1.0\;C:\Program Files\WIDCOMM\Bluetooth Software\;C:\Program Files\WIDCOMM\Bluetooth Software\syswow64;C:\Program Files\Intel\WiFi\bin\;C:\Program Files\Common Files\Intel\WirelessCommon\;C:\Program Files (x86)\Common Files\Roxio Shared\DLLShared\;C:\Program Files (x86)\Common Files\Roxio Shared\10.0\DLLShared\;C:\Program Files\Windows Imaging\;C:\Program Files\TortoiseSVN\bin;C:\Program Files (x86)\Microsoft SQL Server\100\Tools\Binn\;C:\Program Files\Microsoft SQL Server\100\Tools\Binn\;C:\Program Files\Microsoft SQL Server\100\DTS\Binn\;C:\Program Files (x86)\Calibre2\;C:\Program Files (x86)\Git\cmd;c:\program files\java\jdk1.7.0_11\bin;c:\cep\mule\bin;c:\cep\hornetq\bin;c:\cep\tomcat\bin;c:\cep\maven\bin;c:\cep\mongodb\bin;C:\Program Files (x86)\GNU\GnuPG\pub;C:\Program Files (x86)\ant\bin;C:\Program Files\TortoiseGit\bin;C:\Program Files\Calibre2\;C:\Program Files (x86)\SemanticDesigns\DMS\Executables;C:\Windows\system32;C:\Windows;C:\Windows\System32\Wbem;C:\Windows\System32\WindowsPowerShell\v1.0\;C:\Program Files\WIDCOMM\Bluetooth Software\;C:\Program Files\WIDCOMM\Bluetooth Software\syswow64;C:\Program Files\Intel\WiFi\bin\;C:\Program Files\Common Files\Intel\WirelessCommon\;C:\Program Files (x86)\Common Files\Roxio Shared\DLLShared\;C:\Program Files (x86)\Common Files\Roxio Shared\10.0\DLLShared\;C:\Program Files\Windows Imaging\;C:\Program Files\TortoiseSVN\bin;C:\Program Files (x86)\Microsoft SQL Server\100\Tools\Binn\;C:\Program Files\Microsoft SQL Server\100\Tools\Binn\;C:\Program Files\Microsoft SQL Server\100\DTS\Binn\;C:\Program Files (x86)\Calibre2\;C:\Program Files (x86)\Git\cmd;C:\Program Files\TortoiseGit\bin;C:\Program Files\Java\jdk1.7.0_11\bin;C:\cep\mule\bin;%HORNET_HOME%\bin;C:/cep/tomcat\bin;C:\cep\maven\bin;C:\cep\mongodb\bin;C:\Program Files (x86)\ant\bin;." />
    <property name="java.vendor.url" value="http://java.oracle.com/" />
    <property name="bin.dir" value="C:\Users\james.bloom\workspace\BurritoPOS/bin" />
    <property name="java.vm.vendor" value="Oracle Corporation" />
    <property name="java.runtime.name" value="Java(TM) SE Runtime Environment" />
    <property name="sun.java.command" value="org.apache.tools.ant.launch.Launcher -d -v" />
    <property name="java.class.path" value="C:\Program Files (x86)\ant\bin\..\lib\ant-launcher.jar;C:\Program Files (x86)\ant\lib\ant-antlr.jar;C:\Program Files (x86)\ant\lib\ant-apache-bcel.jar;C:\Program Files (x86)\ant\lib\ant-apache-bsf.jar;C:\Program Files (x86)\ant\lib\ant-apache-log4j.jar;C:\Program Files (x86)\ant\lib\ant-apache-oro.jar;C:\Program Files (x86)\ant\lib\ant-apache-regexp.jar;C:\Program Files (x86)\ant\lib\ant-apache-resolver.jar;C:\Program Files (x86)\ant\lib\ant-apache-xalan2.jar;C:\Program Files (x86)\ant\lib\ant-commons-logging.jar;C:\Program Files (x86)\ant\lib\ant-commons-net.jar;C:\Program Files (x86)\ant\lib\ant-jai.jar;C:\Program Files (x86)\ant\lib\ant-javamail.jar;C:\Program Files (x86)\ant\lib\ant-jdepend.jar;C:\Program Files (x86)\ant\lib\ant-jmf.jar;C:\Program Files (x86)\ant\lib\ant-jsch.jar;C:\Program Files (x86)\ant\lib\ant-junit.jar;C:\Program Files (x86)\ant\lib\ant-junit4.jar;C:\Program Files (x86)\ant\lib\ant-launcher.jar;C:\Program Files (x86)\ant\lib\ant-netrexx.jar;C:\Program Files (x86)\ant\lib\ant-swing.jar;C:\Program Files (x86)\ant\lib\ant-testutil.jar;C:\Program Files (x86)\ant\lib\ant.jar;C:\Program Files (x86)\ant\lib\hamcrest.jar;C:\Program Files (x86)\ant\lib\junit.jar;C:\Program Files\Java\jdk1.7.0_11\lib\tools.jar" />
    <property name="ant.version" value="Apache Ant(TM) version 1.9.2 compiled on July 8 2013" />
    <property name="java.vm.specification.name" value="Java Virtual Machine Specification" />
    <property name="ant.file.type" value="file" />
    <property name="ant.file.type.BurritoPOSClient" value="file" />
    <property name="java.vm.specification.version" value="1.7" />
    <property name="sun.cpu.endian" value="little" />
    <property name="sun.os.patch.level" value="Service Pack 1" />
    <property name="java.io.tmpdir" value="C:\Users\JAMES~1.BLO\AppData\Local\Temp\" />
    <property name="java.vendor.url.bug" value="http://bugreport.sun.com/bugreport/" />
    <property name="os.arch" value="amd64" />
    <property name="java.awt.graphicsenv" value="sun.awt.Win32GraphicsEnvironment" />
    <property name="java.ext.dirs" value="C:\Program Files\Java\jdk1.7.0_11\jre\lib\ext;C:\Windows\Sun\Java\lib\ext" />
    <property name="user.dir" value="C:\Users\james.bloom\workspace\BurritoPOS" />
    <property name="line.separator" value="&#xd;&#xa;" />
    <property name="java.vm.name" value="Java HotSpot(TM) 64-Bit Server VM" />
    <property name="basedir" value="C:\Users\james.bloom\workspace\BurritoPOS" />
    <property name="ant.java.version" value="1.7" />
    <property name="config.dir" value="C:\Users\james.bloom\workspace\BurritoPOS/config" />
    <property name="ant.core.lib" value="C:\Program Files (x86)\ant\lib\ant.jar" />
    <property name="file.encoding" value="Cp1252" />
    <property name="java.specification.version" value="1.7" />
    <property name="src.dir" value="C:\Users\james.bloom\workspace\BurritoPOS/src" />
    <property name="ant.project.invoked-targets" value="runjar" />
  </properties>
  <testcase classname="com.burritopos.business.test.InventoryManagerTestCase" name="testRemoveFromInventoryInventoryBurrito" time="3.494" />
  <testcase classname="com.burritopos.business.test.InventoryManagerTestCase" name="testUpdateInventory" time="0.022" />
  <testcase classname="com.burritopos.business.test.InventoryManagerTestCase" name="testReturnToInventoryInventoryBurrito" time="0.022" />
  <testcase classname="com.burritopos.business.test.InventoryManagerTestCase" name="testReturnToInventoryInventoryOrder" time="0.024" />
  <testcase classname="com.burritopos.business.test.InventoryManagerTestCase" name="testCreateInventory" time="0.015" />
  <testcase classname="com.burritopos.business.test.InventoryManagerTestCase" name="testRemoveFromInventoryInventoryOrder" time="0.022" />
  <system-out><![CDATA[2013-07-24 11:24:32,491 [main] TRACE org.springframework.test.context.TestContextManager- prepareTestInstance(): instance [com.burritopos.business.test.InventoryManagerTestCase@3a3a5631]
2013-07-24 11:24:32,492 [main] DEBUG org.springframework.test.context.support.DependencyInjectionTestExecutionListener- Performing dependency injection for test context [[TestContext@4bf0c8d4 testClass = InventoryManagerTestCase, testInstance = com.burritopos.business.test.InventoryManagerTestCase@3a3a5631, testMethod = [null], testException = [null], mergedContextConfiguration = [MergedContextConfiguration@2d10fd3f testClass = InventoryManagerTestCase, locations = '{classpath:applicationContext.xml}', classes = '{}', contextInitializerClasses = '[]', activeProfiles = '{}', contextLoader = 'org.springframework.test.context.support.DelegatingSmartContextLoader', parent = [null]]]].
2013-07-24 11:24:32,492 [main] DEBUG org.springframework.test.context.support.AbstractDelegatingSmartContextLoader- Delegating to GenericXmlContextLoader to load context from [MergedContextConfiguration@2d10fd3f testClass = InventoryManagerTestCase, locations = '{classpath:applicationContext.xml}', classes = '{}', contextInitializerClasses = '[]', activeProfiles = '{}', contextLoader = 'org.springframework.test.context.support.DelegatingSmartContextLoader', parent = [null]].
2013-07-24 11:24:32,493 [main] DEBUG org.springframework.test.context.support.AbstractGenericContextLoader- Loading ApplicationContext for merged context configuration [[MergedContextConfiguration@2d10fd3f testClass = InventoryManagerTestCase, locations = '{classpath:applicationContext.xml}', classes = '{}', contextInitializerClasses = '[]', activeProfiles = '{}', contextLoader = 'org.springframework.test.context.support.DelegatingSmartContextLoader', parent = [null]]].
2013-07-24 11:24:32,559 [main] DEBUG org.springframework.core.env.StandardEnvironment- Initializing new StandardEnvironment
2013-07-24 11:24:32,560 [main] DEBUG org.springframework.core.env.StandardEnvironment- Adding [systemProperties] PropertySource with lowest search precedence
2013-07-24 11:24:32,560 [main] DEBUG org.springframework.core.env.StandardEnvironment- Adding [systemEnvironment] PropertySource with lowest search precedence
2013-07-24 11:24:32,561 [main] DEBUG org.springframework.core.env.StandardEnvironment- Initialized StandardEnvironment with PropertySources [systemProperties,systemEnvironment]
2013-07-24 11:24:32,565 [main] DEBUG org.springframework.core.env.StandardEnvironment- Initializing new StandardEnvironment
2013-07-24 11:24:32,565 [main] DEBUG org.springframework.core.env.StandardEnvironment- Adding [systemProperties] PropertySource with lowest search precedence
2013-07-24 11:24:32,565 [main] DEBUG org.springframework.core.env.StandardEnvironment- Adding [systemEnvironment] PropertySource with lowest search precedence
2013-07-24 11:24:32,565 [main] DEBUG org.springframework.core.env.StandardEnvironment- Initialized StandardEnvironment with PropertySources [systemProperties,systemEnvironment]
2013-07-24 11:24:32,571 [main] INFO  org.springframework.beans.factory.xml.XmlBeanDefinitionReader- Loading XML bean definitions from class path resource [applicationContext.xml]
2013-07-24 11:24:32,574 [main] DEBUG org.springframework.beans.factory.xml.DefaultDocumentLoader- Using JAXP provider [com.sun.org.apache.xerces.internal.jaxp.DocumentBuilderFactoryImpl]
2013-07-24 11:24:32,575 [main] TRACE org.springframework.beans.factory.xml.PluggableSchemaResolver- Trying to resolve XML entity with public id [null] and system id [http://www.springframework.org/schema/beans/spring-beans-3.1.xsd]
2013-07-24 11:24:32,575 [main] DEBUG org.springframework.beans.factory.xml.PluggableSchemaResolver- Loading schema mappings from [META-INF/spring.schemas]
2013-07-24 11:24:32,578 [main] DEBUG org.springframework.beans.factory.xml.PluggableSchemaResolver- Loaded schema mappings: {http://www.springframework.org/schema/util/spring-util.xsd=org/springframework/beans/factory/xml/spring-util-3.2.xsd, http://www.springframework.org/schema/jee/spring-jee-3.2.xsd=org/springframework/ejb/config/spring-jee-3.2.xsd, http://www.springframework.org/schema/task/spring-task.xsd=org/springframework/scheduling/config/spring-task-3.2.xsd, http://www.springframework.org/schema/beans/spring-beans-3.1.xsd=org/springframework/beans/factory/xml/spring-beans-3.1.xsd, http://www.springframework.org/schema/cache/spring-cache.xsd=org/springframework/cache/config/spring-cache-3.2.xsd, http://www.springframework.org/schema/aop/spring-aop-3.0.xsd=org/springframework/aop/config/spring-aop-3.0.xsd, http://www.springframework.org/schema/task/spring-task-3.1.xsd=org/springframework/scheduling/config/spring-task-3.1.xsd, http://www.springframework.org/schema/aop/spring-aop-2.0.xsd=org/springframework/aop/config/spring-aop-2.0.xsd, http://www.springframework.org/schema/tool/spring-tool-2.5.xsd=org/springframework/beans/factory/xml/spring-tool-2.5.xsd, http://www.springframework.org/schema/beans/spring-beans.xsd=org/springframework/beans/factory/xml/spring-beans-3.2.xsd, http://www.springframework.org/schema/jee/spring-jee-2.5.xsd=org/springframework/ejb/config/spring-jee-2.5.xsd, http://www.springframework.org/schema/jdbc/spring-jdbc-3.1.xsd=org/springframework/jdbc/config/spring-jdbc-3.1.xsd, http://www.springframework.org/schema/tool/spring-tool-3.1.xsd=org/springframework/beans/factory/xml/spring-tool-3.1.xsd, http://www.springframework.org/schema/jee/spring-jee-3.1.xsd=org/springframework/ejb/config/spring-jee-3.1.xsd, http://www.springframework.org/schema/aop/spring-aop.xsd=org/springframework/aop/config/spring-aop-3.2.xsd, http://www.springframework.org/schema/tx/spring-tx-3.2.xsd=org/springframework/transaction/config/spring-tx-3.2.xsd, http://www.springframework.org/schema/context/spring-context-3.2.xsd=org/springframework/context/config/spring-context-3.2.xsd, http://www.springframework.org/schema/beans/spring-beans-2.0.xsd=org/springframework/beans/factory/xml/spring-beans-2.0.xsd, http://www.springframework.org/schema/util/spring-util-3.2.xsd=org/springframework/beans/factory/xml/spring-util-3.2.xsd, http://www.springframework.org/schema/lang/spring-lang-3.2.xsd=org/springframework/scripting/config/spring-lang-3.2.xsd, http://www.springframework.org/schema/beans/spring-beans-3.0.xsd=org/springframework/beans/factory/xml/spring-beans-3.0.xsd, http://www.springframework.org/schema/cache/spring-cache-3.2.xsd=org/springframework/cache/config/spring-cache-3.2.xsd, http://www.springframework.org/schema/task/spring-task-3.0.xsd=org/springframework/scheduling/config/spring-task-3.0.xsd, http://www.springframework.org/schema/tx/spring-tx-2.5.xsd=org/springframework/transaction/config/spring-tx-2.5.xsd, http://www.springframework.org/schema/context/spring-context-2.5.xsd=org/springframework/context/config/spring-context-2.5.xsd, http://www.springframework.org/schema/jdbc/spring-jdbc-3.0.xsd=org/springframework/jdbc/config/spring-jdbc-3.0.xsd, http://www.springframework.org/schema/tool/spring-tool-3.0.xsd=org/springframework/beans/factory/xml/spring-tool-3.0.xsd, http://www.springframework.org/schema/tx/spring-tx.xsd=org/springframework/transaction/config/spring-tx-3.2.xsd, http://www.springframework.org/schema/lang/spring-lang.xsd=org/springframework/scripting/config/spring-lang-3.2.xsd, http://www.springframework.org/schema/tool/spring-tool-2.0.xsd=org/springframework/beans/factory/xml/spring-tool-2.0.xsd, http://www.springframework.org/schema/util/spring-util-2.5.xsd=org/springframework/beans/factory/xml/spring-util-2.5.xsd, http://www.springframework.org/schema/lang/spring-lang-2.5.xsd=org/springframework/scripting/config/spring-lang-2.5.xsd, http://www.springframework.org/schema/aop/spring-aop-3.2.xsd=org/springframework/aop/config/spring-aop-3.2.xsd, http://www.springframework.org/schema/jee/spring-jee-3.0.xsd=org/springframework/ejb/config/spring-jee-3.0.xsd, http://www.springframework.org/schema/tx/spring-tx-3.1.xsd=org/springframework/transaction/config/spring-tx-3.1.xsd, http://www.springframework.org/schema/jee/spring-jee-2.0.xsd=org/springframework/ejb/config/spring-jee-2.0.xsd, http://www.springframework.org/schema/context/spring-context-3.1.xsd=org/springframework/context/config/spring-context-3.1.xsd, http://www.springframework.org/schema/util/spring-util-3.1.xsd=org/springframework/beans/factory/xml/spring-util-3.1.xsd, http://www.springframework.org/schema/lang/spring-lang-3.1.xsd=org/springframework/scripting/config/spring-lang-3.1.xsd, http://www.springframework.org/schema/cache/spring-cache-3.1.xsd=org/springframework/cache/config/spring-cache-3.1.xsd, http://www.springframework.org/schema/context/spring-context.xsd=org/springframework/context/config/spring-context-3.2.xsd, http://www.springframework.org/schema/jee/spring-jee.xsd=org/springframework/ejb/config/spring-jee-3.2.xsd, http://www.springframework.org/schema/aop/spring-aop-2.5.xsd=org/springframework/aop/config/spring-aop-2.5.xsd, http://www.springframework.org/schema/jdbc/spring-jdbc.xsd=org/springframework/jdbc/config/spring-jdbc-3.2.xsd, http://www.springframework.org/schema/beans/spring-beans-3.2.xsd=org/springframework/beans/factory/xml/spring-beans-3.2.xsd, http://www.springframework.org/schema/tx/spring-tx-2.0.xsd=org/springframework/transaction/config/spring-tx-2.0.xsd, http://www.springframework.org/schema/aop/spring-aop-3.1.xsd=org/springframework/aop/config/spring-aop-3.1.xsd, http://www.springframework.org/schema/task/spring-task-3.2.xsd=org/springframework/scheduling/config/spring-task-3.2.xsd, http://www.springframework.org/schema/tx/spring-tx-3.0.xsd=org/springframework/transaction/config/spring-tx-3.0.xsd, http://www.springframework.org/schema/context/spring-context-3.0.xsd=org/springframework/context/config/spring-context-3.0.xsd, http://www.springframework.org/schema/tool/spring-tool.xsd=org/springframework/beans/factory/xml/spring-tool-3.2.xsd, http://www.springframework.org/schema/util/spring-util-3.0.xsd=org/springframework/beans/factory/xml/spring-util-3.0.xsd, http://www.springframework.org/schema/lang/spring-lang-3.0.xsd=org/springframework/scripting/config/spring-lang-3.0.xsd, http://www.springframework.org/schema/util/spring-util-2.0.xsd=org/springframework/beans/factory/xml/spring-util-2.0.xsd, http://www.springframework.org/schema/lang/spring-lang-2.0.xsd=org/springframework/scripting/config/spring-lang-2.0.xsd, http://www.springframework.org/schema/jdbc/spring-jdbc-3.2.xsd=org/springframework/jdbc/config/spring-jdbc-3.2.xsd, http://www.springframework.org/schema/tool/spring-tool-3.2.xsd=org/springframework/beans/factory/xml/spring-tool-3.2.xsd, http://www.springframework.org/schema/beans/spring-beans-2.5.xsd=org/springframework/beans/factory/xml/spring-beans-2.5.xsd}
2013-07-24 11:24:32,579 [main] DEBUG org.springframework.beans.factory.xml.PluggableSchemaResolver- Found XML schema [http://www.springframework.org/schema/beans/spring-beans-3.1.xsd] in classpath: org/springframework/beans/factory/xml/spring-beans-3.1.xsd
2013-07-24 11:24:32,595 [main] TRACE org.springframework.beans.factory.xml.PluggableSchemaResolver- Trying to resolve XML entity with public id [null] and system id [http://www.springframework.org/schema/context/spring-context-3.1.xsd]
2013-07-24 11:24:32,596 [main] DEBUG org.springframework.beans.factory.xml.PluggableSchemaResolver- Found XML schema [http://www.springframework.org/schema/context/spring-context-3.1.xsd] in classpath: org/springframework/context/config/spring-context-3.1.xsd
2013-07-24 11:24:32,600 [main] TRACE org.springframework.beans.factory.xml.PluggableSchemaResolver- Trying to resolve XML entity with public id [null] and system id [http://www.springframework.org/schema/tool/spring-tool-3.1.xsd]
2013-07-24 11:24:32,600 [main] DEBUG org.springframework.beans.factory.xml.PluggableSchemaResolver- Found XML schema [http://www.springframework.org/schema/tool/spring-tool-3.1.xsd] in classpath: org/springframework/beans/factory/xml/spring-tool-3.1.xsd
2013-07-24 11:24:32,610 [main] DEBUG org.springframework.beans.factory.xml.DefaultBeanDefinitionDocumentReader- Loading bean definitions
2013-07-24 11:24:32,618 [main] DEBUG org.springframework.beans.factory.xml.DefaultNamespaceHandlerResolver- Loaded NamespaceHandler mappings: {http://www.springframework.org/schema/p=org.springframework.beans.factory.xml.SimplePropertyNamespaceHandler, http://www.springframework.org/schema/util=org.springframework.beans.factory.xml.UtilNamespaceHandler, http://www.springframework.org/schema/jee=org.springframework.ejb.config.JeeNamespaceHandler, http://www.springframework.org/schema/aop=org.springframework.aop.config.AopNamespaceHandler, http://www.springframework.org/schema/jdbc=org.springframework.jdbc.config.JdbcNamespaceHandler, http://www.springframework.org/schema/cache=org.springframework.cache.config.CacheNamespaceHandler, http://www.springframework.org/schema/c=org.springframework.beans.factory.xml.SimpleConstructorNamespaceHandler, http://www.springframework.org/schema/tx=org.springframework.transaction.config.TxNamespaceHandler, http://www.springframework.org/schema/task=org.springframework.scheduling.config.TaskNamespaceHandler, http://www.springframework.org/schema/lang=org.springframework.scripting.config.LangNamespaceHandler, http://www.springframework.org/schema/context=org.springframework.context.config.ContextNamespaceHandler}
2013-07-24 11:24:32,646 [main] DEBUG org.springframework.beans.factory.xml.XmlBeanDefinitionReader- Loaded 26 bean definitions from location pattern [classpath:applicationContext.xml]
2013-07-24 11:24:32,647 [main] INFO  org.springframework.context.support.GenericApplicationContext- Refreshing org.springframework.context.support.GenericApplicationContext@6e2ce07a: startup date [Wed Jul 24 11:24:32 AFT 2013]; root of context hierarchy
2013-07-24 11:24:32,647 [main] DEBUG org.springframework.context.support.GenericApplicationContext- Bean factory for org.springframework.context.support.GenericApplicationContext@6e2ce07a: org.springframework.beans.factory.support.DefaultListableBeanFactory@5cb62a81: defining beans [org.springframework.context.annotation.internalConfigurationAnnotationProcessor,org.springframework.context.annotation.internalAutowiredAnnotationProcessor,org.springframework.context.annotation.internalRequiredAnnotationProcessor,org.springframework.context.annotation.internalCommonAnnotationProcessor,org.springframework.context.support.PropertySourcesPlaceholderConfigurer#0,burritoposServerIP,burritoposServerPort,burritoManager,inventoryManager,orderManager,authSvc,burritoSvc,customerSvc,employeeSvc,inventorySvc,managerSvc,orderSvc,burritoManagerTestCase,inventoryManagerTestCase,orderManagerTestCase,burritoSvcTestCase,customerSvcTestCase,employeeSvcTestCase,inventorySvcTestCase,managerSvcTestCase,orderSvcTestCase]; root of factory hierarchy
2013-07-24 11:24:32,665 [main] DEBUG org.springframework.beans.factory.support.DefaultListableBeanFactory- Creating shared instance of singleton bean 'org.springframework.context.annotation.internalConfigurationAnnotationProcessor'
2013-07-24 11:24:32,665 [main] DEBUG org.springframework.beans.factory.support.DefaultListableBeanFactory- Creating instance of bean 'org.springframework.context.annotation.internalConfigurationAnnotationProcessor'
2013-07-24 11:24:32,681 [main] DEBUG org.springframework.beans.factory.support.DefaultListableBeanFactory- Eagerly caching bean 'org.springframework.context.annotation.internalConfigurationAnnotationProcessor' to allow for resolving potential circular references
2013-07-24 11:24:32,683 [main] DEBUG org.springframework.beans.factory.support.DefaultListableBeanFactory- Finished creating instance of bean 'org.springframework.context.annotation.internalConfigurationAnnotationProcessor'
2013-07-24 11:24:32,727 [main] DEBUG org.springframework.beans.factory.support.DefaultListableBeanFactory- Creating shared instance of singleton bean 'org.springframework.context.support.PropertySourcesPlaceholderConfigurer#0'
2013-07-24 11:24:32,727 [main] DEBUG org.springframework.beans.factory.support.DefaultListableBeanFactory- Creating instance of bean 'org.springframework.context.support.PropertySourcesPlaceholderConfigurer#0'
2013-07-24 11:24:32,728 [main] DEBUG org.springframework.beans.factory.support.DefaultListableBeanFactory- Eagerly caching bean 'org.springframework.context.support.PropertySourcesPlaceholderConfigurer#0' to allow for resolving potential circular references
2013-07-24 11:24:32,734 [main] TRACE org.springframework.core.io.support.SpringFactoriesLoader- Loaded [org.springframework.beans.BeanInfoFactory] names: [org.springframework.beans.ExtendedBeanInfoFactory]
2013-07-24 11:24:32,735 [main] TRACE org.springframework.beans.CachedIntrospectionResults- Getting BeanInfo for class [org.springframework.context.support.PropertySourcesPlaceholderConfigurer]
2013-07-24 11:24:32,741 [main] TRACE org.springframework.beans.CachedIntrospectionResults- Caching PropertyDescriptors for class [org.springframework.context.support.PropertySourcesPlaceholderConfigurer]
2013-07-24 11:24:32,741 [main] TRACE org.springframework.beans.CachedIntrospectionResults- Found bean property 'beanFactory' of type [org.springframework.beans.factory.BeanFactory]
2013-07-24 11:24:32,742 [main] TRACE org.springframework.beans.CachedIntrospectionResults- Found bean property 'beanName' of type [java.lang.String]
2013-07-24 11:24:32,742 [main] TRACE org.springframework.beans.CachedIntrospectionResults- Found bean property 'class' of type [java.lang.Class]
2013-07-24 11:24:32,742 [main] TRACE org.springframework.beans.CachedIntrospectionResults- Found bean property 'environment' of type [org.springframework.core.env.Environment]
2013-07-24 11:24:32,742 [main] TRACE org.springframework.beans.CachedIntrospectionResults- Found bean property 'fileEncoding' of type [java.lang.String]
2013-07-24 11:24:32,743 [main] TRACE org.springframework.beans.CachedIntrospectionResults- Found bean property 'ignoreResourceNotFound' of type [boolean]
2013-07-24 11:24:32,743 [main] TRACE org.springframework.beans.CachedIntrospectionResults- Found bean property 'ignoreUnresolvablePlaceholders' of type [boolean]
2013-07-24 11:24:32,743 [main] TRACE org.springframework.beans.CachedIntrospectionResults- Found bean property 'localOverride' of type [boolean]
2013-07-24 11:24:32,743 [main] TRACE org.springframework.beans.CachedIntrospectionResults- Found bean property 'location' of type [org.springframework.core.io.Resource]
2013-07-24 11:24:32,743 [main] TRACE org.springframework.beans.CachedIntrospectionResults- Found bean property 'locations' of type [[Lorg.springframework.core.io.Resource;]
2013-07-24 11:24:32,743 [main] TRACE org.springframework.beans.CachedIntrospectionResults- Found bean property 'nullValue' of type [java.lang.String]
2013-07-24 11:24:32,743 [main] TRACE org.springframework.beans.CachedIntrospectionResults- Found bean property 'order' of type [int]
2013-07-24 11:24:32,743 [main] TRACE org.springframework.beans.CachedIntrospectionResults- Found bean property 'placeholderPrefix' of type [java.lang.String]
2013-07-24 11:24:32,743 [main] TRACE org.springframework.beans.CachedIntrospectionResults- Found bean property 'placeholderSuffix' of type [java.lang.String]
2013-07-24 11:24:32,743 [main] TRACE org.springframework.beans.CachedIntrospectionResults- Found bean property 'properties' of type [java.util.Properties]
2013-07-24 11:24:32,743 [main] TRACE org.springframework.beans.CachedIntrospectionResults- Found bean property 'propertiesArray' of type [[Ljava.util.Properties;]
2013-07-24 11:24:32,743 [main] TRACE org.springframework.beans.CachedIntrospectionResults- Found bean property 'propertiesPersister' of type [org.springframework.util.PropertiesPersister]
2013-07-24 11:24:32,744 [main] TRACE org.springframework.beans.CachedIntrospectionResults- Found bean property 'propertySources' of type [org.springframework.core.env.PropertySources]
2013-07-24 11:24:32,744 [main] TRACE org.springframework.beans.CachedIntrospectionResults- Found bean property 'valueSeparator' of type [java.lang.String]
2013-07-24 11:24:32,756 [main] DEBUG org.springframework.beans.factory.support.DefaultListableBeanFactory- Finished creating instance of bean 'org.springframework.context.support.PropertySourcesPlaceholderConfigurer#0'
2013-07-24 11:24:32,757 [main] DEBUG org.springframework.core.env.MutablePropertySources- Adding [environmentProperties] PropertySource with lowest search precedence
2013-07-24 11:24:32,757 [main] INFO  org.springframework.context.support.PropertySourcesPlaceholderConfigurer- Loading properties file from class path resource [burritopos.properties]
2013-07-24 11:24:32,757 [main] DEBUG org.springframework.core.env.MutablePropertySources- Adding [localProperties] PropertySource with lowest search precedence
2013-07-24 11:24:32,760 [main] TRACE org.springframework.core.env.PropertySourcesPropertyResolver- getProperty("burritopos.server.ip") (implicit targetType [String])
2013-07-24 11:24:32,760 [main] TRACE org.springframework.core.env.PropertySourcesPropertyResolver- getProperty("burritopos.server.ip", String)
2013-07-24 11:24:32,761 [main] DEBUG org.springframework.core.env.PropertySourcesPropertyResolver- Searching for key 'burritopos.server.ip' in [environmentProperties]
2013-07-24 11:24:32,761 [main] TRACE org.springframework.core.env.PropertySourcesPropertyResolver- getProperty("burritopos.server.ip") (implicit targetType [String])
2013-07-24 11:24:32,761 [main] TRACE org.springframework.core.env.PropertySourcesPropertyResolver- getProperty("burritopos.server.ip", String)
2013-07-24 11:24:32,761 [main] DEBUG org.springframework.core.env.PropertySourcesPropertyResolver- Searching for key 'burritopos.server.ip' in [systemProperties]
2013-07-24 11:24:32,761 [main] DEBUG org.springframework.core.env.PropertySourcesPropertyResolver- Searching for key 'burritopos.server.ip' in [systemEnvironment]
2013-07-24 11:24:32,761 [main] TRACE org.springframework.core.env.SystemEnvironmentPropertySource- PropertySource [systemEnvironment] does not contain 'burritopos.server.ip'
2013-07-24 11:24:32,762 [main] TRACE org.springframework.core.env.SystemEnvironmentPropertySource- PropertySource [systemEnvironment] does not contain 'burritopos_server_ip'
2013-07-24 11:24:32,762 [main] TRACE org.springframework.core.env.SystemEnvironmentPropertySource- PropertySource [systemEnvironment] does not contain 'BURRITOPOS.SERVER.IP'
2013-07-24 11:24:32,762 [main] TRACE org.springframework.core.env.SystemEnvironmentPropertySource- PropertySource [systemEnvironment] does not contain 'BURRITOPOS_SERVER_IP'
2013-07-24 11:24:32,762 [main] DEBUG org.springframework.core.env.PropertySourcesPropertyResolver- Could not find key 'burritopos.server.ip' in any property source. Returning [null]
2013-07-24 11:24:32,762 [main] DEBUG org.springframework.core.env.PropertySourcesPropertyResolver- Searching for key 'burritopos.server.ip' in [localProperties]
2013-07-24 11:24:32,762 [main] DEBUG org.springframework.core.env.PropertySourcesPropertyResolver- Found key 'burritopos.server.ip' in [localProperties] with type [String] and value '127.0.0.1'
2013-07-24 11:24:32,764 [main] TRACE org.springframework.util.PropertyPlaceholderHelper- Resolved placeholder 'burritopos.server.ip'
2013-07-24 11:24:32,764 [main] TRACE org.springframework.core.env.PropertySourcesPropertyResolver- getProperty("burritopos.server.port") (implicit targetType [String])
2013-07-24 11:24:32,764 [main] TRACE org.springframework.core.env.PropertySourcesPropertyResolver- getProperty("burritopos.server.port", String)
2013-07-24 11:24:32,764 [main] DEBUG org.springframework.core.env.PropertySourcesPropertyResolver- Searching for key 'burritopos.server.port' in [environmentProperties]
2013-07-24 11:24:32,764 [main] TRACE org.springframework.core.env.PropertySourcesPropertyResolver- getProperty("burritopos.server.port") (implicit targetType [String])
2013-07-24 11:24:32,765 [main] TRACE org.springframework.core.env.PropertySourcesPropertyResolver- getProperty("burritopos.server.port", String)
2013-07-24 11:24:32,765 [main] DEBUG org.springframework.core.env.PropertySourcesPropertyResolver- Searching for key 'burritopos.server.port' in [systemProperties]
2013-07-24 11:24:32,765 [main] DEBUG org.springframework.core.env.PropertySourcesPropertyResolver- Searching for key 'burritopos.server.port' in [systemEnvironment]
2013-07-24 11:24:32,765 [main] TRACE org.springframework.core.env.SystemEnvironmentPropertySource- PropertySource [systemEnvironment] does not contain 'burritopos.server.port'
2013-07-24 11:24:32,765 [main] TRACE org.springframework.core.env.SystemEnvironmentPropertySource- PropertySource [systemEnvironment] does not contain 'burritopos_server_port'
2013-07-24 11:24:32,765 [main] TRACE org.springframework.core.env.SystemEnvironmentPropertySource- PropertySource [systemEnvironment] does not contain 'BURRITOPOS.SERVER.PORT'
2013-07-24 11:24:32,766 [main] TRACE org.springframework.core.env.SystemEnvironmentPropertySource- PropertySource [systemEnvironment] does not contain 'BURRITOPOS_SERVER_PORT'
2013-07-24 11:24:32,766 [main] DEBUG org.springframework.core.env.PropertySourcesPropertyResolver- Could not find key 'burritopos.server.port' in any property source. Returning [null]
2013-07-24 11:24:32,766 [main] DEBUG org.springframework.core.env.PropertySourcesPropertyResolver- Searching for key 'burritopos.server.port' in [localProperties]
2013-07-24 11:24:32,766 [main] DEBUG org.springframework.core.env.PropertySourcesPropertyResolver- Found key 'burritopos.server.port' in [localProperties] with type [String] and value '8000'
2013-07-24 11:24:32,766 [main] TRACE org.springframework.util.PropertyPlaceholderHelper- Resolved placeholder 'burritopos.server.port'
2013-07-24 11:24:32,770 [main] DEBUG org.springframework.beans.factory.support.DefaultListableBeanFactory- Creating shared instance of singleton bean 'org.springframework.context.annotation.internalAutowiredAnnotationProcessor'
2013-07-24 11:24:32,770 [main] DEBUG org.springframework.beans.factory.support.DefaultListableBeanFactory- Creating instance of bean 'org.springframework.context.annotation.internalAutowiredAnnotationProcessor'
2013-07-24 11:24:32,771 [main] DEBUG org.springframework.beans.factory.support.DefaultListableBeanFactory- Eagerly caching bean 'org.springframework.context.annotation.internalAutowiredAnnotationProcessor' to allow for resolving potential circular references
2013-07-24 11:24:32,771 [main] DEBUG org.springframework.beans.factory.support.DefaultListableBeanFactory- Finished creating instance of bean 'org.springframework.context.annotation.internalAutowiredAnnotationProcessor'
2013-07-24 11:24:32,771 [main] DEBUG org.springframework.beans.factory.support.DefaultListableBeanFactory- Creating shared instance of singleton bean 'org.springframework.context.annotation.internalRequiredAnnotationProcessor'
2013-07-24 11:24:32,771 [main] DEBUG org.springframework.beans.factory.support.DefaultListableBeanFactory- Creating instance of bean 'org.springframework.context.annotation.internalRequiredAnnotationProcessor'
2013-07-24 11:24:32,772 [main] DEBUG org.springframework.beans.factory.support.DefaultListableBeanFactory- Eagerly caching bean 'org.springframework.context.annotation.internalRequiredAnnotationProcessor' to allow for resolving potential circular references
2013-07-24 11:24:32,772 [main] DEBUG org.springframework.beans.factory.support.DefaultListableBeanFactory- Finished creating instance of bean 'org.springframework.context.annotation.internalRequiredAnnotationProcessor'
2013-07-24 11:24:32,772 [main] DEBUG org.springframework.beans.factory.support.DefaultListableBeanFactory- Creating shared instance of singleton bean 'org.springframework.context.annotation.internalCommonAnnotationProcessor'
2013-07-24 11:24:32,772 [main] DEBUG org.springframework.beans.factory.support.DefaultListableBeanFactory- Creating instance of bean 'org.springframework.context.annotation.internalCommonAnnotationProcessor'
2013-07-24 11:24:32,777 [main] DEBUG org.springframework.beans.factory.support.DefaultListableBeanFactory- Eagerly caching bean 'org.springframework.context.annotation.internalCommonAnnotationProcessor' to allow for resolving potential circular references
2013-07-24 11:24:32,777 [main] DEBUG org.springframework.beans.factory.support.DefaultListableBeanFactory- Finished creating instance of bean 'org.springframework.context.annotation.internalCommonAnnotationProcessor'
2013-07-24 11:24:32,777 [main] DEBUG org.springframework.beans.factory.support.DefaultListableBeanFactory- Creating shared instance of singleton bean 'org.springframework.context.annotation.ConfigurationClassPostProcessor.importAwareProcessor'
2013-07-24 11:24:32,777 [main] DEBUG org.springframework.beans.factory.support.DefaultListableBeanFactory- Creating instance of bean 'org.springframework.context.annotation.ConfigurationClassPostProcessor.importAwareProcessor'
2013-07-24 11:24:32,777 [main] DEBUG org.springframework.beans.factory.support.DefaultListableBeanFactory- Eagerly caching bean 'org.springframework.context.annotation.ConfigurationClassPostProcessor.importAwareProcessor' to allow for resolving potential circular references
2013-07-24 11:24:32,777 [main] DEBUG org.springframework.beans.factory.support.DefaultListableBeanFactory- Finished creating instance of bean 'org.springframework.context.annotation.ConfigurationClassPostProcessor.importAwareProcessor'
2013-07-24 11:24:32,779 [main] DEBUG org.springframework.context.support.GenericApplicationContext- Unable to locate MessageSource with name 'messageSource': using default [org.springframework.context.support.DelegatingMessageSource@21ab613c]
2013-07-24 11:24:32,782 [main] DEBUG org.springframework.context.support.GenericApplicationContext- Unable to locate ApplicationEventMulticaster with name 'applicationEventMulticaster': using default [org.springframework.context.event.SimpleApplicationEventMulticaster@4b4d8b8d]
2013-07-24 11:24:32,786 [main] INFO  org.springframework.beans.factory.support.DefaultListableBeanFactory- Pre-instantiating singletons in org.springframework.beans.factory.support.DefaultListableBeanFactory@5cb62a81: defining beans [org.springframework.context.annotation.internalConfigurationAnnotationProcessor,org.springframework.context.annotation.internalAutowiredAnnotationProcessor,org.springframework.context.annotation.internalRequiredAnnotationProcessor,org.springframework.context.annotation.internalCommonAnnotationProcessor,org.springframework.context.support.PropertySourcesPlaceholderConfigurer#0,burritoposServerIP,burritoposServerPort,burritoManager,inventoryManager,orderManager,authSvc,burritoSvc,customerSvc,employeeSvc,inventorySvc,managerSvc,orderSvc,burritoManagerTestCase,inventoryManagerTestCase,orderManagerTestCase,burritoSvcTestCase,customerSvcTestCase,employeeSvcTestCase,inventorySvcTestCase,managerSvcTestCase,orderSvcTestCase,org.springframework.context.annotation.ConfigurationClassPostProcessor.importAwareProcessor]; root of factory hierarchy
2013-07-24 11:24:32,787 [main] DEBUG org.springframework.beans.factory.support.DefaultListableBeanFactory- Returning cached instance of singleton bean 'org.springframework.context.annotation.internalConfigurationAnnotationProcessor'
2013-07-24 11:24:32,787 [main] DEBUG org.springframework.beans.factory.support.DefaultListableBeanFactory- Returning cached instance of singleton bean 'org.springframework.context.annotation.internalAutowiredAnnotationProcessor'
2013-07-24 11:24:32,787 [main] DEBUG org.springframework.beans.factory.support.DefaultListableBeanFactory- Returning cached instance of singleton bean 'org.springframework.context.annotation.internalRequiredAnnotationProcessor'
2013-07-24 11:24:32,787 [main] DEBUG org.springframework.beans.factory.support.DefaultListableBeanFactory- Returning cached instance of singleton bean 'org.springframework.context.annotation.internalCommonAnnotationProcessor'
2013-07-24 11:24:32,787 [main] DEBUG org.springframework.beans.factory.support.DefaultListableBeanFactory- Returning cached instance of singleton bean 'org.springframework.context.support.PropertySourcesPlaceholderConfigurer#0'
2013-07-24 11:24:32,787 [main] DEBUG org.springframework.beans.factory.support.DefaultListableBeanFactory- Creating shared instance of singleton bean 'burritoposServerIP'
2013-07-24 11:24:32,787 [main] DEBUG org.springframework.beans.factory.support.DefaultListableBeanFactory- Creating instance of bean 'burritoposServerIP'
2013-07-24 11:24:32,804 [main] TRACE org.springframework.beans.factory.support.DefaultListableBeanFactory- Ignoring constructor [public java.lang.String(byte[],int,int,java.nio.charset.Charset)] of bean 'burritoposServerIP': org.springframework.beans.factory.UnsatisfiedDependencyException: Error creating bean with name 'burritoposServerIP' defined in class path resource [applicationContext.xml]: Unsatisfied dependency expressed through constructor argument with index 0 of type [byte[]]: Ambiguous constructor argument types - did you specify the correct bean references as constructor arguments?
2013-07-24 11:24:32,804 [main] TRACE org.springframework.beans.factory.support.DefaultListableBeanFactory- Ignoring constructor [public java.lang.String(byte[],int,int,java.lang.String) throws java.io.UnsupportedEncodingException] of bean 'burritoposServerIP': org.springframework.beans.factory.UnsatisfiedDependencyException: Error creating bean with name 'burritoposServerIP' defined in class path resource [applicationContext.xml]: Unsatisfied dependency expressed through constructor argument with index 0 of type [byte[]]: Ambiguous constructor argument types - did you specify the correct bean references as constructor arguments?
2013-07-24 11:24:32,805 [main] TRACE org.springframework.beans.factory.support.DefaultListableBeanFactory- Ignoring constructor [public java.lang.String(byte[],int,int,int)] of bean 'burritoposServerIP': org.springframework.beans.factory.UnsatisfiedDependencyException: Error creating bean with name 'burritoposServerIP' defined in class path resource [applicationContext.xml]: Unsatisfied dependency expressed through constructor argument with index 0 of type [byte[]]: Ambiguous constructor argument types - did you specify the correct bean references as constructor arguments?
2013-07-24 11:24:32,805 [main] TRACE org.springframework.beans.factory.support.DefaultListableBeanFactory- Ignoring constructor [public java.lang.String(byte[],int,int)] of bean 'burritoposServerIP': org.springframework.beans.factory.UnsatisfiedDependencyException: Error creating bean with name 'burritoposServerIP' defined in class path resource [applicationContext.xml]: Unsatisfied dependency expressed through constructor argument with index 0 of type [byte[]]: Ambiguous constructor argument types - did you specify the correct bean references as constructor arguments?
2013-07-24 11:24:32,805 [main] TRACE org.springframework.beans.factory.support.DefaultListableBeanFactory- Ignoring constructor [public java.lang.String(int[],int,int)] of bean 'burritoposServerIP': org.springframework.beans.factory.UnsatisfiedDependencyException: Error creating bean with name 'burritoposServerIP' defined in class path resource [applicationContext.xml]: Unsatisfied dependency expressed through constructor argument with index 0 of type [int[]]: Ambiguous constructor argument types - did you specify the correct bean references as constructor arguments?
2013-07-24 11:24:32,805 [main] TRACE org.springframework.beans.factory.support.DefaultListableBeanFactory- Ignoring constructor [public java.lang.String(char[],int,int)] of bean 'burritoposServerIP': org.springframework.beans.factory.UnsatisfiedDependencyException: Error creating bean with name 'burritoposServerIP' defined in class path resource [applicationContext.xml]: Unsatisfied dependency expressed through constructor argument with index 0 of type [char[]]: Ambiguous constructor argument types - did you specify the correct bean references as constructor arguments?
2013-07-24 11:24:32,805 [main] TRACE org.springframework.beans.factory.support.DefaultListableBeanFactory- Ignoring constructor [public java.lang.String(byte[],java.nio.charset.Charset)] of bean 'burritoposServerIP': org.springframework.beans.factory.UnsatisfiedDependencyException: Error creating bean with name 'burritoposServerIP' defined in class path resource [applicationContext.xml]: Unsatisfied dependency expressed through constructor argument with index 0 of type [byte[]]: Ambiguous constructor argument types - did you specify the correct bean references as constructor arguments?
2013-07-24 11:24:32,805 [main] TRACE org.springframework.beans.factory.support.DefaultListableBeanFactory- Ignoring constructor [public java.lang.String(byte[],java.lang.String) throws java.io.UnsupportedEncodingException] of bean 'burritoposServerIP': org.springframework.beans.factory.UnsatisfiedDependencyException: Error creating bean with name 'burritoposServerIP' defined in class path resource [applicationContext.xml]: Unsatisfied dependency expressed through constructor argument with index 0 of type [byte[]]: Ambiguous constructor argument types - did you specify the correct bean references as constructor arguments?
2013-07-24 11:24:32,805 [main] TRACE org.springframework.beans.factory.support.DefaultListableBeanFactory- Ignoring constructor [public java.lang.String(byte[],int)] of bean 'burritoposServerIP': org.springframework.beans.factory.UnsatisfiedDependencyException: Error creating bean with name 'burritoposServerIP' defined in class path resource [applicationContext.xml]: Unsatisfied dependency expressed through constructor argument with index 0 of type [byte[]]: Ambiguous constructor argument types - did you specify the correct bean references as constructor arguments?
2013-07-24 11:24:32,805 [main] TRACE org.springframework.beans.factory.support.DefaultListableBeanFactory- Ignoring constructor [public java.lang.String(byte[])] of bean 'burritoposServerIP': org.springframework.beans.factory.UnsatisfiedDependencyException: Error creating bean with name 'burritoposServerIP' defined in class path resource [applicationContext.xml]: Unsatisfied dependency expressed through constructor argument with index 0 of type [byte[]]: Ambiguous constructor argument types - did you specify the correct bean references as constructor arguments?
2013-07-24 11:24:32,806 [main] TRACE org.springframework.beans.factory.support.DefaultListableBeanFactory- Ignoring constructor [public java.lang.String(java.lang.StringBuilder)] of bean 'burritoposServerIP': org.springframework.beans.factory.UnsatisfiedDependencyException: Error creating bean with name 'burritoposServerIP' defined in class path resource [applicationContext.xml]: Unsatisfied dependency expressed through constructor argument with index 0 of type [java.lang.StringBuilder]: Ambiguous constructor argument types - did you specify the correct bean references as constructor arguments?
2013-07-24 11:24:32,806 [main] TRACE org.springframework.beans.factory.support.DefaultListableBeanFactory- Ignoring constructor [public java.lang.String(java.lang.StringBuffer)] of bean 'burritoposServerIP': org.springframework.beans.factory.UnsatisfiedDependencyException: Error creating bean with name 'burritoposServerIP' defined in class path resource [applicationContext.xml]: Unsatisfied dependency expressed through constructor argument with index 0 of type [java.lang.StringBuffer]: Ambiguous constructor argument types - did you specify the correct bean references as constructor arguments?
2013-07-24 11:24:32,806 [main] TRACE org.springframework.beans.factory.support.DefaultListableBeanFactory- Ignoring constructor [public java.lang.String(char[])] of bean 'burritoposServerIP': org.springframework.beans.factory.UnsatisfiedDependencyException: Error creating bean with name 'burritoposServerIP' defined in class path resource [applicationContext.xml]: Unsatisfied dependency expressed through constructor argument with index 0 of type [char[]]: Ambiguous constructor argument types - did you specify the correct bean references as constructor arguments?
2013-07-24 11:24:32,810 [main] DEBUG org.springframework.beans.factory.support.DefaultListableBeanFactory- Eagerly caching bean 'burritoposServerIP' to allow for resolving potential circular references
2013-07-24 11:24:32,810 [main] DEBUG org.springframework.beans.CachedIntrospectionResults- Not strongly caching class [java.lang.String] because it is not cache-safe
2013-07-24 11:24:32,810 [main] TRACE org.springframework.beans.CachedIntrospectionResults- Getting BeanInfo for class [java.lang.String]
2013-07-24 11:24:32,812 [main] TRACE org.springframework.beans.CachedIntrospectionResults- Caching PropertyDescriptors for class [java.lang.String]
2013-07-24 11:24:32,812 [main] TRACE org.springframework.beans.CachedIntrospectionResults- Found bean property 'bytes' of type [[B]
2013-07-24 11:24:32,812 [main] TRACE org.springframework.beans.CachedIntrospectionResults- Found bean property 'class' of type [java.lang.Class]
2013-07-24 11:24:32,812 [main] TRACE org.springframework.beans.CachedIntrospectionResults- Found bean property 'empty' of type [boolean]
2013-07-24 11:24:32,813 [main] DEBUG org.springframework.beans.factory.support.DefaultListableBeanFactory- Finished creating instance of bean 'burritoposServerIP'
2013-07-24 11:24:32,813 [main] DEBUG org.springframework.beans.factory.support.DefaultListableBeanFactory- Creating shared instance of singleton bean 'burritoposServerPort'
2013-07-24 11:24:32,813 [main] DEBUG org.springframework.beans.factory.support.DefaultListableBeanFactory- Creating instance of bean 'burritoposServerPort'
2013-07-24 11:24:32,814 [main] TRACE org.springframework.beans.factory.support.DefaultListableBeanFactory- Ignoring constructor [public java.lang.String(byte[],int,int,java.nio.charset.Charset)] of bean 'burritoposServerPort': org.springframework.beans.factory.UnsatisfiedDependencyException: Error creating bean with name 'burritoposServerPort' defined in class path resource [applicationContext.xml]: Unsatisfied dependency expressed through constructor argument with index 0 of type [byte[]]: Ambiguous constructor argument types - did you specify the correct bean references as constructor arguments?
2013-07-24 11:24:32,814 [main] TRACE org.springframework.beans.factory.support.DefaultListableBeanFactory- Ignoring constructor [public java.lang.String(byte[],int,int,java.lang.String) throws java.io.UnsupportedEncodingException] of bean 'burritoposServerPort': org.springframework.beans.factory.UnsatisfiedDependencyException: Error creating bean with name 'burritoposServerPort' defined in class path resource [applicationContext.xml]: Unsatisfied dependency expressed through constructor argument with index 0 of type [byte[]]: Ambiguous constructor argument types - did you specify the correct bean references as constructor arguments?
2013-07-24 11:24:32,814 [main] TRACE org.springframework.beans.factory.support.DefaultListableBeanFactory- Ignoring constructor [public java.lang.String(byte[],int,int,int)] of bean 'burritoposServerPort': org.springframework.beans.factory.UnsatisfiedDependencyException: Error creating bean with name 'burritoposServerPort' defined in class path resource [applicationContext.xml]: Unsatisfied dependency expressed through constructor argument with index 0 of type [byte[]]: Ambiguous constructor argument types - did you specify the correct bean references as constructor arguments?
2013-07-24 11:24:32,814 [main] TRACE org.springframework.beans.factory.support.DefaultListableBeanFactory- Ignoring constructor [public java.lang.String(byte[],int,int)] of bean 'burritoposServerPort': org.springframework.beans.factory.UnsatisfiedDependencyException: Error creating bean with name 'burritoposServerPort' defined in class path resource [applicationContext.xml]: Unsatisfied dependency expressed through constructor argument with index 0 of type [byte[]]: Ambiguous constructor argument types - did you specify the correct bean references as constructor arguments?
2013-07-24 11:24:32,814 [main] TRACE org.springframework.beans.factory.support.DefaultListableBeanFactory- Ignoring constructor [public java.lang.String(int[],int,int)] of bean 'burritoposServerPort': org.springframework.beans.factory.UnsatisfiedDependencyException: Error creating bean with name 'burritoposServerPort' defined in class path resource [applicationContext.xml]: Unsatisfied dependency expressed through constructor argument with index 0 of type [int[]]: Ambiguous constructor argument types - did you specify the correct bean references as constructor arguments?
2013-07-24 11:24:32,814 [main] TRACE org.springframework.beans.factory.support.DefaultListableBeanFactory- Ignoring constructor [public java.lang.String(char[],int,int)] of bean 'burritoposServerPort': org.springframework.beans.factory.UnsatisfiedDependencyException: Error creating bean with name 'burritoposServerPort' defined in class path resource [applicationContext.xml]: Unsatisfied dependency expressed through constructor argument with index 0 of type [char[]]: Ambiguous constructor argument types - did you specify the correct bean references as constructor arguments?
2013-07-24 11:24:32,814 [main] TRACE org.springframework.beans.factory.support.DefaultListableBeanFactory- Ignoring constructor [public java.lang.String(byte[],java.nio.charset.Charset)] of bean 'burritoposServerPort': org.springframework.beans.factory.UnsatisfiedDependencyException: Error creating bean with name 'burritoposServerPort' defined in class path resource [applicationContext.xml]: Unsatisfied dependency expressed through constructor argument with index 0 of type [byte[]]: Ambiguous constructor argument types - did you specify the correct bean references as constructor arguments?
2013-07-24 11:24:32,814 [main] TRACE org.springframework.beans.factory.support.DefaultListableBeanFactory- Ignoring constructor [public java.lang.String(byte[],java.lang.String) throws java.io.UnsupportedEncodingException] of bean 'burritoposServerPort': org.springframework.beans.factory.UnsatisfiedDependencyException: Error creating bean with name 'burritoposServerPort' defined in class path resource [applicationContext.xml]: Unsatisfied dependency expressed through constructor argument with index 0 of type [byte[]]: Ambiguous constructor argument types - did you specify the correct bean references as constructor arguments?
2013-07-24 11:24:32,814 [main] TRACE org.springframework.beans.factory.support.DefaultListableBeanFactory- Ignoring constructor [public java.lang.String(byte[],int)] of bean 'burritoposServerPort': org.springframework.beans.factory.UnsatisfiedDependencyException: Error creating bean with name 'burritoposServerPort' defined in class path resource [applicationContext.xml]: Unsatisfied dependency expressed through constructor argument with index 0 of type [byte[]]: Ambiguous constructor argument types - did you specify the correct bean references as constructor arguments?
2013-07-24 11:24:32,815 [main] TRACE org.springframework.beans.factory.support.DefaultListableBeanFactory- Ignoring constructor [public java.lang.String(byte[])] of bean 'burritoposServerPort': org.springframework.beans.factory.UnsatisfiedDependencyException: Error creating bean with name 'burritoposServerPort' defined in class path resource [applicationContext.xml]: Unsatisfied dependency expressed through constructor argument with index 0 of type [byte[]]: Ambiguous constructor argument types - did you specify the correct bean references as constructor arguments?
2013-07-24 11:24:32,824 [main] TRACE org.springframework.beans.factory.support.DefaultListableBeanFactory- Ignoring constructor [public java.lang.String(java.lang.StringBuilder)] of bean 'burritoposServerPort': org.springframework.beans.factory.UnsatisfiedDependencyException: Error creating bean with name 'burritoposServerPort' defined in class path resource [applicationContext.xml]: Unsatisfied dependency expressed through constructor argument with index 0 of type [java.lang.StringBuilder]: Ambiguous constructor argument types - did you specify the correct bean references as constructor arguments?
2013-07-24 11:24:32,824 [main] TRACE org.springframework.beans.factory.support.DefaultListableBeanFactory- Ignoring constructor [public java.lang.String(java.lang.StringBuffer)] of bean 'burritoposServerPort': org.springframework.beans.factory.UnsatisfiedDependencyException: Error creating bean with name 'burritoposServerPort' defined in class path resource [applicationContext.xml]: Unsatisfied dependency expressed through constructor argument with index 0 of type [java.lang.StringBuffer]: Ambiguous constructor argument types - did you specify the correct bean references as constructor arguments?
2013-07-24 11:24:32,825 [main] TRACE org.springframework.beans.factory.support.DefaultListableBeanFactory- Ignoring constructor [public java.lang.String(char[])] of bean 'burritoposServerPort': org.springframework.beans.factory.UnsatisfiedDependencyException: Error creating bean with name 'burritoposServerPort' defined in class path resource [applicationContext.xml]: Unsatisfied dependency expressed through constructor argument with index 0 of type [char[]]: Ambiguous constructor argument types - did you specify the correct bean references as constructor arguments?
2013-07-24 11:24:32,825 [main] DEBUG org.springframework.beans.factory.support.DefaultListableBeanFactory- Eagerly caching bean 'burritoposServerPort' to allow for resolving potential circular references
2013-07-24 11:24:32,826 [main] DEBUG org.springframework.beans.factory.support.DefaultListableBeanFactory- Finished creating instance of bean 'burritoposServerPort'
2013-07-24 11:24:32,826 [main] DEBUG org.springframework.beans.factory.support.DefaultListableBeanFactory- Creating shared instance of singleton bean 'burritoManager'
2013-07-24 11:24:32,826 [main] DEBUG org.springframework.beans.factory.support.DefaultListableBeanFactory- Creating instance of bean 'burritoManager'
2013-07-24 11:24:35,627 [main] TRACE com.burritopos.service.Factory- curKey: IBurritoSvc | value: com.burritopos.service.dao.mongo.BurritoSvcImpl | hashmap size: 0
2013-07-24 11:24:35,627 [main] TRACE com.burritopos.service.Factory- curKey: ICustomerSvc | value: com.burritopos.service.dao.mongo.CustomerSvcImpl | hashmap size: 1
2013-07-24 11:24:35,628 [main] TRACE com.burritopos.service.Factory- curKey: IEmployeeSvc | value: com.burritopos.service.dao.mongo.EmployeeSvcImpl | hashmap size: 2
2013-07-24 11:24:35,628 [main] TRACE com.burritopos.service.Factory- curKey: IInventorySvc | value: com.burritopos.service.dao.mongo.InventorySvcImpl | hashmap size: 3
2013-07-24 11:24:35,628 [main] TRACE com.burritopos.service.Factory- curKey: IManagerSvc | value: com.burritopos.service.dao.mongo.ManagerSvcImpl | hashmap size: 4
2013-07-24 11:24:35,629 [main] TRACE com.burritopos.service.Factory- curKey: IOrderSvc | value: com.burritopos.service.dao.mongo.OrderSvcImpl | hashmap size: 5
2013-07-24 11:24:35,629 [main] TRACE com.burritopos.service.Factory- curKey: IAuthenticationSvc | value: com.burritopos.service.net.AuthenticationSvcSocketImpl | hashmap size: 6
2013-07-24 11:24:35,636 [main] DEBUG org.springframework.beans.factory.annotation.InjectionMetadata- Registered injected element on class [com.burritopos.business.BurritoManager]: AutowiredFieldElement for private com.burritopos.service.dao.IBurritoSvc com.burritopos.business.BurritoManager.burritoSvc
2013-07-24 11:24:35,637 [main] DEBUG org.springframework.beans.factory.support.DefaultListableBeanFactory- Eagerly caching bean 'burritoManager' to allow for resolving potential circular references
2013-07-24 11:24:35,637 [main] TRACE org.springframework.beans.CachedIntrospectionResults- Getting BeanInfo for class [com.burritopos.business.BurritoManager]
2013-07-24 11:24:35,645 [main] TRACE org.springframework.beans.CachedIntrospectionResults- Caching PropertyDescriptors for class [com.burritopos.business.BurritoManager]
2013-07-24 11:24:35,645 [main] TRACE org.springframework.beans.CachedIntrospectionResults- Found bean property 'class' of type [java.lang.Class]
2013-07-24 11:24:35,646 [main] DEBUG org.springframework.beans.factory.annotation.InjectionMetadata- Processing injected method of bean 'burritoManager': AutowiredFieldElement for private com.burritopos.service.dao.IBurritoSvc com.burritopos.business.BurritoManager.burritoSvc
2013-07-24 11:24:35,653 [main] DEBUG org.springframework.beans.factory.support.DefaultListableBeanFactory- Creating shared instance of singleton bean 'burritoSvc'
2013-07-24 11:24:35,654 [main] DEBUG org.springframework.beans.factory.support.DefaultListableBeanFactory- Creating instance of bean 'burritoSvc'
2013-07-24 11:24:35,656 [main] DEBUG org.springframework.beans.factory.support.DefaultListableBeanFactory- Eagerly caching bean 'burritoSvc' to allow for resolving potential circular references
2013-07-24 11:24:35,656 [main] TRACE org.springframework.beans.CachedIntrospectionResults- Getting BeanInfo for class [com.burritopos.service.dao.mongo.BurritoSvcImpl]
2013-07-24 11:24:35,658 [main] TRACE org.springframework.beans.CachedIntrospectionResults- Caching PropertyDescriptors for class [com.burritopos.service.dao.mongo.BurritoSvcImpl]
2013-07-24 11:24:35,658 [main] TRACE org.springframework.beans.CachedIntrospectionResults- Found bean property 'class' of type [java.lang.Class]
2013-07-24 11:24:35,659 [main] DEBUG org.springframework.beans.factory.support.DefaultListableBeanFactory- Finished creating instance of bean 'burritoSvc'
2013-07-24 11:24:35,659 [main] DEBUG org.springframework.beans.factory.annotation.AutowiredAnnotationBeanPostProcessor- Autowiring by type from bean name 'burritoManager' to bean named 'burritoSvc'
2013-07-24 11:24:35,659 [main] DEBUG org.springframework.beans.factory.support.DefaultListableBeanFactory- Finished creating instance of bean 'burritoManager'
2013-07-24 11:24:35,659 [main] DEBUG org.springframework.beans.factory.support.DefaultListableBeanFactory- Creating shared instance of singleton bean 'inventoryManager'
2013-07-24 11:24:35,659 [main] DEBUG org.springframework.beans.factory.support.DefaultListableBeanFactory- Creating instance of bean 'inventoryManager'
2013-07-24 11:24:35,660 [main] DEBUG org.springframework.beans.factory.annotation.InjectionMetadata- Registered injected element on class [com.burritopos.business.InventoryManager]: AutowiredFieldElement for private com.burritopos.service.dao.IInventorySvc com.burritopos.business.InventoryManager.inventorySvc
2013-07-24 11:24:35,661 [main] DEBUG org.springframework.beans.factory.support.DefaultListableBeanFactory- Eagerly caching bean 'inventoryManager' to allow for resolving potential circular references
2013-07-24 11:24:35,661 [main] TRACE org.springframework.beans.CachedIntrospectionResults- Getting BeanInfo for class [com.burritopos.business.InventoryManager]
2013-07-24 11:24:35,664 [main] TRACE org.springframework.beans.CachedIntrospectionResults- Caching PropertyDescriptors for class [com.burritopos.business.InventoryManager]
2013-07-24 11:24:35,664 [main] TRACE org.springframework.beans.CachedIntrospectionResults- Found bean property 'class' of type [java.lang.Class]
2013-07-24 11:24:35,664 [main] DEBUG org.springframework.beans.factory.annotation.InjectionMetadata- Processing injected method of bean 'inventoryManager': AutowiredFieldElement for private com.burritopos.service.dao.IInventorySvc com.burritopos.business.InventoryManager.inventorySvc
2013-07-24 11:24:35,665 [main] DEBUG org.springframework.beans.factory.support.DefaultListableBeanFactory- Creating shared instance of singleton bean 'inventorySvc'
2013-07-24 11:24:35,665 [main] DEBUG org.springframework.beans.factory.support.DefaultListableBeanFactory- Creating instance of bean 'inventorySvc'
2013-07-24 11:24:35,666 [main] DEBUG org.springframework.beans.factory.support.DefaultListableBeanFactory- Eagerly caching bean 'inventorySvc' to allow for resolving potential circular references
2013-07-24 11:24:35,666 [main] TRACE org.springframework.beans.CachedIntrospectionResults- Getting BeanInfo for class [com.burritopos.service.dao.mongo.InventorySvcImpl]
2013-07-24 11:24:35,668 [main] TRACE org.springframework.beans.CachedIntrospectionResults- Caching PropertyDescriptors for class [com.burritopos.service.dao.mongo.InventorySvcImpl]
2013-07-24 11:24:35,669 [main] TRACE org.springframework.beans.CachedIntrospectionResults- Found bean property 'class' of type [java.lang.Class]
2013-07-24 11:24:35,669 [main] DEBUG org.springframework.beans.factory.support.DefaultListableBeanFactory- Finished creating instance of bean 'inventorySvc'
2013-07-24 11:24:35,669 [main] DEBUG org.springframework.beans.factory.annotation.AutowiredAnnotationBeanPostProcessor- Autowiring by type from bean name 'inventoryManager' to bean named 'inventorySvc'
2013-07-24 11:24:35,669 [main] DEBUG org.springframework.beans.factory.support.DefaultListableBeanFactory- Finished creating instance of bean 'inventoryManager'
2013-07-24 11:24:35,669 [main] DEBUG org.springframework.beans.factory.support.DefaultListableBeanFactory- Creating shared instance of singleton bean 'orderManager'
2013-07-24 11:24:35,669 [main] DEBUG org.springframework.beans.factory.support.DefaultListableBeanFactory- Creating instance of bean 'orderManager'
2013-07-24 11:24:35,670 [main] DEBUG org.springframework.beans.factory.annotation.InjectionMetadata- Registered injected element on class [com.burritopos.business.OrderManager]: AutowiredFieldElement for private com.burritopos.service.dao.IOrderSvc com.burritopos.business.OrderManager.orderSvc
2013-07-24 11:24:35,670 [main] DEBUG org.springframework.beans.factory.support.DefaultListableBeanFactory- Eagerly caching bean 'orderManager' to allow for resolving potential circular references
2013-07-24 11:24:35,671 [main] TRACE org.springframework.beans.CachedIntrospectionResults- Getting BeanInfo for class [com.burritopos.business.OrderManager]
2013-07-24 11:24:35,674 [main] TRACE org.springframework.beans.CachedIntrospectionResults- Caching PropertyDescriptors for class [com.burritopos.business.OrderManager]
2013-07-24 11:24:35,674 [main] TRACE org.springframework.beans.CachedIntrospectionResults- Found bean property 'class' of type [java.lang.Class]
2013-07-24 11:24:35,674 [main] TRACE org.springframework.beans.CachedIntrospectionResults- Found bean property 'orderHistories' of type [java.util.ArrayList]
2013-07-24 11:24:35,674 [main] DEBUG org.springframework.beans.factory.annotation.InjectionMetadata- Processing injected method of bean 'orderManager': AutowiredFieldElement for private com.burritopos.service.dao.IOrderSvc com.burritopos.business.OrderManager.orderSvc
2013-07-24 11:24:35,675 [main] DEBUG org.springframework.beans.factory.support.DefaultListableBeanFactory- Creating shared instance of singleton bean 'orderSvc'
2013-07-24 11:24:35,675 [main] DEBUG org.springframework.beans.factory.support.DefaultListableBeanFactory- Creating instance of bean 'orderSvc'
2013-07-24 11:24:35,676 [main] DEBUG org.springframework.beans.factory.support.DefaultListableBeanFactory- Eagerly caching bean 'orderSvc' to allow for resolving potential circular references
2013-07-24 11:24:35,676 [main] TRACE org.springframework.beans.CachedIntrospectionResults- Getting BeanInfo for class [com.burritopos.service.dao.mongo.OrderSvcImpl]
2013-07-24 11:24:35,678 [main] TRACE org.springframework.beans.CachedIntrospectionResults- Caching PropertyDescriptors for class [com.burritopos.service.dao.mongo.OrderSvcImpl]
2013-07-24 11:24:35,679 [main] TRACE org.springframework.beans.CachedIntrospectionResults- Found bean property 'allOrders' of type [java.util.ArrayList]
2013-07-24 11:24:35,679 [main] TRACE org.springframework.beans.CachedIntrospectionResults- Found bean property 'burritoSvc' of type [com.burritopos.service.dao.IBurritoSvc]
2013-07-24 11:24:35,679 [main] TRACE org.springframework.beans.CachedIntrospectionResults- Found bean property 'class' of type [java.lang.Class]
2013-07-24 11:24:35,679 [main] DEBUG org.springframework.beans.factory.support.DefaultListableBeanFactory- Returning cached instance of singleton bean 'burritoSvc'
2013-07-24 11:24:35,680 [main] DEBUG org.springframework.beans.factory.support.DefaultListableBeanFactory- Finished creating instance of bean 'orderSvc'
2013-07-24 11:24:35,680 [main] DEBUG org.springframework.beans.factory.annotation.AutowiredAnnotationBeanPostProcessor- Autowiring by type from bean name 'orderManager' to bean named 'orderSvc'
2013-07-24 11:24:35,680 [main] DEBUG org.springframework.beans.factory.support.DefaultListableBeanFactory- Finished creating instance of bean 'orderManager'
2013-07-24 11:24:35,680 [main] DEBUG org.springframework.beans.factory.support.DefaultListableBeanFactory- Creating shared instance of singleton bean 'authSvc'
2013-07-24 11:24:35,680 [main] DEBUG org.springframework.beans.factory.support.DefaultListableBeanFactory- Creating instance of bean 'authSvc'
2013-07-24 11:24:35,681 [main] DEBUG org.springframework.beans.factory.support.DefaultListableBeanFactory- Returning cached instance of singleton bean 'burritoposServerIP'
2013-07-24 11:24:35,681 [main] DEBUG org.springframework.beans.factory.support.DefaultListableBeanFactory- Returning cached instance of singleton bean 'burritoposServerPort'
2013-07-24 11:24:35,684 [main] DEBUG org.springframework.beans.factory.support.DefaultListableBeanFactory- Eagerly caching bean 'authSvc' to allow for resolving potential circular references
2013-07-24 11:24:35,684 [main] TRACE org.springframework.beans.CachedIntrospectionResults- Getting BeanInfo for class [com.burritopos.service.net.AuthenticationSvcSocketImpl]
2013-07-24 11:24:35,686 [main] TRACE org.springframework.beans.CachedIntrospectionResults- Caching PropertyDescriptors for class [com.burritopos.service.net.AuthenticationSvcSocketImpl]
2013-07-24 11:24:35,686 [main] TRACE org.springframework.beans.CachedIntrospectionResults- Found bean property 'class' of type [java.lang.Class]
2013-07-24 11:24:35,686 [main] DEBUG org.springframework.beans.factory.support.DefaultListableBeanFactory- Finished creating instance of bean 'authSvc'
2013-07-24 11:24:35,687 [main] DEBUG org.springframework.beans.factory.support.DefaultListableBeanFactory- Returning cached instance of singleton bean 'burritoSvc'
2013-07-24 11:24:35,687 [main] DEBUG org.springframework.beans.factory.support.DefaultListableBeanFactory- Creating shared instance of singleton bean 'customerSvc'
2013-07-24 11:24:35,687 [main] DEBUG org.springframework.beans.factory.support.DefaultListableBeanFactory- Creating instance of bean 'customerSvc'
2013-07-24 11:24:35,688 [main] DEBUG org.springframework.beans.factory.support.DefaultListableBeanFactory- Eagerly caching bean 'customerSvc' to allow for resolving potential circular references
2013-07-24 11:24:35,688 [main] TRACE org.springframework.beans.CachedIntrospectionResults- Getting BeanInfo for class [com.burritopos.service.dao.mongo.CustomerSvcImpl]
2013-07-24 11:24:35,690 [main] TRACE org.springframework.beans.CachedIntrospectionResults- Caching PropertyDescriptors for class [com.burritopos.service.dao.mongo.CustomerSvcImpl]
2013-07-24 11:24:35,690 [main] TRACE org.springframework.beans.CachedIntrospectionResults- Found bean property 'class' of type [java.lang.Class]
2013-07-24 11:24:35,691 [main] DEBUG org.springframework.beans.factory.support.DefaultListableBeanFactory- Finished creating instance of bean 'customerSvc'
2013-07-24 11:24:35,691 [main] DEBUG org.springframework.beans.factory.support.DefaultListableBeanFactory- Creating shared instance of singleton bean 'employeeSvc'
2013-07-24 11:24:35,691 [main] DEBUG org.springframework.beans.factory.support.DefaultListableBeanFactory- Creating instance of bean 'employeeSvc'
2013-07-24 11:24:35,691 [main] DEBUG org.springframework.beans.factory.support.DefaultListableBeanFactory- Eagerly caching bean 'employeeSvc' to allow for resolving potential circular references
2013-07-24 11:24:35,692 [main] TRACE org.springframework.beans.CachedIntrospectionResults- Getting BeanInfo for class [com.burritopos.service.dao.mongo.EmployeeSvcImpl]
2013-07-24 11:24:35,694 [main] TRACE org.springframework.beans.CachedIntrospectionResults- Caching PropertyDescriptors for class [com.burritopos.service.dao.mongo.EmployeeSvcImpl]
2013-07-24 11:24:35,694 [main] TRACE org.springframework.beans.CachedIntrospectionResults- Found bean property 'class' of type [java.lang.Class]
2013-07-24 11:24:35,694 [main] DEBUG org.springframework.beans.factory.support.DefaultListableBeanFactory- Finished creating instance of bean 'employeeSvc'
2013-07-24 11:24:35,694 [main] DEBUG org.springframework.beans.factory.support.DefaultListableBeanFactory- Returning cached instance of singleton bean 'inventorySvc'
2013-07-24 11:24:35,694 [main] DEBUG org.springframework.beans.factory.support.DefaultListableBeanFactory- Creating shared instance of singleton bean 'managerSvc'
2013-07-24 11:24:35,694 [main] DEBUG org.springframework.beans.factory.support.DefaultListableBeanFactory- Creating instance of bean 'managerSvc'
2013-07-24 11:24:35,695 [main] DEBUG org.springframework.beans.factory.support.DefaultListableBeanFactory- Eagerly caching bean 'managerSvc' to allow for resolving potential circular references
2013-07-24 11:24:35,695 [main] TRACE org.springframework.beans.CachedIntrospectionResults- Getting BeanInfo for class [com.burritopos.service.dao.mongo.ManagerSvcImpl]
2013-07-24 11:24:35,697 [main] TRACE org.springframework.beans.CachedIntrospectionResults- Caching PropertyDescriptors for class [com.burritopos.service.dao.mongo.ManagerSvcImpl]
2013-07-24 11:24:35,698 [main] TRACE org.springframework.beans.CachedIntrospectionResults- Found bean property 'class' of type [java.lang.Class]
2013-07-24 11:24:35,698 [main] DEBUG org.springframework.beans.factory.support.DefaultListableBeanFactory- Finished creating instance of bean 'managerSvc'
2013-07-24 11:24:35,698 [main] DEBUG org.springframework.beans.factory.support.DefaultListableBeanFactory- Returning cached instance of singleton bean 'orderSvc'
2013-07-24 11:24:35,698 [main] DEBUG org.springframework.beans.factory.support.DefaultListableBeanFactory- Creating shared instance of singleton bean 'burritoManagerTestCase'
2013-07-24 11:24:35,698 [main] DEBUG org.springframework.beans.factory.support.DefaultListableBeanFactory- Creating instance of bean 'burritoManagerTestCase'
2013-07-24 11:24:35,703 [main] DEBUG org.springframework.beans.factory.annotation.InjectionMetadata- Registered injected element on class [com.burritopos.business.test.BurritoManagerTestCase]: AutowiredFieldElement for private com.burritopos.business.BurritoManager com.burritopos.business.test.BurritoManagerTestCase.bManager
2013-07-24 11:24:35,703 [main] DEBUG org.springframework.beans.factory.support.DefaultListableBeanFactory- Eagerly caching bean 'burritoManagerTestCase' to allow for resolving potential circular references
2013-07-24 11:24:35,703 [main] TRACE org.springframework.beans.CachedIntrospectionResults- Getting BeanInfo for class [com.burritopos.business.test.BurritoManagerTestCase]
2013-07-24 11:24:35,706 [main] TRACE org.springframework.beans.CachedIntrospectionResults- Caching PropertyDescriptors for class [com.burritopos.business.test.BurritoManagerTestCase]
2013-07-24 11:24:35,707 [main] TRACE org.springframework.beans.CachedIntrospectionResults- Found bean property 'class' of type [java.lang.Class]
2013-07-24 11:24:35,707 [main] DEBUG org.springframework.beans.factory.annotation.InjectionMetadata- Processing injected method of bean 'burritoManagerTestCase': AutowiredFieldElement for private com.burritopos.business.BurritoManager com.burritopos.business.test.BurritoManagerTestCase.bManager
2013-07-24 11:24:35,707 [main] DEBUG org.springframework.beans.factory.support.DefaultListableBeanFactory- Returning cached instance of singleton bean 'burritoManager'
2013-07-24 11:24:35,708 [main] DEBUG org.springframework.beans.factory.annotation.AutowiredAnnotationBeanPostProcessor- Autowiring by type from bean name 'burritoManagerTestCase' to bean named 'burritoManager'
2013-07-24 11:24:35,708 [main] DEBUG org.springframework.beans.factory.support.DefaultListableBeanFactory- Finished creating instance of bean 'burritoManagerTestCase'
2013-07-24 11:24:35,708 [main] DEBUG org.springframework.beans.factory.support.DefaultListableBeanFactory- Creating shared instance of singleton bean 'inventoryManagerTestCase'
2013-07-24 11:24:35,708 [main] DEBUG org.springframework.beans.factory.support.DefaultListableBeanFactory- Creating instance of bean 'inventoryManagerTestCase'
2013-07-24 11:24:35,713 [main] DEBUG org.springframework.beans.factory.annotation.InjectionMetadata- Registered injected element on class [com.burritopos.business.test.InventoryManagerTestCase]: AutowiredFieldElement for private com.burritopos.business.InventoryManager com.burritopos.business.test.InventoryManagerTestCase.iManager
2013-07-24 11:24:35,713 [main] DEBUG org.springframework.beans.factory.annotation.InjectionMetadata- Registered injected element on class [com.burritopos.business.test.InventoryManagerTestCase]: AutowiredFieldElement for private com.burritopos.business.OrderManager com.burritopos.business.test.InventoryManagerTestCase.oManager
2013-07-24 11:24:35,713 [main] DEBUG org.springframework.beans.factory.support.DefaultListableBeanFactory- Eagerly caching bean 'inventoryManagerTestCase' to allow for resolving potential circular references
2013-07-24 11:24:35,713 [main] TRACE org.springframework.beans.CachedIntrospectionResults- Getting BeanInfo for class [com.burritopos.business.test.InventoryManagerTestCase]
2013-07-24 11:24:35,717 [main] TRACE org.springframework.beans.CachedIntrospectionResults- Caching PropertyDescriptors for class [com.burritopos.business.test.InventoryManagerTestCase]
2013-07-24 11:24:35,717 [main] TRACE org.springframework.beans.CachedIntrospectionResults- Found bean property 'class' of type [java.lang.Class]
2013-07-24 11:24:35,717 [main] DEBUG org.springframework.beans.factory.annotation.InjectionMetadata- Processing injected method of bean 'inventoryManagerTestCase': AutowiredFieldElement for private com.burritopos.business.InventoryManager com.burritopos.business.test.InventoryManagerTestCase.iManager
2013-07-24 11:24:35,718 [main] DEBUG org.springframework.beans.factory.support.DefaultListableBeanFactory- Returning cached instance of singleton bean 'inventoryManager'
2013-07-24 11:24:35,718 [main] DEBUG org.springframework.beans.factory.annotation.AutowiredAnnotationBeanPostProcessor- Autowiring by type from bean name 'inventoryManagerTestCase' to bean named 'inventoryManager'
2013-07-24 11:24:35,718 [main] DEBUG org.springframework.beans.factory.annotation.InjectionMetadata- Processing injected method of bean 'inventoryManagerTestCase': AutowiredFieldElement for private com.burritopos.business.OrderManager com.burritopos.business.test.InventoryManagerTestCase.oManager
2013-07-24 11:24:35,718 [main] DEBUG org.springframework.beans.factory.support.DefaultListableBeanFactory- Returning cached instance of singleton bean 'orderManager'
2013-07-24 11:24:35,719 [main] DEBUG org.springframework.beans.factory.annotation.AutowiredAnnotationBeanPostProcessor- Autowiring by type from bean name 'inventoryManagerTestCase' to bean named 'orderManager'
2013-07-24 11:24:35,719 [main] DEBUG org.springframework.beans.factory.support.DefaultListableBeanFactory- Finished creating instance of bean 'inventoryManagerTestCase'
2013-07-24 11:24:35,719 [main] DEBUG org.springframework.beans.factory.support.DefaultListableBeanFactory- Creating shared instance of singleton bean 'orderManagerTestCase'
2013-07-24 11:24:35,719 [main] DEBUG org.springframework.beans.factory.support.DefaultListableBeanFactory- Creating instance of bean 'orderManagerTestCase'
2013-07-24 11:24:35,725 [main] DEBUG org.springframework.beans.factory.annotation.InjectionMetadata- Registered injected element on class [com.burritopos.business.test.OrderManagerTestCase]: AutowiredFieldElement for private com.burritopos.business.OrderManager com.burritopos.business.test.OrderManagerTestCase.oManager
2013-07-24 11:24:35,725 [main] DEBUG org.springframework.beans.factory.support.DefaultListableBeanFactory- Eagerly caching bean 'orderManagerTestCase' to allow for resolving potential circular references
2013-07-24 11:24:35,726 [main] TRACE org.springframework.beans.CachedIntrospectionResults- Getting BeanInfo for class [com.burritopos.business.test.OrderManagerTestCase]
2013-07-24 11:24:35,729 [main] TRACE org.springframework.beans.CachedIntrospectionResults- Caching PropertyDescriptors for class [com.burritopos.business.test.OrderManagerTestCase]
2013-07-24 11:24:35,729 [main] TRACE org.springframework.beans.CachedIntrospectionResults- Found bean property 'class' of type [java.lang.Class]
2013-07-24 11:24:35,730 [main] DEBUG org.springframework.beans.factory.annotation.InjectionMetadata- Processing injected method of bean 'orderManagerTestCase': AutowiredFieldElement for private com.burritopos.business.OrderManager com.burritopos.business.test.OrderManagerTestCase.oManager
2013-07-24 11:24:35,730 [main] DEBUG org.springframework.beans.factory.support.DefaultListableBeanFactory- Returning cached instance of singleton bean 'orderManager'
2013-07-24 11:24:35,730 [main] DEBUG org.springframework.beans.factory.annotation.AutowiredAnnotationBeanPostProcessor- Autowiring by type from bean name 'orderManagerTestCase' to bean named 'orderManager'
2013-07-24 11:24:35,730 [main] DEBUG org.springframework.beans.factory.support.DefaultListableBeanFactory- Finished creating instance of bean 'orderManagerTestCase'
2013-07-24 11:24:35,730 [main] DEBUG org.springframework.beans.factory.support.DefaultListableBeanFactory- Creating shared instance of singleton bean 'burritoSvcTestCase'
2013-07-24 11:24:35,731 [main] DEBUG org.springframework.beans.factory.support.DefaultListableBeanFactory- Creating instance of bean 'burritoSvcTestCase'
2013-07-24 11:24:35,735 [main] DEBUG org.springframework.beans.factory.annotation.InjectionMetadata- Registered injected element on class [com.burritopos.service.test.BurritoSvcImplTestCase]: AutowiredFieldElement for private com.burritopos.service.dao.IBurritoSvc com.burritopos.service.test.BurritoSvcImplTestCase.ics
2013-07-24 11:24:35,735 [main] DEBUG org.springframework.beans.factory.support.DefaultListableBeanFactory- Eagerly caching bean 'burritoSvcTestCase' to allow for resolving potential circular references
2013-07-24 11:24:35,735 [main] TRACE org.springframework.beans.CachedIntrospectionResults- Getting BeanInfo for class [com.burritopos.service.test.BurritoSvcImplTestCase]
2013-07-24 11:24:35,738 [main] TRACE org.springframework.beans.CachedIntrospectionResults- Caching PropertyDescriptors for class [com.burritopos.service.test.BurritoSvcImplTestCase]
2013-07-24 11:24:35,738 [main] TRACE org.springframework.beans.CachedIntrospectionResults- Found bean property 'class' of type [java.lang.Class]
2013-07-24 11:24:35,738 [main] DEBUG org.springframework.beans.factory.annotation.InjectionMetadata- Processing injected method of bean 'burritoSvcTestCase': AutowiredFieldElement for private com.burritopos.service.dao.IBurritoSvc com.burritopos.service.test.BurritoSvcImplTestCase.ics
2013-07-24 11:24:35,739 [main] DEBUG org.springframework.beans.factory.support.DefaultListableBeanFactory- Returning cached instance of singleton bean 'burritoSvc'
2013-07-24 11:24:35,739 [main] DEBUG org.springframework.beans.factory.annotation.AutowiredAnnotationBeanPostProcessor- Autowiring by type from bean name 'burritoSvcTestCase' to bean named 'burritoSvc'
2013-07-24 11:24:35,739 [main] DEBUG org.springframework.beans.factory.support.DefaultListableBeanFactory- Finished creating instance of bean 'burritoSvcTestCase'
2013-07-24 11:24:35,739 [main] DEBUG org.springframework.beans.factory.support.DefaultListableBeanFactory- Creating shared instance of singleton bean 'customerSvcTestCase'
2013-07-24 11:24:35,739 [main] DEBUG org.springframework.beans.factory.support.DefaultListableBeanFactory- Creating instance of bean 'customerSvcTestCase'
2013-07-24 11:24:35,743 [main] DEBUG org.springframework.beans.factory.annotation.InjectionMetadata- Registered injected element on class [com.burritopos.service.test.CustomerSvcImplTestCase]: AutowiredFieldElement for private com.burritopos.service.dao.ICustomerSvc com.burritopos.service.test.CustomerSvcImplTestCase.ics
2013-07-24 11:24:35,743 [main] DEBUG org.springframework.beans.factory.support.DefaultListableBeanFactory- Eagerly caching bean 'customerSvcTestCase' to allow for resolving potential circular references
2013-07-24 11:24:35,744 [main] TRACE org.springframework.beans.CachedIntrospectionResults- Getting BeanInfo for class [com.burritopos.service.test.CustomerSvcImplTestCase]
2013-07-24 11:24:35,747 [main] TRACE org.springframework.beans.CachedIntrospectionResults- Caching PropertyDescriptors for class [com.burritopos.service.test.CustomerSvcImplTestCase]
2013-07-24 11:24:35,747 [main] TRACE org.springframework.beans.CachedIntrospectionResults- Found bean property 'class' of type [java.lang.Class]
2013-07-24 11:24:35,747 [main] DEBUG org.springframework.beans.factory.annotation.InjectionMetadata- Processing injected method of bean 'customerSvcTestCase': AutowiredFieldElement for private com.burritopos.service.dao.ICustomerSvc com.burritopos.service.test.CustomerSvcImplTestCase.ics
2013-07-24 11:24:35,748 [main] DEBUG org.springframework.beans.factory.support.DefaultListableBeanFactory- Returning cached instance of singleton bean 'customerSvc'
2013-07-24 11:24:35,748 [main] DEBUG org.springframework.beans.factory.annotation.AutowiredAnnotationBeanPostProcessor- Autowiring by type from bean name 'customerSvcTestCase' to bean named 'customerSvc'
2013-07-24 11:24:35,748 [main] DEBUG org.springframework.beans.factory.support.DefaultListableBeanFactory- Finished creating instance of bean 'customerSvcTestCase'
2013-07-24 11:24:35,748 [main] DEBUG org.springframework.beans.factory.support.DefaultListableBeanFactory- Creating shared instance of singleton bean 'employeeSvcTestCase'
2013-07-24 11:24:35,748 [main] DEBUG org.springframework.beans.factory.support.DefaultListableBeanFactory- Creating instance of bean 'employeeSvcTestCase'
2013-07-24 11:24:35,752 [main] DEBUG org.springframework.beans.factory.annotation.InjectionMetadata- Registered injected element on class [com.burritopos.service.test.EmployeeSvcImplTestCase]: AutowiredFieldElement for private com.burritopos.service.dao.IEmployeeSvc com.burritopos.service.test.EmployeeSvcImplTestCase.ics
2013-07-24 11:24:35,753 [main] DEBUG org.springframework.beans.factory.support.DefaultListableBeanFactory- Eagerly caching bean 'employeeSvcTestCase' to allow for resolving potential circular references
2013-07-24 11:24:35,753 [main] TRACE org.springframework.beans.CachedIntrospectionResults- Getting BeanInfo for class [com.burritopos.service.test.EmployeeSvcImplTestCase]
2013-07-24 11:24:35,756 [main] TRACE org.springframework.beans.CachedIntrospectionResults- Caching PropertyDescriptors for class [com.burritopos.service.test.EmployeeSvcImplTestCase]
2013-07-24 11:24:35,756 [main] TRACE org.springframework.beans.CachedIntrospectionResults- Found bean property 'class' of type [java.lang.Class]
2013-07-24 11:24:35,756 [main] DEBUG org.springframework.beans.factory.annotation.InjectionMetadata- Processing injected method of bean 'employeeSvcTestCase': AutowiredFieldElement for private com.burritopos.service.dao.IEmployeeSvc com.burritopos.service.test.EmployeeSvcImplTestCase.ics
2013-07-24 11:24:35,757 [main] DEBUG org.springframework.beans.factory.support.DefaultListableBeanFactory- Returning cached instance of singleton bean 'employeeSvc'
2013-07-24 11:24:35,757 [main] DEBUG org.springframework.beans.factory.annotation.AutowiredAnnotationBeanPostProcessor- Autowiring by type from bean name 'employeeSvcTestCase' to bean named 'employeeSvc'
2013-07-24 11:24:35,757 [main] DEBUG org.springframework.beans.factory.support.DefaultListableBeanFactory- Finished creating instance of bean 'employeeSvcTestCase'
2013-07-24 11:24:35,757 [main] DEBUG org.springframework.beans.factory.support.DefaultListableBeanFactory- Creating shared instance of singleton bean 'inventorySvcTestCase'
2013-07-24 11:24:35,758 [main] DEBUG org.springframework.beans.factory.support.DefaultListableBeanFactory- Creating instance of bean 'inventorySvcTestCase'
2013-07-24 11:24:35,763 [main] DEBUG org.springframework.beans.factory.annotation.InjectionMetadata- Registered injected element on class [com.burritopos.service.test.InventorySvcImplTestCase]: AutowiredFieldElement for private com.burritopos.service.dao.IInventorySvc com.burritopos.service.test.InventorySvcImplTestCase.ics
2013-07-24 11:24:35,763 [main] DEBUG org.springframework.beans.factory.support.DefaultListableBeanFactory- Eagerly caching bean 'inventorySvcTestCase' to allow for resolving potential circular references
2013-07-24 11:24:35,763 [main] TRACE org.springframework.beans.CachedIntrospectionResults- Getting BeanInfo for class [com.burritopos.service.test.InventorySvcImplTestCase]
2013-07-24 11:24:35,766 [main] TRACE org.springframework.beans.CachedIntrospectionResults- Caching PropertyDescriptors for class [com.burritopos.service.test.InventorySvcImplTestCase]
2013-07-24 11:24:35,767 [main] TRACE org.springframework.beans.CachedIntrospectionResults- Found bean property 'class' of type [java.lang.Class]
2013-07-24 11:24:35,767 [main] DEBUG org.springframework.beans.factory.annotation.InjectionMetadata- Processing injected method of bean 'inventorySvcTestCase': AutowiredFieldElement for private com.burritopos.service.dao.IInventorySvc com.burritopos.service.test.InventorySvcImplTestCase.ics
2013-07-24 11:24:35,767 [main] DEBUG org.springframework.beans.factory.support.DefaultListableBeanFactory- Returning cached instance of singleton bean 'inventorySvc'
2013-07-24 11:24:35,767 [main] DEBUG org.springframework.beans.factory.annotation.AutowiredAnnotationBeanPostProcessor- Autowiring by type from bean name 'inventorySvcTestCase' to bean named 'inventorySvc'
2013-07-24 11:24:35,767 [main] DEBUG org.springframework.beans.factory.support.DefaultListableBeanFactory- Finished creating instance of bean 'inventorySvcTestCase'
2013-07-24 11:24:35,768 [main] DEBUG org.springframework.beans.factory.support.DefaultListableBeanFactory- Creating shared instance of singleton bean 'managerSvcTestCase'
2013-07-24 11:24:35,768 [main] DEBUG org.springframework.beans.factory.support.DefaultListableBeanFactory- Creating instance of bean 'managerSvcTestCase'
2013-07-24 11:24:35,772 [main] DEBUG org.springframework.beans.factory.annotation.InjectionMetadata- Registered injected element on class [com.burritopos.service.test.ManagerSvcImplTestCase]: AutowiredFieldElement for private com.burritopos.service.dao.IManagerSvc com.burritopos.service.test.ManagerSvcImplTestCase.ics
2013-07-24 11:24:35,772 [main] DEBUG org.springframework.beans.factory.support.DefaultListableBeanFactory- Eagerly caching bean 'managerSvcTestCase' to allow for resolving potential circular references
2013-07-24 11:24:35,772 [main] TRACE org.springframework.beans.CachedIntrospectionResults- Getting BeanInfo for class [com.burritopos.service.test.ManagerSvcImplTestCase]
2013-07-24 11:24:35,775 [main] TRACE org.springframework.beans.CachedIntrospectionResults- Caching PropertyDescriptors for class [com.burritopos.service.test.ManagerSvcImplTestCase]
2013-07-24 11:24:35,775 [main] TRACE org.springframework.beans.CachedIntrospectionResults- Found bean property 'class' of type [java.lang.Class]
2013-07-24 11:24:35,775 [main] DEBUG org.springframework.beans.factory.annotation.InjectionMetadata- Processing injected method of bean 'managerSvcTestCase': AutowiredFieldElement for private com.burritopos.service.dao.IManagerSvc com.burritopos.service.test.ManagerSvcImplTestCase.ics
2013-07-24 11:24:35,776 [main] DEBUG org.springframework.beans.factory.support.DefaultListableBeanFactory- Returning cached instance of singleton bean 'managerSvc'
2013-07-24 11:24:35,776 [main] DEBUG org.springframework.beans.factory.annotation.AutowiredAnnotationBeanPostProcessor- Autowiring by type from bean name 'managerSvcTestCase' to bean named 'managerSvc'
2013-07-24 11:24:35,776 [main] DEBUG org.springframework.beans.factory.support.DefaultListableBeanFactory- Finished creating instance of bean 'managerSvcTestCase'
2013-07-24 11:24:35,776 [main] DEBUG org.springframework.beans.factory.support.DefaultListableBeanFactory- Creating shared instance of singleton bean 'orderSvcTestCase'
2013-07-24 11:24:35,776 [main] DEBUG org.springframework.beans.factory.support.DefaultListableBeanFactory- Creating instance of bean 'orderSvcTestCase'
2013-07-24 11:24:35,778 [main] DEBUG org.springframework.beans.factory.annotation.InjectionMetadata- Registered injected element on class [com.burritopos.service.test.OrderSvcImplTestCase]: AutowiredFieldElement for private com.burritopos.service.dao.IOrderSvc com.burritopos.service.test.OrderSvcImplTestCase.ics
2013-07-24 11:24:35,779 [main] DEBUG org.springframework.beans.factory.support.DefaultListableBeanFactory- Eagerly caching bean 'orderSvcTestCase' to allow for resolving potential circular references
2013-07-24 11:24:35,779 [main] TRACE org.springframework.beans.CachedIntrospectionResults- Getting BeanInfo for class [com.burritopos.service.test.OrderSvcImplTestCase]
2013-07-24 11:24:35,781 [main] TRACE org.springframework.beans.CachedIntrospectionResults- Caching PropertyDescriptors for class [com.burritopos.service.test.OrderSvcImplTestCase]
2013-07-24 11:24:35,781 [main] TRACE org.springframework.beans.CachedIntrospectionResults- Found bean property 'class' of type [java.lang.Class]
2013-07-24 11:24:35,781 [main] DEBUG org.springframework.beans.factory.annotation.InjectionMetadata- Processing injected method of bean 'orderSvcTestCase': AutowiredFieldElement for private com.burritopos.service.dao.IOrderSvc com.burritopos.service.test.OrderSvcImplTestCase.ics
2013-07-24 11:24:35,781 [main] DEBUG org.springframework.beans.factory.support.DefaultListableBeanFactory- Returning cached instance of singleton bean 'orderSvc'
2013-07-24 11:24:35,781 [main] DEBUG org.springframework.beans.factory.annotation.AutowiredAnnotationBeanPostProcessor- Autowiring by type from bean name 'orderSvcTestCase' to bean named 'orderSvc'
2013-07-24 11:24:35,781 [main] DEBUG org.springframework.beans.factory.support.DefaultListableBeanFactory- Finished creating instance of bean 'orderSvcTestCase'
2013-07-24 11:24:35,781 [main] DEBUG org.springframework.beans.factory.support.DefaultListableBeanFactory- Returning cached instance of singleton bean 'org.springframework.context.annotation.ConfigurationClassPostProcessor.importAwareProcessor'
2013-07-24 11:24:35,783 [main] DEBUG org.springframework.context.support.GenericApplicationContext- Unable to locate LifecycleProcessor with name 'lifecycleProcessor': using default [org.springframework.context.support.DefaultLifecycleProcessor@782831bc]
2013-07-24 11:24:35,783 [main] DEBUG org.springframework.beans.factory.support.DefaultListableBeanFactory- Returning cached instance of singleton bean 'lifecycleProcessor'
2013-07-24 11:24:35,784 [main] TRACE org.springframework.context.support.GenericApplicationContext- Publishing event in org.springframework.context.support.GenericApplicationContext@6e2ce07a: org.springframework.context.event.ContextRefreshedEvent[source=org.springframework.context.support.GenericApplicationContext@6e2ce07a: startup date [Wed Jul 24 11:24:32 AFT 2013]; root of context hierarchy]
2013-07-24 11:24:35,785 [main] TRACE org.springframework.core.env.PropertySourcesPropertyResolver- getProperty("spring.liveBeansView.mbeanDomain") (implicit targetType [String])
2013-07-24 11:24:35,785 [main] TRACE org.springframework.core.env.PropertySourcesPropertyResolver- getProperty("spring.liveBeansView.mbeanDomain", String)
2013-07-24 11:24:35,785 [main] DEBUG org.springframework.core.env.PropertySourcesPropertyResolver- Searching for key 'spring.liveBeansView.mbeanDomain' in [systemProperties]
2013-07-24 11:24:35,785 [main] DEBUG org.springframework.core.env.PropertySourcesPropertyResolver- Searching for key 'spring.liveBeansView.mbeanDomain' in [systemEnvironment]
2013-07-24 11:24:35,785 [main] TRACE org.springframework.core.env.SystemEnvironmentPropertySource- PropertySource [systemEnvironment] does not contain 'spring.liveBeansView.mbeanDomain'
2013-07-24 11:24:35,786 [main] TRACE org.springframework.core.env.SystemEnvironmentPropertySource- PropertySource [systemEnvironment] does not contain 'spring_liveBeansView_mbeanDomain'
2013-07-24 11:24:35,786 [main] TRACE org.springframework.core.env.SystemEnvironmentPropertySource- PropertySource [systemEnvironment] does not contain 'SPRING.LIVEBEANSVIEW.MBEANDOMAIN'
2013-07-24 11:24:35,786 [main] TRACE org.springframework.core.env.SystemEnvironmentPropertySource- PropertySource [systemEnvironment] does not contain 'SPRING_LIVEBEANSVIEW_MBEANDOMAIN'
2013-07-24 11:24:35,786 [main] DEBUG org.springframework.core.env.PropertySourcesPropertyResolver- Could not find key 'spring.liveBeansView.mbeanDomain' in any property source. Returning [null]
2013-07-24 11:24:35,786 [main] DEBUG org.springframework.test.context.CacheAwareContextLoaderDelegate- Storing ApplicationContext in cache under key [[MergedContextConfiguration@2d10fd3f testClass = InventoryManagerTestCase, locations = '{classpath:applicationContext.xml}', classes = '{}', contextInitializerClasses = '[]', activeProfiles = '{}', contextLoader = 'org.springframework.test.context.support.DelegatingSmartContextLoader', parent = [null]]].
2013-07-24 11:24:35,786 [main] DEBUG org.springframework.beans.factory.annotation.InjectionMetadata- Processing injected method of bean 'com.burritopos.business.test.InventoryManagerTestCase': AutowiredFieldElement for private com.burritopos.business.InventoryManager com.burritopos.business.test.InventoryManagerTestCase.iManager
2013-07-24 11:24:35,787 [main] DEBUG org.springframework.beans.factory.support.DefaultListableBeanFactory- Returning cached instance of singleton bean 'inventoryManager'
2013-07-24 11:24:35,787 [main] DEBUG org.springframework.beans.factory.annotation.InjectionMetadata- Processing injected method of bean 'com.burritopos.business.test.InventoryManagerTestCase': AutowiredFieldElement for private com.burritopos.business.OrderManager com.burritopos.business.test.InventoryManagerTestCase.oManager
2013-07-24 11:24:35,787 [main] DEBUG org.springframework.beans.factory.support.DefaultListableBeanFactory- Returning cached instance of singleton bean 'orderManager'
2013-07-24 11:24:35,788 [main] INFO  com.burritopos.test.BurritoPOSTestCase- *** Starting test: testRemoveFromInventoryInventoryBurrito() ***
2013-07-24 11:24:35,789 [main] TRACE org.springframework.test.context.TestContextManager- beforeTestMethod(): instance [com.burritopos.business.test.InventoryManagerTestCase@3a3a5631], method [public void com.burritopos.business.test.InventoryManagerTestCase.testRemoveFromInventoryInventoryBurrito() throws java.lang.Exception]
2013-07-24 11:24:35,790 [main] INFO  com.burritopos.test.BurritoPOSTestCase- *** Initializing common resources ***
2013-07-24 11:24:35,791 [main] TRACE com.burritopos.business.InventoryManager- Inventory validation: true
2013-07-24 11:24:35,791 [main] INFO  com.burritopos.service.dao.mongo.InventorySvcImpl- Entering method storeInventory | Inventory ID: 1
2013-07-24 11:24:35,927 [main] TRACE com.burritopos.service.dao.mongo.InventorySvcImpl- Finding if inventory exists
2013-07-24 11:24:35,942 [main] TRACE com.burritopos.service.dao.mongo.InventorySvcImpl- myDoc: null
2013-07-24 11:24:35,942 [main] TRACE com.burritopos.service.dao.mongo.InventorySvcImpl- Inserting Inventory
2013-07-24 11:24:35,944 [main] INFO  com.burritopos.service.dao.mongo.InventorySvcImpl- Entering method storeInventory | Inventory ID: 1
2013-07-24 11:24:35,944 [main] TRACE com.burritopos.service.dao.mongo.InventorySvcImpl- Finding if inventory exists
2013-07-24 11:24:35,952 [main] TRACE com.burritopos.service.dao.mongo.InventorySvcImpl- myDoc: { "_id" : { "$oid" : "51ef7a2bafd9bdf5b8d1160a"} , "id" : 1 , "beefQty" : 50 , "blackBeansQty" : 50 , "brownRiceQty" : 50 , "chickenQty" : 50 , "chiliTortillaQty" : 50 , "cucumberQty" : 50 , "flourTortillaQty" : 50 , "guacamoleQty" : 50 , "herbGarlicTortillaQty" : 50 , "hummusQty" : 50 , "jalapenoCheddarTortillaQty" : 50 , "jalapenosQty" : 50 , "lettuceQty" : 50 , "onionQty" : 50 , "pintoBeansQty" : 50 , "salsaPicoQty" : 50 , "salsaSpecialQty" : 50 , "salsaVerdeQty" : 50 , "tomatoBasilTortillaQty" : 50 , "tomatoesQty" : 50 , "wheatTortillaQty" : 50 , "whiteRiceQty" : 50}
2013-07-24 11:24:35,952 [main] TRACE com.burritopos.service.dao.mongo.InventorySvcImpl- Updating Inventory
2013-07-24 11:24:35,953 [main] TRACE com.burritopos.service.dao.mongo.InventorySvcImpl- Write Result: 1
2013-07-24 11:24:35,953 [main] INFO  com.burritopos.service.dao.mongo.InventorySvcImpl- Entering method deleteInventory | Inventory ID:1
2013-07-24 11:24:35,958 [main] TRACE com.burritopos.service.dao.mongo.InventorySvcImpl- Write Result: 1
2013-07-24 11:24:35,959 [main] INFO  com.burritopos.test.BurritoPOSTestCase- *** Cleaning up common resources ***
2013-07-24 11:24:35,959 [main] TRACE org.springframework.test.context.TestContextManager- afterTestMethod(): instance [com.burritopos.business.test.InventoryManagerTestCase@3a3a5631], method [public void com.burritopos.business.test.InventoryManagerTestCase.testRemoveFromInventoryInventoryBurrito() throws java.lang.Exception], exception [null]
2013-07-24 11:24:35,959 [main] DEBUG org.springframework.test.context.support.DirtiesContextTestExecutionListener- After test method: context [[TestContext@4bf0c8d4 testClass = InventoryManagerTestCase, testInstance = com.burritopos.business.test.InventoryManagerTestCase@3a3a5631, testMethod = testRemoveFromInventoryInventoryBurrito@InventoryManagerTestCase, testException = [null], mergedContextConfiguration = [MergedContextConfiguration@2d10fd3f testClass = InventoryManagerTestCase, locations = '{classpath:applicationContext.xml}', classes = '{}', contextInitializerClasses = '[]', activeProfiles = '{}', contextLoader = 'org.springframework.test.context.support.DelegatingSmartContextLoader', parent = [null]]]], class dirties context [false], class mode [null], method dirties context [false].
2013-07-24 11:24:35,960 [main] DEBUG org.springframework.test.annotation.ProfileValueUtils- Retrieved @ProfileValueSourceConfiguration [null] for test class [com.burritopos.business.test.InventoryManagerTestCase]
2013-07-24 11:24:35,960 [main] DEBUG org.springframework.test.annotation.ProfileValueUtils- Retrieved ProfileValueSource type [class org.springframework.test.annotation.SystemProfileValueSource] for class [com.burritopos.business.test.InventoryManagerTestCase]
2013-07-24 11:24:35,962 [main] TRACE org.springframework.test.context.TestContextManager- prepareTestInstance(): instance [com.burritopos.business.test.InventoryManagerTestCase@704cda78]
2013-07-24 11:24:35,962 [main] DEBUG org.springframework.test.context.support.DependencyInjectionTestExecutionListener- Performing dependency injection for test context [[TestContext@4bf0c8d4 testClass = InventoryManagerTestCase, testInstance = com.burritopos.business.test.InventoryManagerTestCase@704cda78, testMethod = [null], testException = [null], mergedContextConfiguration = [MergedContextConfiguration@2d10fd3f testClass = InventoryManagerTestCase, locations = '{classpath:applicationContext.xml}', classes = '{}', contextInitializerClasses = '[]', activeProfiles = '{}', contextLoader = 'org.springframework.test.context.support.DelegatingSmartContextLoader', parent = [null]]]].
2013-07-24 11:24:35,962 [main] DEBUG org.springframework.test.context.CacheAwareContextLoaderDelegate- Retrieved ApplicationContext from cache with key [[MergedContextConfiguration@2d10fd3f testClass = InventoryManagerTestCase, locations = '{classpath:applicationContext.xml}', classes = '{}', contextInitializerClasses = '[]', activeProfiles = '{}', contextLoader = 'org.springframework.test.context.support.DelegatingSmartContextLoader', parent = [null]]].
2013-07-24 11:24:35,962 [main] DEBUG org.springframework.beans.factory.annotation.InjectionMetadata- Processing injected method of bean 'com.burritopos.business.test.InventoryManagerTestCase': AutowiredFieldElement for private com.burritopos.business.InventoryManager com.burritopos.business.test.InventoryManagerTestCase.iManager
2013-07-24 11:24:35,962 [main] DEBUG org.springframework.beans.factory.support.DefaultListableBeanFactory- Returning cached instance of singleton bean 'inventoryManager'
2013-07-24 11:24:35,962 [main] DEBUG org.springframework.beans.factory.annotation.InjectionMetadata- Processing injected method of bean 'com.burritopos.business.test.InventoryManagerTestCase': AutowiredFieldElement for private com.burritopos.business.OrderManager com.burritopos.business.test.InventoryManagerTestCase.oManager
2013-07-24 11:24:35,962 [main] DEBUG org.springframework.beans.factory.support.DefaultListableBeanFactory- Returning cached instance of singleton bean 'orderManager'
2013-07-24 11:24:35,963 [main] INFO  com.burritopos.test.BurritoPOSTestCase- *** Starting test: testUpdateInventory() ***
2013-07-24 11:24:35,963 [main] TRACE org.springframework.test.context.TestContextManager- beforeTestMethod(): instance [com.burritopos.business.test.InventoryManagerTestCase@704cda78], method [public void com.burritopos.business.test.InventoryManagerTestCase.testUpdateInventory() throws java.lang.Exception]
2013-07-24 11:24:35,963 [main] INFO  com.burritopos.test.BurritoPOSTestCase- *** Initializing common resources ***
2013-07-24 11:24:35,963 [main] TRACE com.burritopos.business.InventoryManager- Inventory validation: true
2013-07-24 11:24:35,963 [main] INFO  com.burritopos.service.dao.mongo.InventorySvcImpl- Entering method storeInventory | Inventory ID: 1
2013-07-24 11:24:35,963 [main] TRACE com.burritopos.service.dao.mongo.InventorySvcImpl- Finding if inventory exists
2013-07-24 11:24:35,969 [main] TRACE com.burritopos.service.dao.mongo.InventorySvcImpl- myDoc: null
2013-07-24 11:24:35,969 [main] TRACE com.burritopos.service.dao.mongo.InventorySvcImpl- Inserting Inventory
2013-07-24 11:24:35,969 [main] INFO  com.burritopos.service.dao.mongo.InventorySvcImpl- Entering method storeInventory | Inventory ID: 1
2013-07-24 11:24:35,970 [main] TRACE com.burritopos.service.dao.mongo.InventorySvcImpl- Finding if inventory exists
2013-07-24 11:24:35,975 [main] TRACE com.burritopos.service.dao.mongo.InventorySvcImpl- myDoc: { "_id" : { "$oid" : "51ef7a2bafd9bdf5b8d1160b"} , "id" : 1 , "beefQty" : 50 , "blackBeansQty" : 50 , "brownRiceQty" : 50 , "chickenQty" : 50 , "chiliTortillaQty" : 50 , "cucumberQty" : 50 , "flourTortillaQty" : 50 , "guacamoleQty" : 50 , "herbGarlicTortillaQty" : 50 , "hummusQty" : 50 , "jalapenoCheddarTortillaQty" : 50 , "jalapenosQty" : 50 , "lettuceQty" : 50 , "onionQty" : 50 , "pintoBeansQty" : 50 , "salsaPicoQty" : 50 , "salsaSpecialQty" : 50 , "salsaVerdeQty" : 50 , "tomatoBasilTortillaQty" : 50 , "tomatoesQty" : 50 , "wheatTortillaQty" : 50 , "whiteRiceQty" : 50}
2013-07-24 11:24:35,975 [main] TRACE com.burritopos.service.dao.mongo.InventorySvcImpl- Updating Inventory
2013-07-24 11:24:35,976 [main] TRACE com.burritopos.service.dao.mongo.InventorySvcImpl- Write Result: 1
2013-07-24 11:24:35,976 [main] INFO  com.burritopos.service.dao.mongo.InventorySvcImpl- Entering method deleteInventory | Inventory ID:1
2013-07-24 11:24:35,981 [main] TRACE com.burritopos.service.dao.mongo.InventorySvcImpl- Write Result: 1
2013-07-24 11:24:35,981 [main] INFO  com.burritopos.test.BurritoPOSTestCase- *** Cleaning up common resources ***
2013-07-24 11:24:35,981 [main] TRACE org.springframework.test.context.TestContextManager- afterTestMethod(): instance [com.burritopos.business.test.InventoryManagerTestCase@704cda78], method [public void com.burritopos.business.test.InventoryManagerTestCase.testUpdateInventory() throws java.lang.Exception], exception [null]
2013-07-24 11:24:35,982 [main] DEBUG org.springframework.test.context.support.DirtiesContextTestExecutionListener- After test method: context [[TestContext@4bf0c8d4 testClass = InventoryManagerTestCase, testInstance = com.burritopos.business.test.InventoryManagerTestCase@704cda78, testMethod = testUpdateInventory@InventoryManagerTestCase, testException = [null], mergedContextConfiguration = [MergedContextConfiguration@2d10fd3f testClass = InventoryManagerTestCase, locations = '{classpath:applicationContext.xml}', classes = '{}', contextInitializerClasses = '[]', activeProfiles = '{}', contextLoader = 'org.springframework.test.context.support.DelegatingSmartContextLoader', parent = [null]]]], class dirties context [false], class mode [null], method dirties context [false].
2013-07-24 11:24:35,982 [main] DEBUG org.springframework.test.annotation.ProfileValueUtils- Retrieved @ProfileValueSourceConfiguration [null] for test class [com.burritopos.business.test.InventoryManagerTestCase]
2013-07-24 11:24:35,982 [main] DEBUG org.springframework.test.annotation.ProfileValueUtils- Retrieved ProfileValueSource type [class org.springframework.test.annotation.SystemProfileValueSource] for class [com.burritopos.business.test.InventoryManagerTestCase]
2013-07-24 11:24:35,984 [main] TRACE org.springframework.test.context.TestContextManager- prepareTestInstance(): instance [com.burritopos.business.test.InventoryManagerTestCase@38ba35f8]
2013-07-24 11:24:35,984 [main] DEBUG org.springframework.test.context.support.DependencyInjectionTestExecutionListener- Performing dependency injection for test context [[TestContext@4bf0c8d4 testClass = InventoryManagerTestCase, testInstance = com.burritopos.business.test.InventoryManagerTestCase@38ba35f8, testMethod = [null], testException = [null], mergedContextConfiguration = [MergedContextConfiguration@2d10fd3f testClass = InventoryManagerTestCase, locations = '{classpath:applicationContext.xml}', classes = '{}', contextInitializerClasses = '[]', activeProfiles = '{}', contextLoader = 'org.springframework.test.context.support.DelegatingSmartContextLoader', parent = [null]]]].
2013-07-24 11:24:35,984 [main] DEBUG org.springframework.test.context.CacheAwareContextLoaderDelegate- Retrieved ApplicationContext from cache with key [[MergedContextConfiguration@2d10fd3f testClass = InventoryManagerTestCase, locations = '{classpath:applicationContext.xml}', classes = '{}', contextInitializerClasses = '[]', activeProfiles = '{}', contextLoader = 'org.springframework.test.context.support.DelegatingSmartContextLoader', parent = [null]]].
2013-07-24 11:24:35,984 [main] DEBUG org.springframework.beans.factory.annotation.InjectionMetadata- Processing injected method of bean 'com.burritopos.business.test.InventoryManagerTestCase': AutowiredFieldElement for private com.burritopos.business.InventoryManager com.burritopos.business.test.InventoryManagerTestCase.iManager
2013-07-24 11:24:35,984 [main] DEBUG org.springframework.beans.factory.support.DefaultListableBeanFactory- Returning cached instance of singleton bean 'inventoryManager'
2013-07-24 11:24:35,984 [main] DEBUG org.springframework.beans.factory.annotation.InjectionMetadata- Processing injected method of bean 'com.burritopos.business.test.InventoryManagerTestCase': AutowiredFieldElement for private com.burritopos.business.OrderManager com.burritopos.business.test.InventoryManagerTestCase.oManager
2013-07-24 11:24:35,984 [main] DEBUG org.springframework.beans.factory.support.DefaultListableBeanFactory- Returning cached instance of singleton bean 'orderManager'
2013-07-24 11:24:35,985 [main] INFO  com.burritopos.test.BurritoPOSTestCase- *** Starting test: testReturnToInventoryInventoryBurrito() ***
2013-07-24 11:24:35,985 [main] TRACE org.springframework.test.context.TestContextManager- beforeTestMethod(): instance [com.burritopos.business.test.InventoryManagerTestCase@38ba35f8], method [public void com.burritopos.business.test.InventoryManagerTestCase.testReturnToInventoryInventoryBurrito() throws java.lang.Exception]
2013-07-24 11:24:35,985 [main] INFO  com.burritopos.test.BurritoPOSTestCase- *** Initializing common resources ***
2013-07-24 11:24:35,985 [main] TRACE com.burritopos.business.InventoryManager- Inventory validation: true
2013-07-24 11:24:35,985 [main] INFO  com.burritopos.service.dao.mongo.InventorySvcImpl- Entering method storeInventory | Inventory ID: 1
2013-07-24 11:24:35,985 [main] TRACE com.burritopos.service.dao.mongo.InventorySvcImpl- Finding if inventory exists
2013-07-24 11:24:35,990 [main] TRACE com.burritopos.service.dao.mongo.InventorySvcImpl- myDoc: null
2013-07-24 11:24:35,991 [main] TRACE com.burritopos.service.dao.mongo.InventorySvcImpl- Inserting Inventory
2013-07-24 11:24:35,991 [main] INFO  com.burritopos.service.dao.mongo.InventorySvcImpl- Entering method storeInventory | Inventory ID: 1
2013-07-24 11:24:35,992 [main] TRACE com.burritopos.service.dao.mongo.InventorySvcImpl- Finding if inventory exists
2013-07-24 11:24:35,997 [main] TRACE com.burritopos.service.dao.mongo.InventorySvcImpl- myDoc: { "_id" : { "$oid" : "51ef7a2bafd9bdf5b8d1160c"} , "id" : 1 , "beefQty" : 50 , "blackBeansQty" : 50 , "brownRiceQty" : 50 , "chickenQty" : 50 , "chiliTortillaQty" : 50 , "cucumberQty" : 50 , "flourTortillaQty" : 50 , "guacamoleQty" : 50 , "herbGarlicTortillaQty" : 50 , "hummusQty" : 50 , "jalapenoCheddarTortillaQty" : 50 , "jalapenosQty" : 50 , "lettuceQty" : 50 , "onionQty" : 50 , "pintoBeansQty" : 50 , "salsaPicoQty" : 50 , "salsaSpecialQty" : 50 , "salsaVerdeQty" : 50 , "tomatoBasilTortillaQty" : 50 , "tomatoesQty" : 50 , "wheatTortillaQty" : 50 , "whiteRiceQty" : 50}
2013-07-24 11:24:35,997 [main] TRACE com.burritopos.service.dao.mongo.InventorySvcImpl- Updating Inventory
2013-07-24 11:24:35,998 [main] TRACE com.burritopos.service.dao.mongo.InventorySvcImpl- Write Result: 1
2013-07-24 11:24:35,998 [main] INFO  com.burritopos.service.dao.mongo.InventorySvcImpl- Entering method deleteInventory | Inventory ID:1
2013-07-24 11:24:36,003 [main] TRACE com.burritopos.service.dao.mongo.InventorySvcImpl- Write Result: 1
2013-07-24 11:24:36,003 [main] INFO  com.burritopos.test.BurritoPOSTestCase- *** Cleaning up common resources ***
2013-07-24 11:24:36,003 [main] TRACE org.springframework.test.context.TestContextManager- afterTestMethod(): instance [com.burritopos.business.test.InventoryManagerTestCase@38ba35f8], method [public void com.burritopos.business.test.InventoryManagerTestCase.testReturnToInventoryInventoryBurrito() throws java.lang.Exception], exception [null]
2013-07-24 11:24:36,004 [main] DEBUG org.springframework.test.context.support.DirtiesContextTestExecutionListener- After test method: context [[TestContext@4bf0c8d4 testClass = InventoryManagerTestCase, testInstance = com.burritopos.business.test.InventoryManagerTestCase@38ba35f8, testMethod = testReturnToInventoryInventoryBurrito@InventoryManagerTestCase, testException = [null], mergedContextConfiguration = [MergedContextConfiguration@2d10fd3f testClass = InventoryManagerTestCase, locations = '{classpath:applicationContext.xml}', classes = '{}', contextInitializerClasses = '[]', activeProfiles = '{}', contextLoader = 'org.springframework.test.context.support.DelegatingSmartContextLoader', parent = [null]]]], class dirties context [false], class mode [null], method dirties context [false].
2013-07-24 11:24:36,004 [main] DEBUG org.springframework.test.annotation.ProfileValueUtils- Retrieved @ProfileValueSourceConfiguration [null] for test class [com.burritopos.business.test.InventoryManagerTestCase]
2013-07-24 11:24:36,004 [main] DEBUG org.springframework.test.annotation.ProfileValueUtils- Retrieved ProfileValueSource type [class org.springframework.test.annotation.SystemProfileValueSource] for class [com.burritopos.business.test.InventoryManagerTestCase]
2013-07-24 11:24:36,006 [main] TRACE org.springframework.test.context.TestContextManager- prepareTestInstance(): instance [com.burritopos.business.test.InventoryManagerTestCase@6fac978a]
2013-07-24 11:24:36,006 [main] DEBUG org.springframework.test.context.support.DependencyInjectionTestExecutionListener- Performing dependency injection for test context [[TestContext@4bf0c8d4 testClass = InventoryManagerTestCase, testInstance = com.burritopos.business.test.InventoryManagerTestCase@6fac978a, testMethod = [null], testException = [null], mergedContextConfiguration = [MergedContextConfiguration@2d10fd3f testClass = InventoryManagerTestCase, locations = '{classpath:applicationContext.xml}', classes = '{}', contextInitializerClasses = '[]', activeProfiles = '{}', contextLoader = 'org.springframework.test.context.support.DelegatingSmartContextLoader', parent = [null]]]].
2013-07-24 11:24:36,006 [main] DEBUG org.springframework.test.context.CacheAwareContextLoaderDelegate- Retrieved ApplicationContext from cache with key [[MergedContextConfiguration@2d10fd3f testClass = InventoryManagerTestCase, locations = '{classpath:applicationContext.xml}', classes = '{}', contextInitializerClasses = '[]', activeProfiles = '{}', contextLoader = 'org.springframework.test.context.support.DelegatingSmartContextLoader', parent = [null]]].
2013-07-24 11:24:36,006 [main] DEBUG org.springframework.beans.factory.annotation.InjectionMetadata- Processing injected method of bean 'com.burritopos.business.test.InventoryManagerTestCase': AutowiredFieldElement for private com.burritopos.business.InventoryManager com.burritopos.business.test.InventoryManagerTestCase.iManager
2013-07-24 11:24:36,006 [main] DEBUG org.springframework.beans.factory.support.DefaultListableBeanFactory- Returning cached instance of singleton bean 'inventoryManager'
2013-07-24 11:24:36,006 [main] DEBUG org.springframework.beans.factory.annotation.InjectionMetadata- Processing injected method of bean 'com.burritopos.business.test.InventoryManagerTestCase': AutowiredFieldElement for private com.burritopos.business.OrderManager com.burritopos.business.test.InventoryManagerTestCase.oManager
2013-07-24 11:24:36,006 [main] DEBUG org.springframework.beans.factory.support.DefaultListableBeanFactory- Returning cached instance of singleton bean 'orderManager'
2013-07-24 11:24:36,007 [main] INFO  com.burritopos.test.BurritoPOSTestCase- *** Starting test: testReturnToInventoryInventoryOrder() ***
2013-07-24 11:24:36,007 [main] TRACE org.springframework.test.context.TestContextManager- beforeTestMethod(): instance [com.burritopos.business.test.InventoryManagerTestCase@6fac978a], method [public void com.burritopos.business.test.InventoryManagerTestCase.testReturnToInventoryInventoryOrder() throws java.lang.Exception]
2013-07-24 11:24:36,007 [main] INFO  com.burritopos.test.BurritoPOSTestCase- *** Initializing common resources ***
2013-07-24 11:24:36,007 [main] TRACE com.burritopos.business.InventoryManager- Inventory validation: true
2013-07-24 11:24:36,007 [main] INFO  com.burritopos.service.dao.mongo.InventorySvcImpl- Entering method storeInventory | Inventory ID: 1
2013-07-24 11:24:36,007 [main] TRACE com.burritopos.service.dao.mongo.InventorySvcImpl- Finding if inventory exists
2013-07-24 11:24:36,013 [main] TRACE com.burritopos.service.dao.mongo.InventorySvcImpl- myDoc: null
2013-07-24 11:24:36,013 [main] TRACE com.burritopos.service.dao.mongo.InventorySvcImpl- Inserting Inventory
2013-07-24 11:24:36,013 [main] TRACE com.burritopos.domain.Order- [Order][Validate] | orderID: 1 | burritos: 0 | isSubmitted: false | isComplete: false | totalCost: 0.00 | orderDate: Wed Jul 24 11:24:36 AFT 2013
2013-07-24 11:24:36,014 [main] TRACE com.burritopos.domain.Order- [Order][Validate] | orderID: 1 | burritos: 1 | isSubmitted: false | isComplete: false | totalCost: 0.00 | orderDate: Wed Jul 24 11:24:36 AFT 2013
2013-07-24 11:24:36,014 [main] TRACE com.burritopos.domain.Order- [Order][Validate] | orderID: 1 | burritos: 2 | isSubmitted: false | isComplete: false | totalCost: 0.00 | orderDate: Wed Jul 24 11:24:36 AFT 2013
2013-07-24 11:24:36,014 [main] TRACE com.burritopos.domain.Order- [Order][Validate] | orderID: 1 | burritos: 3 | isSubmitted: false | isComplete: false | totalCost: 0.00 | orderDate: Wed Jul 24 11:24:36 AFT 2013
2013-07-24 11:24:36,014 [main] TRACE com.burritopos.domain.Order- [Order][Validate] | orderID: 1 | burritos: 4 | isSubmitted: false | isComplete: false | totalCost: 0.00 | orderDate: Wed Jul 24 11:24:36 AFT 2013
2013-07-24 11:24:36,014 [main] TRACE com.burritopos.domain.Order- [Order][Validate] | orderID: 1 | burritos: 5 | isSubmitted: false | isComplete: false | totalCost: 0.00 | orderDate: Wed Jul 24 11:24:36 AFT 2013
2013-07-24 11:24:36,014 [main] INFO  com.burritopos.service.dao.mongo.InventorySvcImpl- Entering method storeInventory | Inventory ID: 1
2013-07-24 11:24:36,015 [main] TRACE com.burritopos.service.dao.mongo.InventorySvcImpl- Finding if inventory exists
2013-07-24 11:24:36,020 [main] TRACE com.burritopos.service.dao.mongo.InventorySvcImpl- myDoc: { "_id" : { "$oid" : "51ef7a2cafd9bdf5b8d1160d"} , "id" : 1 , "beefQty" : 50 , "blackBeansQty" : 50 , "brownRiceQty" : 50 , "chickenQty" : 50 , "chiliTortillaQty" : 50 , "cucumberQty" : 50 , "flourTortillaQty" : 50 , "guacamoleQty" : 50 , "herbGarlicTortillaQty" : 50 , "hummusQty" : 50 , "jalapenoCheddarTortillaQty" : 50 , "jalapenosQty" : 50 , "lettuceQty" : 50 , "onionQty" : 50 , "pintoBeansQty" : 50 , "salsaPicoQty" : 50 , "salsaSpecialQty" : 50 , "salsaVerdeQty" : 50 , "tomatoBasilTortillaQty" : 50 , "tomatoesQty" : 50 , "wheatTortillaQty" : 50 , "whiteRiceQty" : 50}
2013-07-24 11:24:36,020 [main] TRACE com.burritopos.service.dao.mongo.InventorySvcImpl- Updating Inventory
2013-07-24 11:24:36,021 [main] TRACE com.burritopos.service.dao.mongo.InventorySvcImpl- Write Result: 1
2013-07-24 11:24:36,021 [main] INFO  com.burritopos.service.dao.mongo.InventorySvcImpl- Entering method deleteInventory | Inventory ID:1
2013-07-24 11:24:36,027 [main] TRACE com.burritopos.service.dao.mongo.InventorySvcImpl- Write Result: 1
2013-07-24 11:24:36,027 [main] INFO  com.burritopos.test.BurritoPOSTestCase- *** Cleaning up common resources ***
2013-07-24 11:24:36,027 [main] TRACE org.springframework.test.context.TestContextManager- afterTestMethod(): instance [com.burritopos.business.test.InventoryManagerTestCase@6fac978a], method [public void com.burritopos.business.test.InventoryManagerTestCase.testReturnToInventoryInventoryOrder() throws java.lang.Exception], exception [null]
2013-07-24 11:24:36,027 [main] DEBUG org.springframework.test.context.support.DirtiesContextTestExecutionListener- After test method: context [[TestContext@4bf0c8d4 testClass = InventoryManagerTestCase, testInstance = com.burritopos.business.test.InventoryManagerTestCase@6fac978a, testMethod = testReturnToInventoryInventoryOrder@InventoryManagerTestCase, testException = [null], mergedContextConfiguration = [MergedContextConfiguration@2d10fd3f testClass = InventoryManagerTestCase, locations = '{classpath:applicationContext.xml}', classes = '{}', contextInitializerClasses = '[]', activeProfiles = '{}', contextLoader = 'org.springframework.test.context.support.DelegatingSmartContextLoader', parent = [null]]]], class dirties context [false], class mode [null], method dirties context [false].
2013-07-24 11:24:36,028 [main] DEBUG org.springframework.test.annotation.ProfileValueUtils- Retrieved @ProfileValueSourceConfiguration [null] for test class [com.burritopos.business.test.InventoryManagerTestCase]
2013-07-24 11:24:36,028 [main] DEBUG org.springframework.test.annotation.ProfileValueUtils- Retrieved ProfileValueSource type [class org.springframework.test.annotation.SystemProfileValueSource] for class [com.burritopos.business.test.InventoryManagerTestCase]
2013-07-24 11:24:36,030 [main] TRACE org.springframework.test.context.TestContextManager- prepareTestInstance(): instance [com.burritopos.business.test.InventoryManagerTestCase@6323b2be]
2013-07-24 11:24:36,030 [main] DEBUG org.springframework.test.context.support.DependencyInjectionTestExecutionListener- Performing dependency injection for test context [[TestContext@4bf0c8d4 testClass = InventoryManagerTestCase, testInstance = com.burritopos.business.test.InventoryManagerTestCase@6323b2be, testMethod = [null], testException = [null], mergedContextConfiguration = [MergedContextConfiguration@2d10fd3f testClass = InventoryManagerTestCase, locations = '{classpath:applicationContext.xml}', classes = '{}', contextInitializerClasses = '[]', activeProfiles = '{}', contextLoader = 'org.springframework.test.context.support.DelegatingSmartContextLoader', parent = [null]]]].
2013-07-24 11:24:36,030 [main] DEBUG org.springframework.test.context.CacheAwareContextLoaderDelegate- Retrieved ApplicationContext from cache with key [[MergedContextConfiguration@2d10fd3f testClass = InventoryManagerTestCase, locations = '{classpath:applicationContext.xml}', classes = '{}', contextInitializerClasses = '[]', activeProfiles = '{}', contextLoader = 'org.springframework.test.context.support.DelegatingSmartContextLoader', parent = [null]]].
2013-07-24 11:24:36,030 [main] DEBUG org.springframework.beans.factory.annotation.InjectionMetadata- Processing injected method of bean 'com.burritopos.business.test.InventoryManagerTestCase': AutowiredFieldElement for private com.burritopos.business.InventoryManager com.burritopos.business.test.InventoryManagerTestCase.iManager
2013-07-24 11:24:36,030 [main] DEBUG org.springframework.beans.factory.support.DefaultListableBeanFactory- Returning cached instance of singleton bean 'inventoryManager'
2013-07-24 11:24:36,030 [main] DEBUG org.springframework.beans.factory.annotation.InjectionMetadata- Processing injected method of bean 'com.burritopos.business.test.InventoryManagerTestCase': AutowiredFieldElement for private com.burritopos.business.OrderManager com.burritopos.business.test.InventoryManagerTestCase.oManager
2013-07-24 11:24:36,030 [main] DEBUG org.springframework.beans.factory.support.DefaultListableBeanFactory- Returning cached instance of singleton bean 'orderManager'
2013-07-24 11:24:36,030 [main] INFO  com.burritopos.test.BurritoPOSTestCase- *** Starting test: testCreateInventory() ***
2013-07-24 11:24:36,031 [main] TRACE org.springframework.test.context.TestContextManager- beforeTestMethod(): instance [com.burritopos.business.test.InventoryManagerTestCase@6323b2be], method [public void com.burritopos.business.test.InventoryManagerTestCase.testCreateInventory() throws java.lang.Exception]
2013-07-24 11:24:36,031 [main] INFO  com.burritopos.test.BurritoPOSTestCase- *** Initializing common resources ***
2013-07-24 11:24:36,031 [main] TRACE com.burritopos.business.InventoryManager- Inventory validation: true
2013-07-24 11:24:36,031 [main] INFO  com.burritopos.service.dao.mongo.InventorySvcImpl- Entering method storeInventory | Inventory ID: 1
2013-07-24 11:24:36,031 [main] TRACE com.burritopos.service.dao.mongo.InventorySvcImpl- Finding if inventory exists
2013-07-24 11:24:36,036 [main] TRACE com.burritopos.service.dao.mongo.InventorySvcImpl- myDoc: null
2013-07-24 11:24:36,036 [main] TRACE com.burritopos.service.dao.mongo.InventorySvcImpl- Inserting Inventory
2013-07-24 11:24:36,037 [main] INFO  com.burritopos.service.dao.mongo.InventorySvcImpl- Entering method deleteInventory | Inventory ID:1
2013-07-24 11:24:36,042 [main] TRACE com.burritopos.service.dao.mongo.InventorySvcImpl- Write Result: 1
2013-07-24 11:24:36,042 [main] INFO  com.burritopos.test.BurritoPOSTestCase- *** Cleaning up common resources ***
2013-07-24 11:24:36,042 [main] TRACE org.springframework.test.context.TestContextManager- afterTestMethod(): instance [com.burritopos.business.test.InventoryManagerTestCase@6323b2be], method [public void com.burritopos.business.test.InventoryManagerTestCase.testCreateInventory() throws java.lang.Exception], exception [null]
2013-07-24 11:24:36,042 [main] DEBUG org.springframework.test.context.support.DirtiesContextTestExecutionListener- After test method: context [[TestContext@4bf0c8d4 testClass = InventoryManagerTestCase, testInstance = com.burritopos.business.test.InventoryManagerTestCase@6323b2be, testMethod = testCreateInventory@InventoryManagerTestCase, testException = [null], mergedContextConfiguration = [MergedContextConfiguration@2d10fd3f testClass = InventoryManagerTestCase, locations = '{classpath:applicationContext.xml}', classes = '{}', contextInitializerClasses = '[]', activeProfiles = '{}', contextLoader = 'org.springframework.test.context.support.DelegatingSmartContextLoader', parent = [null]]]], class dirties context [false], class mode [null], method dirties context [false].
2013-07-24 11:24:36,043 [main] DEBUG org.springframework.test.annotation.ProfileValueUtils- Retrieved @ProfileValueSourceConfiguration [null] for test class [com.burritopos.business.test.InventoryManagerTestCase]
2013-07-24 11:24:36,043 [main] DEBUG org.springframework.test.annotation.ProfileValueUtils- Retrieved ProfileValueSource type [class org.springframework.test.annotation.SystemProfileValueSource] for class [com.burritopos.business.test.InventoryManagerTestCase]
2013-07-24 11:24:36,045 [main] TRACE org.springframework.test.context.TestContextManager- prepareTestInstance(): instance [com.burritopos.business.test.InventoryManagerTestCase@19f76837]
2013-07-24 11:24:36,045 [main] DEBUG org.springframework.test.context.support.DependencyInjectionTestExecutionListener- Performing dependency injection for test context [[TestContext@4bf0c8d4 testClass = InventoryManagerTestCase, testInstance = com.burritopos.business.test.InventoryManagerTestCase@19f76837, testMethod = [null], testException = [null], mergedContextConfiguration = [MergedContextConfiguration@2d10fd3f testClass = InventoryManagerTestCase, locations = '{classpath:applicationContext.xml}', classes = '{}', contextInitializerClasses = '[]', activeProfiles = '{}', contextLoader = 'org.springframework.test.context.support.DelegatingSmartContextLoader', parent = [null]]]].
2013-07-24 11:24:36,045 [main] DEBUG org.springframework.test.context.CacheAwareContextLoaderDelegate- Retrieved ApplicationContext from cache with key [[MergedContextConfiguration@2d10fd3f testClass = InventoryManagerTestCase, locations = '{classpath:applicationContext.xml}', classes = '{}', contextInitializerClasses = '[]', activeProfiles = '{}', contextLoader = 'org.springframework.test.context.support.DelegatingSmartContextLoader', parent = [null]]].
2013-07-24 11:24:36,045 [main] DEBUG org.springframework.beans.factory.annotation.InjectionMetadata- Processing injected method of bean 'com.burritopos.business.test.InventoryManagerTestCase': AutowiredFieldElement for private com.burritopos.business.InventoryManager com.burritopos.business.test.InventoryManagerTestCase.iManager
2013-07-24 11:24:36,045 [main] DEBUG org.springframework.beans.factory.support.DefaultListableBeanFactory- Returning cached instance of singleton bean 'inventoryManager'
2013-07-24 11:24:36,045 [main] DEBUG org.springframework.beans.factory.annotation.InjectionMetadata- Processing injected method of bean 'com.burritopos.business.test.InventoryManagerTestCase': AutowiredFieldElement for private com.burritopos.business.OrderManager com.burritopos.business.test.InventoryManagerTestCase.oManager
2013-07-24 11:24:36,045 [main] DEBUG org.springframework.beans.factory.support.DefaultListableBeanFactory- Returning cached instance of singleton bean 'orderManager'
2013-07-24 11:24:36,046 [main] INFO  com.burritopos.test.BurritoPOSTestCase- *** Starting test: testRemoveFromInventoryInventoryOrder() ***
2013-07-24 11:24:36,046 [main] TRACE org.springframework.test.context.TestContextManager- beforeTestMethod(): instance [com.burritopos.business.test.InventoryManagerTestCase@19f76837], method [public void com.burritopos.business.test.InventoryManagerTestCase.testRemoveFromInventoryInventoryOrder() throws java.lang.Exception]
2013-07-24 11:24:36,046 [main] INFO  com.burritopos.test.BurritoPOSTestCase- *** Initializing common resources ***
2013-07-24 11:24:36,046 [main] TRACE com.burritopos.business.InventoryManager- Inventory validation: true
2013-07-24 11:24:36,046 [main] INFO  com.burritopos.service.dao.mongo.InventorySvcImpl- Entering method storeInventory | Inventory ID: 1
2013-07-24 11:24:36,046 [main] TRACE com.burritopos.service.dao.mongo.InventorySvcImpl- Finding if inventory exists
2013-07-24 11:24:36,051 [main] TRACE com.burritopos.service.dao.mongo.InventorySvcImpl- myDoc: null
2013-07-24 11:24:36,052 [main] TRACE com.burritopos.service.dao.mongo.InventorySvcImpl- Inserting Inventory
2013-07-24 11:24:36,052 [main] TRACE com.burritopos.domain.Order- [Order][Validate] | orderID: 1 | burritos: 0 | isSubmitted: false | isComplete: false | totalCost: 0.00 | orderDate: Wed Jul 24 11:24:36 AFT 2013
2013-07-24 11:24:36,052 [main] TRACE com.burritopos.domain.Order- [Order][Validate] | orderID: 1 | burritos: 1 | isSubmitted: false | isComplete: false | totalCost: 0.00 | orderDate: Wed Jul 24 11:24:36 AFT 2013
2013-07-24 11:24:36,052 [main] TRACE com.burritopos.domain.Order- [Order][Validate] | orderID: 1 | burritos: 2 | isSubmitted: false | isComplete: false | totalCost: 0.00 | orderDate: Wed Jul 24 11:24:36 AFT 2013
2013-07-24 11:24:36,052 [main] TRACE com.burritopos.domain.Order- [Order][Validate] | orderID: 1 | burritos: 3 | isSubmitted: false | isComplete: false | totalCost: 0.00 | orderDate: Wed Jul 24 11:24:36 AFT 2013
2013-07-24 11:24:36,052 [main] TRACE com.burritopos.domain.Order- [Order][Validate] | orderID: 1 | burritos: 4 | isSubmitted: false | isComplete: false | totalCost: 0.00 | orderDate: Wed Jul 24 11:24:36 AFT 2013
2013-07-24 11:24:36,053 [main] INFO  com.burritopos.service.dao.mongo.InventorySvcImpl- Entering method storeInventory | Inventory ID: 1
2013-07-24 11:24:36,053 [main] TRACE com.burritopos.service.dao.mongo.InventorySvcImpl- Finding if inventory exists
2013-07-24 11:24:36,058 [main] TRACE com.burritopos.service.dao.mongo.InventorySvcImpl- myDoc: { "_id" : { "$oid" : "51ef7a2cafd9bdf5b8d1160f"} , "id" : 1 , "beefQty" : 50 , "blackBeansQty" : 50 , "brownRiceQty" : 50 , "chickenQty" : 50 , "chiliTortillaQty" : 50 , "cucumberQty" : 50 , "flourTortillaQty" : 50 , "guacamoleQty" : 50 , "herbGarlicTortillaQty" : 50 , "hummusQty" : 50 , "jalapenoCheddarTortillaQty" : 50 , "jalapenosQty" : 50 , "lettuceQty" : 50 , "onionQty" : 50 , "pintoBeansQty" : 50 , "salsaPicoQty" : 50 , "salsaSpecialQty" : 50 , "salsaVerdeQty" : 50 , "tomatoBasilTortillaQty" : 50 , "tomatoesQty" : 50 , "wheatTortillaQty" : 50 , "whiteRiceQty" : 50}
2013-07-24 11:24:36,058 [main] TRACE com.burritopos.service.dao.mongo.InventorySvcImpl- Updating Inventory
2013-07-24 11:24:36,059 [main] TRACE com.burritopos.service.dao.mongo.InventorySvcImpl- Write Result: 1
2013-07-24 11:24:36,059 [main] INFO  com.burritopos.service.dao.mongo.InventorySvcImpl- Entering method deleteInventory | Inventory ID:1
2013-07-24 11:24:36,065 [main] TRACE com.burritopos.service.dao.mongo.InventorySvcImpl- Write Result: 1
2013-07-24 11:24:36,065 [main] INFO  com.burritopos.test.BurritoPOSTestCase- *** Cleaning up common resources ***
2013-07-24 11:24:36,065 [main] TRACE org.springframework.test.context.TestContextManager- afterTestMethod(): instance [com.burritopos.business.test.InventoryManagerTestCase@19f76837], method [public void com.burritopos.business.test.InventoryManagerTestCase.testRemoveFromInventoryInventoryOrder() throws java.lang.Exception], exception [null]
2013-07-24 11:24:36,065 [main] DEBUG org.springframework.test.context.support.DirtiesContextTestExecutionListener- After test method: context [[TestContext@4bf0c8d4 testClass = InventoryManagerTestCase, testInstance = com.burritopos.business.test.InventoryManagerTestCase@19f76837, testMethod = testRemoveFromInventoryInventoryOrder@InventoryManagerTestCase, testException = [null], mergedContextConfiguration = [MergedContextConfiguration@2d10fd3f testClass = InventoryManagerTestCase, locations = '{classpath:applicationContext.xml}', classes = '{}', contextInitializerClasses = '[]', activeProfiles = '{}', contextLoader = 'org.springframework.test.context.support.DelegatingSmartContextLoader', parent = [null]]]], class dirties context [false], class mode [null], method dirties context [false].
2013-07-24 11:24:36,065 [main] TRACE org.springframework.test.context.TestContextManager- afterTestClass(): class [class com.burritopos.business.test.InventoryManagerTestCase]
2013-07-24 11:24:36,065 [main] DEBUG org.springframework.test.context.support.DirtiesContextTestExecutionListener- After test class: context [[TestContext@4bf0c8d4 testClass = InventoryManagerTestCase, testInstance = [null], testMethod = [null], testException = [null], mergedContextConfiguration = [MergedContextConfiguration@2d10fd3f testClass = InventoryManagerTestCase, locations = '{classpath:applicationContext.xml}', classes = '{}', contextInitializerClasses = '[]', activeProfiles = '{}', contextLoader = 'org.springframework.test.context.support.DelegatingSmartContextLoader', parent = [null]]]], dirtiesContext [false].
]]></system-out>
  <system-err><![CDATA[log4j:WARN No appenders could be found for logger (org.springframework.test.context.junit4.SpringJUnit4ClassRunner).
log4j:WARN Please initialize the log4j system properly.
log4j:WARN See http://logging.apache.org/log4j/1.2/faq.html#noconfig for more info.
]]></system-err>
</testsuite>
